0 15 3333.000000 NaN
0 30 3333.000000 NaN
0 30 -10518.000000 NaN
1 31 -64589473.278209 NaN
2 31 -251813675.724463 NaN
3 32 -980517579.252309 NaN
4 32 -2374567251.512356 NaN
5 32 -3374542940.896610 NaN
6 33 -6828615751.074571 NaN
7 33 -8974878462.431213 NaN
8 33 -17030499484.626228 NaN
9 34 -21210349126.026073 NaN
10 34 -38957083145.020622 NaN
11 34 -47696550701.975349 NaN
12 35 -86421698987.633667 NaN
13 35 -105031400599.416626 NaN
14 35 -189168656378.725861 NaN
15 36 -229144516756.742493 NaN
16 36 -411585651980.939941 NaN
17 36 -497812972849.968018 NaN
18 37 -893053144438.327148 NaN
19 37 -1079401297552.233521 NaN
20 37 -1935288903740.591797 NaN
21 38 -2338369262561.955566 NaN
22 38 -4191423315690.700684 NaN
23 39 -5063665265937.133789 NaN
24 39 -9075291902384.369141 NaN
25 39 -10963130949287.810547 NaN
26 40 -19647433458204.800781 NaN
27 40 -23733742033708.921875 NaN
28 40 -42533015879652.812500 NaN
29 41 -51378365500169.781250 NaN
30 41 -65655895418752.164062 NaN
31 41 -41007094306307.140625 NaN
32 42 -22097853086541.468750 NaN
33 42 -17691920410698.636719 NaN
34 42 -9628942499328.425781 NaN
35 43 -8076954688272.298828 NaN
36 43 -5342679111869.145508 NaN
37 43 -4059984201312.250977 NaN
38 44 -2909646468754.709473 NaN
39 44 -2102833862545.499268 NaN
40 44 -1547549348741.048096 NaN
41 45 -1112511244167.652832 NaN
42 45 -844467293993.975098 NaN
43 45 -630588013998.503906 NaN
44 46 -451932396876.561340 NaN
45 46 -392510644042.706421 NaN
46 47 -299984724903.996826 NaN
47 47 -247829093790.625061 NaN
48 47 -222677574551.350342 NaN
49 48 -187272015579.307983 NaN
50 48 -155832062176.676849 NaN
51 48 -167931033965.404388 NaN
52 49 -160598909201.186066 NaN
53 49 -148745715270.051483 NaN
54 49 -165263191613.077087 NaN
55 50 -164056994712.954132 NaN
56 50 -195859066959.397552 NaN
57 50 -192060989659.764008 NaN
58 51 -210900839965.081329 NaN
59 51 -208933589373.960266 NaN
60 51 -196596810223.119690 NaN
61 52 -149620367332.878448 NaN
62 52 -120224230338.754349 NaN
63 52 -94588519635.109756 NaN
64 53 -83734538354.422745 NaN
65 53 -84152131168.480255 NaN
66 53 -86186632073.678299 NaN
67 54 -85460165568.848465 NaN
68 54 -90099747845.050964 NaN
69 54 -90902037414.710724 NaN
70 55 -92626429724.590790 NaN
71 55 -84141165728.659348 NaN
72 56 -87640012552.403885 NaN
73 56 -86783014960.642700 NaN
74 56 -83174498550.256943 NaN
75 57 -78710284571.203979 NaN
76 57 -78828065624.927612 NaN
77 57 -80338727370.318787 NaN
78 58 -83222963398.022354 NaN
79 58 -86732348325.262375 NaN
80 58 -87413637471.446793 NaN
81 59 -86288374712.063675 NaN
82 59 -82013548382.921921 NaN
83 59 -81572573254.852509 NaN
84 60 -78701639941.395187 NaN
85 60 -78503277687.426331 NaN
86 60 -75052482791.666412 NaN
87 61 -77013260882.083908 NaN
88 61 -76232036354.650146 NaN
89 61 -81651329203.187866 NaN
90 62 -75691765171.737839 NaN
91 62 -68701295755.491844 NaN
92 62 -63030986191.920601 NaN
93 63 -62838273035.176331 NaN
94 63 -61995967936.006668 NaN
95 64 -64605497305.970818 NaN
96 64 -64320228361.799210 NaN
97 64 -66285981744.177574 NaN
98 65 -65458156021.246078 NaN
99 65 -65682694439.335762 NaN
100 65 -64183446778.009117 NaN
101 66 -63739031402.312042 NaN
102 66 -61906901316.464500 NaN
103 66 -62697287715.802757 NaN
104 67 -63812684299.249153 NaN
105 67 -64774932119.040092 NaN
106 67 -64168636260.371880 NaN
107 68 -63031453606.755104 NaN
108 68 -62728294086.213821 NaN
109 68 -62836203989.749001 NaN
110 69 -61701804325.555344 NaN
111 69 -61706848724.927750 NaN
112 69 -62540119879.396301 NaN
113 70 -63555653226.123749 NaN
114 70 -63433255366.166122 NaN
115 70 -61913489033.802139 NaN
116 71 -61814125486.622719 NaN
117 71 -61400522034.361290 NaN
118 72 -61790089911.123901 NaN
119 72 -62906485946.630150 NaN
120 72 -59335369891.165375 NaN
121 73 -57288445497.368408 NaN
122 73 -55796535151.877457 NaN
123 73 -56715948733.755310 NaN
124 74 -56600215967.666817 NaN
125 74 -57075127779.542740 NaN
126 74 -56906405497.616936 NaN
127 75 -56582293112.691490 NaN
128 75 -56294652415.601326 NaN
129 75 -56658639234.349365 NaN
130 76 -56195843961.195251 NaN
131 76 -55827756973.935242 NaN
132 76 -55817175680.564262 NaN
133 77 -55719140576.189308 NaN
134 77 -56066746293.342903 NaN
135 78 -56364648178.226097 NaN
136 78 -56621295708.289185 NaN
137 78 -56220355917.471733 NaN
138 79 -56687485477.626595 NaN
139 79 -56301560981.061913 NaN
140 79 -55716831448.926964 NaN
141 80 -55616241708.087570 NaN
142 80 -55430996646.296066 NaN
143 80 -55408633955.769234 NaN
144 81 -55498896321.643784 NaN
145 81 -55869333413.329880 NaN
146 81 -56193888690.120132 NaN
147 82 -55941381026.999161 NaN
148 82 -56221016998.620453 NaN
149 82 -55744158321.790047 NaN
150 83 -53689845740.951973 NaN
151 83 -52947198373.793030 NaN
152 83 -53117166076.904884 NaN
153 84 -52970392655.139091 NaN
154 84 -53304683159.794830 NaN
155 84 -53139101935.862587 NaN
156 85 -53271406633.235710 NaN
157 85 -53081208497.047943 NaN
158 86 -53009110522.800064 NaN
159 86 -52779394170.861351 NaN
160 86 -52887415960.154099 NaN
161 87 -52812030469.463753 NaN
162 87 -53333580960.157433 NaN
163 87 -52935957468.745239 NaN
164 88 -53273563809.351166 NaN
165 88 -52606093164.642754 NaN
166 88 -52874227716.997002 NaN
167 89 -53070872818.452385 NaN
168 89 -52670790215.603226 NaN
169 89 -52896708189.636078 NaN
170 90 -52539447903.030716 NaN
