0 15 4206.000000 NaN
0 30 4206.000000 NaN
0 30 79.000000 NaN
1 30 -143673281.799057 NaN
2 30 -448885114.048298 NaN
3 30 -897198885.059390 NaN
4 30 -2043236866.522694 NaN
5 30 -3073744203.097155 NaN
6 31 -5433530082.883704 NaN
7 31 -7815574184.121818 NaN
8 31 -13194529114.781672 NaN
9 31 -18506322239.509785 NaN
10 31 -30405627289.220749 NaN
11 31 -42235599308.664680 NaN
12 31 -68412211999.840637 NaN
13 31 -93785487718.448166 NaN
14 31 -150359221867.601379 NaN
15 32 -203585440283.660065 NaN
16 32 -325422853705.663025 NaN
17 32 -444708454451.791565 NaN
18 32 -712360703374.938965 NaN
19 32 -967900169326.787109 NaN
20 32 -1534474014764.410156 NaN
21 32 -2083713040893.391846 NaN
22 32 -3340954128083.051270 NaN
23 32 -4528236756261.402344 NaN
24 33 -7244775669379.883789 NaN
25 33 -9835895099639.980469 NaN
26 33 -15584673407352.546875 NaN
27 33 -21154942123925.957031 NaN
28 33 -34013315482735.324219 NaN
29 33 -45930657421379.796875 NaN
30 33 -37072995391735.898438 NaN
31 33 -25523029195419.500000 NaN
32 33 -21192104737618.664062 NaN
33 34 -17128045258273.171875 NaN
34 34 -14060284299819.388672 NaN
35 34 -12289203313636.712891 NaN
36 34 -10553940497659.820312 NaN
37 34 -8820184509236.296875 NaN
38 34 -7487364689006.080078 NaN
39 34 -6566157574195.002930 NaN
40 34 -5794776903355.591797 NaN
41 34 -4940860244829.849609 NaN
42 35 -4332055283662.144531 NaN
43 35 -3792602981833.230469 NaN
44 35 -3435156037483.428223 NaN
45 35 -3176887684022.447754 NaN
46 35 -2833213905874.529785 NaN
47 35 -2717743936185.223633 NaN
48 35 -2423633416612.072754 NaN
49 35 -2342469992475.642578 NaN
50 35 -2022731099792.333984 NaN
51 36 -1932828003538.533447 NaN
52 36 -1856853453513.016846 NaN
53 36 -1761682269704.251953 NaN
54 36 -1620622057325.424316 NaN
55 36 -1516634459129.465332 NaN
56 36 -1523713188291.280762 NaN
57 36 -1442545492146.087158 NaN
58 36 -1440784902656.666504 NaN
59 37 -1363319360104.160400 NaN
60 37 -905803944703.865479 NaN
61 37 -750740270307.393433 NaN
62 37 -720134575689.299927 NaN
63 37 -671030867959.824219 NaN
64 37 -659788695554.949341 NaN
65 37 -635479594265.671143 NaN
66 37 -627319300225.515015 NaN
67 37 -613787018237.704712 NaN
68 38 -605185321735.528076 NaN
69 38 -602724141559.486450 NaN
70 38 -604222836065.182251 NaN
71 38 -571646945327.756348 NaN
72 38 -590386999684.002197 NaN
73 38 -573619823579.947144 NaN
74 38 -568332184030.588257 NaN
75 38 -554893153288.802490 NaN
76 38 -560567909639.001465 NaN
77 39 -549874644549.538330 NaN
78 39 -546740092954.117065 NaN
79 39 -531520728910.155701 NaN
80 39 -529216795508.421326 NaN
81 39 -529916698058.774841 NaN
82 39 -515447619116.127380 NaN
83 39 -517283429077.121582 NaN
84 39 -513852114990.147522 NaN
85 39 -506096371622.268982 NaN
86 40 -512138518101.372253 NaN
87 40 -503193651703.831116 NaN
88 40 -495191853997.114197 NaN
89 40 -498339317488.453491 NaN
90 40 -421080409636.386780 NaN
91 40 -398143174187.200684 NaN
92 40 -395756350538.348633 NaN
93 40 -388333392704.798279 NaN
94 40 -389743930124.393066 NaN
95 41 -385745771268.051941 NaN
96 41 -386001685239.424500 NaN
97 41 -381640420039.605469 NaN
98 41 -386638316628.956482 NaN
99 41 -378572445003.371399 NaN
100 41 -382921542885.430054 NaN
101 41 -375371017266.767151 NaN
102 41 -381673971896.390137 NaN
103 41 -370228587637.363220 NaN
104 42 -384353282872.473328 NaN
105 42 -366982397288.524109 NaN
106 42 -379236922497.973022 NaN
107 42 -366931924265.896545 NaN
108 42 -372112899697.458557 NaN
109 42 -368754148578.431396 NaN
110 42 -369122172919.633118 NaN
111 42 -370476921523.481201 NaN
112 43 -368525470378.268982 NaN
113 43 -367749705458.604797 NaN
114 43 -358603711562.833252 NaN
115 43 -369181514713.086243 NaN
116 43 -358933075932.374207 NaN
117 43 -361781557388.937744 NaN
118 43 -357398514061.942688 NaN
119 43 -362250433622.363342 NaN
120 43 -328274990268.007996 NaN
121 44 -330816809064.460632 NaN
122 44 -323120689333.661987 NaN
123 44 -326426117079.544800 NaN
124 44 -323160585176.057739 NaN
125 44 -325250065105.665161 NaN
126 44 -323109868008.243835 NaN
127 44 -321628118234.196716 NaN
128 44 -323399948887.008057 NaN
129 44 -321442217740.254517 NaN
130 45 -321786379676.710205 NaN
131 45 -318840328540.513611 NaN
132 45 -322137450020.469421 NaN
133 45 -317393984287.313538 NaN
134 45 -319402691211.894958 NaN
135 45 -317296535945.149719 NaN
136 45 -315761768229.054138 NaN
137 45 -320212601837.163452 NaN
138 46 -313685606229.084290 NaN
139 46 -320423916755.282959 NaN
140 46 -313274299253.573059 NaN
141 46 -321083639232.767639 NaN
142 46 -310857229418.612183 NaN
143 46 -321264017353.975891 NaN
144 46 -310783159068.422424 NaN
145 46 -320194228512.214050 NaN
146 46 -309880265978.400024 NaN
147 47 -318834497695.982056 NaN
148 47 -308977670504.834595 NaN
149 47 -318319768005.281799 NaN
150 47 -300774418560.902649 NaN
151 47 -300372229029.903564 NaN
152 47 -297604741530.094788 NaN
153 47 -299285111452.305359 NaN
154 47 -298076332035.923889 NaN
155 47 -297665456422.321045 NaN
156 48 -298704552156.476196 NaN
157 48 -296935670827.436951 NaN
158 48 -298349097069.559143 NaN
159 48 -296340940894.500793 NaN
160 48 -298421538122.843750 NaN
161 48 -295619777610.216797 NaN
162 48 -298772580041.481750 NaN
163 48 -294151121367.114441 NaN
164 48 -299153588089.357361 NaN
165 49 -294723176979.439697 NaN
166 49 -298172736311.167969 NaN
167 49 -293548044001.115601 NaN
168 49 -297054403705.490723 NaN
169 49 -293888434395.271362 NaN
170 49 -296528202815.549561 NaN
171 49 -294203076066.277161 NaN
172 49 -295361534460.659912 NaN
173 49 -294247404954.222900 NaN
174 50 -295267157812.390625 NaN
175 50 -294276394663.336548 NaN
176 50 -293352711771.882751 NaN
177 50 -295739007417.950317 NaN
178 50 -292642684868.128357 NaN
179 50 -295356681907.666443 NaN
