0 15 10176.000000 NaN
0 30 10176.000000 NaN
0 30 7678.000000 NaN
1 30 -221349216.728654 NaN
2 31 -497970080.334851 NaN
3 31 -737136817.639244 NaN
4 31 -1125371950.730360 NaN
5 31 -1093056724.940057 NaN
6 32 -990154378.448945 NaN
7 32 -271434869.543736 NaN
8 32 282973972.032845 NaN
9 32 638089948.073055 NaN
10 32 343110104.287107 NaN
11 33 793498329.317797 NaN
12 33 85133488.040186 NaN
13 33 944923648.184275 NaN
14 33 -121862686.752304 NaN
15 34 971343519.028845 NaN
16 34 -114244665.524482 NaN
17 34 1015154109.820817 NaN
18 34 -175391845.266223 NaN
19 34 1016324090.753176 NaN
20 35 -189243198.865626 NaN
21 35 1009382197.506797 NaN
22 35 -242765547.588846 NaN
23 35 1085027039.551607 NaN
24 36 -388252466.269657 NaN
25 36 1132987466.248667 NaN
26 36 -358358643.770794 NaN
27 36 1134655505.924937 NaN
28 36 -417985092.829441 NaN
29 37 1208776886.745427 NaN
30 37 -544147463.627706 NaN
31 37 1152757270.580875 NaN
32 37 -431775717.153359 NaN
33 38 1269875241.900723 NaN
34 38 -702305724.963089 NaN
35 38 1318764600.980788 NaN
36 38 -709239663.442333 NaN
37 39 1255317533.725749 NaN
38 39 -566790235.534787 NaN
39 39 1335133256.888227 NaN
40 39 -803199435.999642 NaN
41 39 1556019206.487881 NaN
42 40 -1056803831.874672 NaN
43 40 1258402336.979121 NaN
44 40 -545400171.396108 NaN
45 40 1441729375.593193 NaN
46 41 -1048913353.816485 NaN
47 41 1697972355.073377 NaN
48 41 -1229609096.928435 NaN
49 41 1418803974.481703 NaN
50 41 -851855566.714591 NaN
51 42 1655117430.864651 NaN
52 42 -1325154213.068024 NaN
53 42 1870314637.045900 NaN
54 42 -1582465445.237880 NaN
55 43 1429842759.468342 NaN
56 43 -786139265.495060 NaN
57 43 1792520290.993842 NaN
58 43 -1624299074.220644 NaN
59 43 2050252627.852596 NaN
60 44 -1664419596.734956 NaN
61 44 1733022245.587808 NaN
62 44 -1365619810.342738 NaN
63 44 2003165979.969033 NaN
64 45 -2038852827.355500 NaN
65 45 2223784627.332074 NaN
66 45 -1847789149.859494 NaN
67 45 1959125030.258448 NaN
68 45 -1761698580.724366 NaN
69 46 2355783358.452965 NaN
70 46 -2358672843.331734 NaN
71 46 2139796620.513435 NaN
72 46 -1971998150.616797 NaN
73 47 2365926746.123533 NaN
74 47 -2429869013.536897 NaN
75 47 2592945200.970629 NaN
76 47 -2698551558.930173 NaN
77 48 2200406739.596501 NaN
78 48 -2066293510.621690 NaN
79 48 2919809436.416608 NaN
80 48 -3294269764.647403 NaN
81 48 2664643484.165790 NaN
82 49 -2767206251.459407 NaN
83 49 2521640240.612906 NaN
84 49 -2485619010.537414 NaN
85 49 3108673681.460487 NaN
86 50 -3872242400.655884 NaN
87 50 3164586212.130037 NaN
88 50 -3042763958.969981 NaN
89 50 2955672019.124444 NaN
90 50 -3285022789.192724 NaN
91 51 3351759987.724306 NaN
92 51 -4061912418.330993 NaN
93 51 3005235290.049471 NaN
94 51 -3320483269.670276 NaN
95 52 3689132305.045592 NaN
96 52 -4720243939.382957 NaN
97 52 3841593153.295009 NaN
98 52 -4189013160.562970 NaN
99 52 3444329158.715394 NaN
100 53 -4267685409.964395 NaN
101 53 4251703811.801579 NaN
102 53 -5553649988.026610 NaN
103 53 3831969767.199588 NaN
104 54 -4145545755.154154 NaN
105 54 3971416524.793821 NaN
106 54 -5177993422.958327 NaN
107 54 4739552308.195877 NaN
108 54 -5826204667.756970 NaN
109 55 4143574638.713930 NaN
110 55 -5356079269.604894 NaN
111 55 5288133032.858405 NaN
112 55 -7161575296.946334 NaN
113 56 4967795626.918733 NaN
114 56 -5805901328.113560 NaN
115 56 4675370006.665506 NaN
116 56 -6272127520.749513 NaN
117 57 5788219354.757372 NaN
118 57 -7912931227.686089 NaN
119 57 5040238454.163128 NaN
120 57 -5787108221.095788 NaN
121 57 5866420906.623091 NaN
122 58 -8594659912.697098 NaN
123 58 6576997862.586514 NaN
124 58 -8191515293.314271 NaN
125 58 5713783446.477386 NaN
126 59 -7200204562.799184 NaN
127 59 7008829315.940015 NaN
128 59 -10729721564.253107 NaN
129 59 6484009666.964426 NaN
130 59 -7255470774.189262 NaN
131 60 6822017452.498164 NaN
132 60 -10008742280.280266 NaN
133 60 8055019137.317035 NaN
134 60 -9686499543.978434 NaN
135 61 6795752196.062956 NaN
136 61 -10334704613.810089 NaN
137 61 8897458012.736225 NaN
138 61 -13052592527.876053 NaN
139 61 7381658781.308877 NaN
140 62 -9048008773.487459 NaN
141 62 8815698027.722296 NaN
142 62 -13644729188.266727 NaN
143 62 9564584824.431406 NaN
144 63 -12397840359.502110 NaN
145 63 8317893689.860114 NaN
146 63 -11538045442.947073 NaN
147 63 10345227047.489244 NaN
148 63 -16180711296.172592 NaN
149 64 9440711575.386183 NaN
150 64 -12624406191.360933 NaN
151 64 11245978680.801937 NaN
152 64 -15824384936.228588 NaN
153 65 10766230080.415434 NaN
154 65 -15857863198.450546 NaN
155 65 10470495955.110714 NaN
156 65 -16196566763.987753 NaN
157 66 13646892589.205530 NaN
158 66 -19746004098.196671 NaN
159 66 12022095699.203417 NaN
160 66 -15910295062.535444 NaN
161 66 13299199273.575502 NaN
162 67 -20571263576.679043 NaN
163 67 13575488203.712114 NaN
164 67 -20212303399.532715 NaN
165 67 13203023465.707075 NaN
166 68 -18407328589.155235 NaN
167 68 15256751917.546396 NaN
168 68 -23975892902.418285 NaN
169 68 16414709106.064791 NaN
170 68 -24351192106.897419 NaN
171 69 15252534442.889221 NaN
172 69 -19860027655.384659 NaN
173 69 16868372851.597317 NaN
174 69 -27637339486.102043 NaN
175 70 19932406655.820564 NaN
176 70 -25975273691.488548 NaN
177 70 16279310445.047024 NaN
178 70 -23612945918.736679 NaN
179 70 19604376898.930435 NaN
180 71 -32606491940.277367 NaN
181 71 19297747577.579082 NaN
182 71 -25576861277.744831 NaN
183 71 20289135887.939789 NaN
184 72 -30856567057.243855 NaN
185 72 22665641744.096092 NaN
186 72 -34953614799.063568 NaN
187 72 19437350455.681564 NaN
188 72 -28958360480.021019 NaN
189 73 25774020150.450474 NaN
190 73 -41019184950.356758 NaN
191 73 27713235983.218479 NaN
192 73 -34803229689.946320 NaN
193 74 21597656009.436726 NaN
194 74 -34586956785.231445 NaN
195 74 28013788279.960739 NaN
196 74 -45902214508.341866 NaN
197 75 25126566659.426353 NaN
198 75 -33271366963.031071 NaN
199 75 29138718976.616371 NaN
200 75 -48119722706.699226 NaN
201 75 34060577149.418003 NaN
202 76 -45780743009.354469 NaN
203 76 26013734817.682743 NaN
204 76 -41408425271.201904 NaN
205 76 37117914202.749352 NaN
206 77 -59660404222.430580 NaN
207 77 31996435031.974747 NaN
208 77 -43036766563.120262 NaN
209 77 35022102894.578056 NaN
210 77 -56624568551.584236 NaN
211 78 37863979581.123283 NaN
212 78 -56821254858.922295 NaN
213 78 37428881935.610283 NaN
214 78 -56470834558.606750 NaN
215 79 45833168907.114639 NaN
216 79 -74655909026.927780 NaN
217 79 35990344494.822578 NaN
218 79 -48297384284.867439 NaN
219 79 46151932752.191856 NaN
220 80 -75666346692.933853 NaN
221 80 43893159433.509392 NaN
222 80 -60971691315.485115 NaN
223 80 49018445429.102562 NaN
224 81 -79325736357.202164 NaN
225 81 50924902254.627007 NaN
226 81 -76657359790.788910 NaN
227 81 50022338201.317146 NaN
228 82 -74982158362.389481 NaN
229 82 58416663683.191353 NaN
230 82 -98958319772.750809 NaN
231 82 52550915669.206673 NaN
232 82 -73637940983.306961 NaN
233 83 64856890126.967613 NaN
234 83 -99399010501.421051 NaN
235 83 59412334508.112923 NaN
236 83 -90109166520.472137 NaN
237 84 59753519346.628258 NaN
238 84 -100295492216.377304 NaN
239 84 79604750852.321411 NaN
240 84 -120600501782.502548 NaN
241 84 64073532022.788475 NaN
242 85 -91313568473.049011 NaN
243 85 72337928055.046585 NaN
244 85 -122772096230.215973 NaN
245 85 86754534201.744812 NaN
246 86 -123161474877.324020 NaN
247 86 70252627720.651367 NaN
248 86 -106715380048.668716 NaN
249 86 90156922420.891800 NaN
250 86 -154562237530.511383 NaN
251 87 87607206456.679398 NaN
252 87 -124414642048.438141 NaN
253 87 92068081499.263351 NaN
254 87 -134567035364.211823 NaN
255 88 99782589949.169022 NaN
256 88 -168914027723.845520 NaN
257 88 95489858600.467377 NaN
258 88 -132787293575.346344 NaN
259 88 105530399542.030960 NaN
260 89 -170329501901.174225 NaN
261 89 118177514147.587357 NaN
262 89 -171815506468.686646 NaN
263 89 95611683814.973892 NaN
264 90 -157882329902.369751 NaN
