0 15 14649.000000 NaN
0 30 14649.000000 NaN
0 33 -15403.000000 NaN
1 35 -107578598.732062 NaN
2 37 -424024590.605129 NaN
3 38 -691848362.056034 NaN
4 40 -1427025208.948428 NaN
5 42 -2213412070.551784 NaN
6 43 -4733516463.792035 NaN
7 45 -6255763086.227194 NaN
8 47 -11644901871.402105 NaN
9 48 -13478243606.102093 NaN
10 50 -24484069158.752853 NaN
11 52 -28634433180.493294 NaN
12 53 -49153025101.511543 NaN
13 55 -58175559171.749001 NaN
14 56 -100742467185.282745 NaN
15 58 -119087120688.709915 NaN
16 60 -194833861334.397644 NaN
17 61 -243795268182.308838 NaN
18 63 -391808834743.625793 NaN
19 65 -475666078512.249817 NaN
20 66 -781051522034.815308 NaN
21 68 -1001627394497.074219 NaN
22 70 -1604847268049.436279 NaN
23 71 -2005314706974.881104 NaN
24 73 -3165777299050.193359 NaN
25 75 -4037933088661.454102 NaN
26 76 -6555751047082.617188 NaN
27 78 -8197118043760.547852 NaN
28 79 -12988528790728.523438 NaN
29 81 -15742134249148.183594 NaN
30 83 -17564696959937.271484 NaN
31 84 -15280375183936.839844 NaN
32 86 -5156927521571.529297 NaN
33 88 -4650728179262.322266 NaN
34 89 -3764809015284.673340 NaN
35 91 -1876697105435.706299 NaN
