0 15 13263.000000 NaN
0 30 13263.000000 NaN
0 32 -4090.000000 NaN
1 33 -150570929.564097 NaN
2 34 -465129358.391305 NaN
3 35 -790591514.957835 NaN
4 36 -1809701414.084034 NaN
5 37 -2930590968.867648 NaN
6 38 -5609790017.395132 NaN
7 39 -8248411742.895385 NaN
8 40 -14293947891.237644 NaN
9 41 -20022672611.013420 NaN
10 42 -33658072183.465122 NaN
11 43 -46162331955.901207 NaN
12 44 -75810252220.588699 NaN
13 45 -103861202886.508926 NaN
14 46 -169988498887.823059 NaN
15 47 -230747392929.191132 NaN
16 48 -375419274173.497253 NaN
17 49 -508957203366.661682 NaN
18 50 -835186486549.065430 NaN
19 51 -1123090157865.120361 NaN
20 52 -1822331712845.631592 NaN
21 53 -2476304245352.922852 NaN
22 54 -4037186956958.285645 NaN
23 55 -5477205399746.926758 NaN
24 56 -8919220526540.359375 NaN
25 57 -12012740232752.724609 NaN
26 58 -19637121743597.703125 NaN
27 59 -26568804040034.257812 NaN
28 60 -42921207539993.984375 NaN
29 61 -58181514388605.648438 NaN
30 62 -56563578789515.484375 NaN
31 63 -42876694799903.226562 NaN
32 64 -29226857358538.464844 NaN
33 65 -24229570215850.273438 NaN
34 66 -18372125884484.972656 NaN
35 67 -12638293792266.050781 NaN
36 68 -10277965307908.865234 NaN
37 69 -7549637688185.750977 NaN
38 70 -5654865118240.397461 NaN
39 71 -4278505829867.542969 NaN
40 72 -3140689071271.726562 NaN
41 73 -2512079028003.525391 NaN
42 74 -2100047283104.328369 NaN
43 75 -1672767186364.306885 NaN
44 76 -1361981233038.429688 NaN
45 77 -1170385872837.339355 NaN
46 78 -1024350496115.546753 NaN
47 79 -889531258411.320801 NaN
48 80 -801658171868.119873 NaN
49 81 -708269460444.051636 NaN
50 82 -658205236196.582275 NaN
51 83 -576312950725.827759 NaN
52 84 -545864705959.196228 NaN
53 85 -495781560203.489929 NaN
54 86 -473601826512.734863 NaN
55 87 -442683784484.916077 NaN
56 88 -424958004286.555908 NaN
57 89 -409122713564.319641 NaN
58 90 -385488884770.498413 NaN
