0 15 9881.000000 NaN
0 30 9881.000000 NaN
0 31 3193.000000 NaN
1 31 -150353765.099372 NaN
2 31 -656964457.624302 NaN
3 32 -648391472.044752 NaN
4 32 -1429545252.532603 NaN
5 32 -1424669581.658218 NaN
6 33 -2237138849.341802 NaN
7 33 -1557911436.460849 NaN
8 34 -2157490284.339175 NaN
9 34 -1819787143.751653 NaN
10 34 -2105141273.767509 NaN
11 35 -1217041040.811228 NaN
12 35 -1339088520.064280 NaN
13 35 -959074994.057881 NaN
14 36 -423115081.617750 NaN
15 36 -465499352.520715 NaN
16 37 -319181136.804481 NaN
17 37 -325006806.775580 NaN
18 37 -201550498.823246 NaN
19 38 -172594659.310502 NaN
20 38 -181527597.473760 NaN
21 38 -147868303.440914 NaN
22 39 -182551488.016672 NaN
23 39 -220689217.090103 NaN
24 40 -173243535.975224 NaN
25 40 -178417729.792838 NaN
26 40 -211494992.954189 NaN
27 41 -140702329.235149 NaN
28 41 -135576659.868733 NaN
29 42 -184070864.779092 NaN
30 42 -125377035.072731 NaN
31 42 -69320855.691719 18025
32 43 -51167159.817294 18080
33 43 -37515967.251070 18162
34 44 -30341822.032837 18187
35 44 -29506838.057741 18183
36 44 -28997614.068262 18190
37 45 -28690850.908591 18025
38 45 -28441864.008273 18030
39 45 -24875467.699958 18030
40 46 -22008104.525419 18156
41 46 -21145854.992535 18110
42 47 -21088939.006003 18141
43 47 -16315611.194910 18178
44 47 -12380574.847341 18059
45 48 -11232951.700410 18204
46 48 -7448123.086420 18117
47 49 -6281146.706770 18080
48 49 -5826459.538855 18156
49 49 -4920037.616513 18025
50 50 -4524539.182379 18183
51 50 -3696314.664692 18128
52 51 -2510719.893590 18204
53 51 -2468247.077477 18030
54 51 -2398303.056589 18141
55 52 -2337704.519657 18110
56 52 -2074682.086484 18187
57 53 -1978871.316274 18190
58 53 -1548389.694806 18080
59 53 -1501795.721757 18162
60 54 -1158408.249999 18059
61 54 -1067108.250085 18117
62 55 -939331.790204 18025
63 55 -938665.917829 18128
64 55 -920687.900464 18183
65 56 -859865.185088 18187
66 56 -821692.749983 18030
67 57 -692430.954071 18141
68 57 -622538.345089 18117
69 57 -610055.023407 18080
70 58 -587458.240549 18178
71 58 -396766.084150 18162
72 59 -377123.770006 18117
73 59 -285662.642321 18178
74 59 -275407.374999 18059
75 60 -270739.064401 18187
76 60 -250076.626849 18110
77 61 -220638.260052 18025
78 61 -220471.791957 18128
79 61 -215977.287616 18183
80 62 -191228.499997 18030
81 62 -158913.051017 18141
82 63 -138319.068352 18080
83 63 -119179.286261 18156
84 63 -84996.833538 18162
85 64 -80086.255004 18117
86 64 -57220.973081 18178
87 65 -54657.156252 18059
88 65 -53490.078600 18187
89 65 -48324.469213 18110
90 66 -40964.877513 18025
91 66 -40923.260490 18128
92 67 -39799.634404 18183
93 67 -33612.437499 18030
94 67 -25533.575254 18141
95 68 -23105.449509 18110
96 68 -20385.079590 18080
97 69 -18505.704696 18025
98 69 -18479.694055 18128
99 69 -17777.427754 18183
100 70 -15600.134066 18156
101 70 -14599.085512 18110
102 71 -13910.429687 18030
103 71 -8861.140785 18141
104 71 -7054.520884 18162
105 72 -5826.876250 18117
106 72 -5643.330993 18080
107 73 -4468.721685 18025
108 73 -4452.465036 18128
109 73 -4013.548596 18183
110 74 -2652.740041 18156
111 74 -2027.084695 18110
112 75 -1629.689037 18187
113 75 -1596.674804 18030
114 75 -110.555768 18178
115 76 530.398439 18059
116 76 1559.130759 18141
117 77 2688.268196 18162
118 77 3455.546092 18117
119 77 3570.261880 18080
120 78 4304.392695 18025
121 78 4314.553103 18128
122 79 4588.875877 18183
123 79 5439.381225 18156
124 79 5830.415815 18110
125 80 6078.788100 18187
126 80 6099.421997 18030
127 81 6449.509651 18080
128 81 7028.246394 18178
129 81 7045.990942 18025
130 82 7054.246271 18128
131 82 7277.133525 18183
132 83 7428.842772 18059
133 83 7968.169120 18156
134 84 8071.800475 18141
135 84 8285.884725 18110
136 84 8487.687207 18187
137 85 8504.452246 18030
138 85 8777.511373 18162
139 86 8788.898468 18080
140 86 9150.466789 18025
141 86 9257.060058 18117
142 87 9259.122070 18178
143 87 9280.246971 18128
144 88 9461.342864 18183
145 88 9584.606628 18059
146 88 10022.809286 18156
147 89 10107.009762 18141
148 89 10280.953215 18110
149 90 10444.917731 18187
