0 15 10261.000000 NaN
0 30 10261.000000 NaN
0 31 2796.000000 NaN
1 31 -173519828.620445 NaN
2 32 -628773165.798176 NaN
3 32 -724664308.281182 NaN
4 33 -1518082385.143975 NaN
5 33 -1674078562.229314 NaN
6 33 -2579704213.519176 NaN
7 34 -2531172377.314759 NaN
8 34 -3595371514.473313 NaN
9 35 -2347778072.039858 NaN
10 35 -2728361577.038817 NaN
11 36 -1931660046.313870 NaN
12 36 -1952429932.975381 NaN
13 37 -1469898295.341491 NaN
14 37 -647215859.929576 NaN
15 38 -410709267.512581 NaN
16 38 -459067379.426154 NaN
17 39 -347846571.217470 NaN
18 39 -240499383.056625 NaN
19 40 -131722745.860003 NaN
20 40 -145617988.076668 NaN
21 40 -169392108.578715 NaN
22 41 -190793564.449351 NaN
23 42 -234742373.073824 NaN
24 42 -195795731.656804 20864
25 42 -117341016.408296 20864
26 43 -70254612.900200 20915
27 43 -44111653.071185 20923
28 44 -35600346.907601 20923
29 44 -29384732.113623 20915
30 45 -28787569.478421 20962
31 45 -28464182.562456 20965
32 46 -22805016.282371 21003
33 46 -22704874.799709 20947
34 47 -22380460.585124 21010
35 47 -21122267.174201 20864
36 48 -20941876.604198 20914
37 48 -16878585.056812 20954
38 49 -16805608.819607 20915
39 49 -12889908.138241 20923
40 50 -9172642.734482 20993
41 50 -3664817.596348 21010
42 51 -3512808.041728 20962
43 51 -3484080.439591 20954
44 52 -2131285.219609 21003
45 52 -2117973.557515 20864
46 53 -2107971.819470 20915
47 53 -1249721.868223 20965
48 54 -1058631.966631 20923
49 54 -1022210.598971 20993
50 55 -733329.102104 20962
51 55 -712533.916747 20954
52 56 -708666.810421 20915
53 56 -547321.318151 20947
54 57 -536420.089552 21010
55 57 -182108.034076 20965
56 58 -50679.319329 20993
57 58 -47046.858512 20923
58 59 -12767.077463 20915
59 59 15608.676329 20965
60 60 20864.000078 20864
