0 15 14727.000000 NaN
0 30 14727.000000 NaN
0 33 -10814.000000 NaN
1 34 -123257525.482795 NaN
2 36 -420184560.429127 NaN
3 37 -702651436.465723 NaN
4 38 -1354227478.131266 NaN
5 40 -2295846133.725276 NaN
6 41 -4543441780.420836 NaN
7 42 -5985679541.861456 NaN
8 44 -10208123438.302052 NaN
9 45 -12361226164.142284 NaN
10 47 -20419525609.373096 NaN
11 48 -25431403820.084190 NaN
12 49 -38558158705.131607 NaN
13 51 -47204563792.170807 NaN
14 52 -70883651672.625900 NaN
15 53 -91245292976.919830 NaN
16 55 -136571052122.649796 NaN
17 56 -150676714788.606934 NaN
18 57 -241030753695.022430 NaN
19 59 -277602519431.212341 NaN
20 60 -421146872280.488281 NaN
21 61 -506311994072.263672 NaN
22 63 -752462819303.208862 NaN
23 64 -900046145713.832031 NaN
24 66 -1308988054176.218262 NaN
25 67 -1607028502250.970703 NaN
26 68 -2380066891037.106445 NaN
27 70 -2861655156680.712891 NaN
28 71 -4168043757744.720703 NaN
29 72 -5092985029968.600586 NaN
30 74 -4754373378034.844727 NaN
31 75 -3653309862205.012207 NaN
32 76 -1342290145622.561768 NaN
33 78 -872989419888.076904 NaN
34 79 -482681011883.329224 NaN
35 80 -157638765132.625061 NaN
36 82 -12361256574.098030 NaN
37 83 5219674240.654297 NaN
38 85 -1683116070.956551 NaN
39 86 1634281491.538626 NaN
40 87 -24417289.732977 NaN
41 89 804932100.833721 NaN
42 90 390257405.453738 NaN
