0 15 25258.000000 NaN
0 30 25258.000000 NaN
0 32 5367.000000 NaN
1 33 -112418620.152484 NaN
2 35 -358240093.432322 NaN
3 36 -589482618.878930 NaN
4 37 -1197857226.731742 NaN
5 38 -1089773988.529793 NaN
6 40 -1193739796.202679 NaN
7 41 -794340231.867383 NaN
8 42 -788963967.390514 NaN
9 43 -633458246.093279 NaN
10 44 -341343560.638223 NaN
11 46 -317521605.659755 NaN
12 47 -390740858.317005 NaN
13 48 -400756742.780805 NaN
14 49 -223561926.461089 NaN
15 51 -159896053.417811 43125
16 52 -74429794.935964 43125
17 53 -43783681.764789 43125
18 55 -8129901.190990 43213
19 56 -7430349.984239 43213
20 57 -4791249.306059 43247
21 58 -1305879.693772 43125
22 60 -1168747.930165 43231
23 61 43125.000069 43125
