0 15 27388.000000 NaN
0 30 27388.000000 NaN
0 33 -2529.000000 NaN
1 34 4150406.809275 NaN
2 35 74395863.173008 NaN
3 37 364690415.213355 NaN
4 38 582695881.571051 NaN
5 39 434059611.986810 NaN
6 40 662034927.483514 NaN
7 41 285347197.379779 NaN
8 43 816936282.479349 NaN
9 44 110730553.658001 NaN
10 45 952990823.269706 NaN
11 46 -57741849.864629 NaN
12 47 1089016657.489195 NaN
13 49 -199916104.692004 NaN
14 50 1260143777.672623 NaN
15 51 -373293821.994692 NaN
16 52 1542265001.611889 NaN
17 53 -616508299.077822 NaN
18 54 1796191167.755487 NaN
19 56 -900048826.228924 NaN
20 57 2186774795.035246 NaN
21 58 -1290573173.786808 NaN
22 59 2407566556.420705 NaN
23 60 -1752582680.910215 NaN
24 62 3122667524.786202 NaN
25 63 -2168406395.333409 NaN
26 64 4229658007.926695 NaN
27 65 -2593855755.760607 NaN
28 66 4987704310.287304 NaN
29 67 -3276272783.427279 NaN
30 69 5988769233.847032 NaN
31 70 -4382775301.090408 NaN
32 71 7159055374.937542 NaN
33 72 -5534851928.877659 NaN
34 73 8795961315.966549 NaN
35 75 -7411984487.652948 NaN
36 76 11549239927.832672 NaN
37 77 -8588991552.399643 NaN
38 78 13172324037.452173 NaN
39 79 -10850403983.933481 NaN
40 80 16907935235.871853 NaN
41 82 -13918166711.262838 NaN
42 83 20099786171.038128 NaN
43 84 -18369521646.881218 NaN
44 85 26432171506.453278 NaN
45 86 -22706584231.446552 NaN
46 88 31634127969.467587 NaN
47 89 -28512527377.027466 NaN
48 90 40224582636.969055 NaN
