0 15 26956.000000 NaN
0 30 26956.000000 NaN
0 34 -7796.000000 NaN
1 36 -78491930.423368 NaN
2 38 -315638978.296881 NaN
3 40 -420381799.713206 NaN
4 42 -869766287.521516 NaN
5 44 -620191566.095419 NaN
6 46 -840424536.866005 NaN
7 49 -714449931.237920 NaN
8 51 -634765541.923226 NaN
9 53 -652188609.981677 NaN
10 55 -583735599.831365 NaN
11 57 -337695955.529312 NaN
12 59 -288793989.478288 NaN
13 61 -390092897.684945 NaN
14 63 -294626365.671673 NaN
15 65 -271142891.048668 NaN
16 67 -192956702.380886 44114
17 70 -113937266.193047 44114
18 72 -33164027.249341 44164
19 74 -31039643.750428 44164
20 76 -29391508.453595 NaN
21 78 -28733554.086459 44114
22 80 -29174856.061072 44140
23 82 -24184610.985531 44226
24 85 -22109628.938632 44308
25 87 -20983791.688976 44270
26 89 -20327325.013926 44360
27 91 -20052663.741277 44180
