0 15 27733.000000 NaN
0 30 27733.000000 NaN
0 36 -2127.000000 NaN
1 39 -172814501.060867 NaN
2 42 -488880510.407301 NaN
3 45 -886858051.662475 NaN
4 48 -1557956908.479697 NaN
5 51 -2838188474.306382 NaN
6 54 -4600912638.958366 NaN
7 56 -6557582317.071503 NaN
8 59 -9957052766.528730 NaN
9 62 -14201771539.909380 NaN
10 65 -20359688994.450550 NaN
11 68 -27622432906.275356 NaN
12 71 -37511701322.913254 NaN
13 74 -51895258925.876465 NaN
14 77 -70372420891.238068 NaN
15 79 -91431512191.112198 NaN
16 82 -126238670819.446915 NaN
17 85 -166100259885.081482 NaN
18 88 -226039727327.905640 NaN
19 91 -282049939352.519226 NaN
