0 15 29134.000000 NaN
0 30 29134.000000 NaN
0 38 -1967.000000 NaN
1 41 -147316378.200436 NaN
2 44 -422294698.505816 NaN
3 47 -862072827.968767 NaN
4 50 -1590619762.212078 NaN
5 53 -2270870794.262010 NaN
6 56 -3261317235.765334 NaN
7 59 -4154440157.304924 NaN
8 62 -5483051550.610349 NaN
9 65 -6217682862.638111 NaN
10 68 -7443761116.048088 NaN
11 72 -7654093899.597962 NaN
12 75 -8229460853.569452 NaN
13 78 -7088490749.626440 NaN
14 81 -5325009772.648881 NaN
15 84 -1235917108.392625 NaN
16 87 756952651.705959 NaN
17 90 211372692.825696 NaN
