0 0 2243.000000 2350
0 0 2243.000000 2350
0 0 2247.000000 2350
1 0 2107.250000 2441
2 0 2235.750000 2350
3 0 2079.375000 2367
4 0 1959.875000 2350
5 0 1411.750000 2367
6 0 1292.250000 2350
7 0 76.500000 2367
8 0 -43.000000 2350
9 0 -2594.000000 2367
10 0 -2713.500000 2350
11 0 -7935.000000 2367
12 0 -8054.500000 2350
13 0 -18617.000000 2367
14 0 -18736.500000 2350
15 0 -39981.000000 2367
16 0 -40100.500000 2350
17 0 -82709.000000 2367
18 0 -82828.500000 2350
19 0 -168165.000000 2367
20 0 -168284.500000 2350
21 0 -339077.000000 2367
22 0 -339196.500000 2350
23 0 -680901.000000 2367
24 0 -681020.500000 2350
25 0 -1364549.000000 2367
26 0 -1364668.500000 2350
27 0 -2731845.000000 2367
28 0 -2731964.500000 2350
29 0 -5466437.000000 2367
30 0 -5466556.500000 2350
31 0 -5466583.000000 2441
32 0 -2732044.500000 2350
33 0 -2732071.000000 2441
34 0 -1364788.500000 2350
35 0 -1364815.000000 2441
36 0 -681160.500000 2350
37 0 -681187.000000 2441
38 0 -339346.500000 2350
39 0 -339373.000000 2441
40 0 -168439.500000 2350
41 0 -168466.000000 2441
42 0 -82986.000000 2350
43 0 -83012.500000 2441
44 0 -40259.250000 2350
45 0 -40285.750000 2441
46 0 -18895.875000 2350
47 0 -18922.375000 2441
48 0 -8214.187500 2350
49 0 -8240.687500 2441
50 0 -2873.343750 2350
51 0 -2899.843750 2441
52 0 -202.921875 2350
53 0 -229.421875 2441
54 0 1132.289062 2350
55 0 1105.789062 2441
56 0 1799.894531 2350
57 0 1773.394531 2441
58 0 2133.697266 2350
59 0 2107.197266 2441
60 0 2300.598633 2350
61 0 2260.098633 2367
62 0 2244.299316 2350
63 0 2203.799316 2367
64 0 2216.149658 2350
65 0 2181.824829 2367
66 0 2198.987244 2350
67 0 2172.487244 2441
68 0 2317.000000 2350
69 0 2215.250000 2441
70 0 2317.000000 2350
71 0 2215.250000 2441
72 0 2317.000000 2350
73 0 2215.250000 2441
74 0 2317.000000 2350
75 0 2215.250000 2441
76 0 2317.000000 2350
77 0 2215.250000 2441
78 0 2317.000000 2350
79 0 2215.250000 2441
80 0 2317.000000 2350
81 0 2215.250000 2441
82 0 2317.000000 2350
83 0 2215.250000 2441
84 0 2317.000000 2350
85 0 2215.250000 2441
86 0 2317.000000 2350
87 0 2215.250000 2441
88 0 2317.000000 2350
89 0 2215.250000 2441
90 0 2317.000000 2350
91 0 2215.250000 2441
92 0 2317.000000 2350
93 0 2215.250000 2441
94 0 2317.000000 2350
95 0 2215.250000 2441
96 0 2317.000000 2350
97 0 2215.250000 2441
98 0 2317.000000 2350
99 0 2328.125000 2441
100 0 2325.343750 2350
101 0 2326.039062 2441
102 0 2325.865234 2350
103 0 2325.908691 2441
104 0 2325.897827 2350
105 0 2325.900543 2441
106 0 2325.899864 2350
107 0 2325.900034 2441
108 0 2325.899992 2350
109 0 2325.900002 2441
110 0 2325.899999 2350
111 0 2325.900000 2441
112 0 2325.900000 2350
113 0 2325.900000 2441
114 0 2325.900000 2350
115 0 2325.900000 2441
116 0 2325.900000 2350
117 0 2325.900000 2441
118 0 2325.900000 2350
119 0 2325.900000 2441
120 0 2325.900000 2350
121 0 2325.900000 2441
122 0 2325.900000 2350
123 0 2325.900000 2441
124 0 2325.900000 2350
125 0 2325.900000 2441
126 0 2325.900000 2350
127 0 2325.900000 2441
128 0 2325.900000 2350
129 0 2325.900000 2441
130 0 2350.000000 2350
