0 15 637.000000 NaN
0 17 637.000000 1177
0 17 -760.000000 NaN
1 17 581.155282 NaN
2 17 998.302124 NaN
3 17 1116.956183 NaN
4 17 1287.213258 NaN
5 17 1148.777094 NaN
6 17 1334.517270 NaN
7 17 1051.829335 NaN
8 17 1302.657419 NaN
9 17 1133.551339 NaN
10 17 1373.487600 NaN
11 17 1017.933944 NaN
12 17 1311.695737 NaN
13 17 1122.192517 NaN
14 17 1360.982702 NaN
15 17 1022.788951 NaN
16 17 1317.276746 NaN
17 17 1105.107549 NaN
18 17 1387.291638 NaN
19 17 990.431710 NaN
20 17 1306.179592 NaN
21 17 1123.825470 NaN
22 17 1380.809972 NaN
23 17 1004.043317 NaN
24 17 1330.581150 NaN
25 17 1087.042753 NaN
26 17 1400.082602 NaN
27 17 968.600873 NaN
28 17 1287.970698 NaN
29 17 1151.969118 NaN
30 17 1353.291283 NaN
31 17 1047.546237 NaN
32 17 1363.055936 NaN
33 17 1023.850157 NaN
34 17 1386.580890 NaN
35 17 1008.831102 NaN
36 17 1360.372961 NaN
37 17 1026.764535 NaN
38 17 1367.731898 NaN
39 17 1022.968934 NaN
40 17 1379.268220 NaN
41 17 1006.599648 NaN
42 17 1365.225448 NaN
43 17 1021.790817 NaN
44 17 1398.927439 NaN
45 18 974.574203 NaN
46 18 1358.333312 NaN
47 18 1036.834861 NaN
48 18 1401.810987 NaN
49 18 969.515590 NaN
50 18 1359.355711 NaN
51 18 1053.296159 NaN
52 18 1403.591250 NaN
53 18 959.128130 NaN
54 18 1315.552323 NaN
55 18 1104.611744 NaN
56 18 1411.716506 NaN
57 18 970.292504 NaN
58 18 1334.127045 NaN
59 18 1069.860991 NaN
60 18 1426.180243 NaN
61 18 915.424805 NaN
62 18 1293.211239 NaN
63 18 1157.881621 NaN
64 18 1364.088280 NaN
65 18 1036.360036 NaN
66 18 1400.896942 NaN
67 18 975.025805 NaN
68 18 1363.558906 NaN
69 18 1038.146442 NaN
70 18 1403.284266 NaN
71 18 953.812360 NaN
72 18 1347.863181 NaN
73 18 1071.338750 NaN
74 18 1411.043544 NaN
75 18 961.746855 NaN
76 18 1339.365244 NaN
77 18 1053.483256 NaN
78 18 1417.922526 NaN
79 18 942.233948 NaN
80 18 1322.701856 NaN
81 18 1091.790015 NaN
82 18 1431.376241 NaN
83 18 930.094485 NaN
84 18 1310.145313 NaN
85 18 1117.347498 NaN
86 18 1394.441936 NaN
87 18 981.777338 NaN
88 18 1374.817982 NaN
89 18 1038.157063 NaN
90 18 1411.622762 NaN
91 18 931.063954 NaN
92 18 1317.326752 NaN
93 18 1121.650108 NaN
94 18 1404.930838 NaN
95 18 1003.254265 NaN
96 19 1363.284251 NaN
97 19 1022.610271 NaN
98 19 1413.030007 NaN
99 19 945.590167 NaN
100 19 1338.766296 NaN
101 19 1075.185051 NaN
102 19 1415.748662 NaN
103 19 938.185252 NaN
104 19 1331.704468 NaN
105 19 1093.005907 NaN
106 19 1420.038504 NaN
107 19 923.979295 NaN
108 19 1329.481626 NaN
109 19 1125.983826 NaN
110 19 1415.112157 NaN
111 19 959.488409 NaN
112 19 1322.056560 NaN
113 19 1206.190473 NaN
114 19 1250.679763 NaN
115 19 1228.435118 NaN
116 19 1239.557441 NaN
117 19 1233.996280 NaN
118 19 1236.776860 NaN
119 19 1235.386570 NaN
120 19 1236.081715 NaN
121 19 1235.734142 NaN
122 19 1235.907929 NaN
123 19 1235.821036 NaN
124 19 1235.864482 NaN
125 19 1235.842759 NaN
126 19 1235.853621 NaN
127 19 1235.848190 NaN
128 19 1235.850905 NaN
129 19 1235.849547 NaN
130 19 1235.850226 NaN
131 19 1235.849887 NaN
132 19 1235.850057 NaN
133 19 1235.849972 NaN
134 19 1235.850014 NaN
135 19 1235.849993 NaN
136 19 1235.850004 NaN
137 19 1235.849998 NaN
138 19 1235.850001 NaN
139 19 1235.850000 NaN
140 19 1235.850000 NaN
141 19 1235.850000 NaN
142 19 1235.850000 NaN
143 19 1235.850000 NaN
144 19 1235.850000 NaN
145 20 1235.850000 NaN
146 20 1235.850000 NaN
147 20 1235.850000 NaN
148 20 1235.850000 NaN
149 20 1235.850000 NaN
150 20 1235.850000 NaN
151 20 1235.850000 NaN
152 20 1235.850000 NaN
153 20 1235.850000 NaN
154 20 1235.850000 NaN
155 20 1235.850000 NaN
156 20 1235.850000 NaN
157 20 1235.850000 NaN
158 20 1235.850000 NaN
159 20 1235.850000 NaN
160 20 1235.850000 NaN
161 20 1235.850000 NaN
162 20 1235.850000 NaN
163 20 1235.850000 NaN
164 20 1235.850000 NaN
165 20 1235.850000 NaN
166 20 1235.850000 NaN
167 20 1235.850000 NaN
168 20 1235.850000 NaN
169 20 1235.850000 NaN
170 20 1235.850000 NaN
171 20 1235.850000 NaN
172 20 1235.850000 NaN
173 20 1235.850000 NaN
174 20 1235.850000 NaN
175 20 1235.850000 NaN
176 20 1235.850000 NaN
177 20 1235.850000 NaN
178 20 1235.850000 NaN
179 20 1235.850000 NaN
180 20 1235.850000 NaN
181 20 1235.850000 NaN
182 20 1235.850000 NaN
183 20 1235.850000 NaN
184 20 1235.850000 NaN
185 20 1235.850000 NaN
186 20 1235.850000 NaN
187 20 1235.850000 NaN
188 20 1235.850000 NaN
189 20 1235.850000 NaN
190 20 1235.850000 NaN
191 20 1235.850000 NaN
192 20 1235.850000 NaN
193 20 1235.850000 NaN
194 20 1235.850000 NaN
195 20 1235.850000 NaN
196 20 1235.850000 NaN
197 21 1235.850000 NaN
198 21 1235.850000 NaN
199 21 1235.850000 NaN
200 21 1235.850000 NaN
201 21 1235.850000 NaN
202 21 1235.850000 NaN
203 21 1235.850000 NaN
204 21 1235.850000 NaN
205 21 1235.850000 NaN
206 21 1235.850000 NaN
207 21 1235.850000 NaN
208 21 1235.850000 NaN
209 21 1235.850000 NaN
210 21 1235.850000 NaN
211 21 1235.850000 NaN
212 21 1235.850000 NaN
213 21 1235.850000 NaN
214 21 1235.850000 NaN
215 21 1235.850000 NaN
216 21 1235.850000 NaN
217 21 1235.850000 NaN
218 21 1235.850000 NaN
219 21 1235.850000 NaN
220 21 1235.850000 NaN
221 21 1235.850000 NaN
222 21 1235.850000 NaN
223 21 1235.850000 NaN
224 21 1235.850000 NaN
225 21 1235.850000 NaN
226 21 1235.850000 NaN
227 21 1235.850000 NaN
228 21 1235.850000 NaN
229 21 1235.850000 NaN
230 21 1235.850000 NaN
231 21 1235.850000 NaN
232 21 1235.850000 NaN
233 21 1235.850000 NaN
234 21 1235.850000 NaN
235 21 1235.850000 NaN
236 21 1235.850000 NaN
237 21 1235.850000 NaN
238 21 1235.850000 NaN
239 21 1235.850000 NaN
240 21 1235.850000 NaN
241 21 1235.850000 NaN
242 21 1235.850000 NaN
243 21 1235.850000 NaN
244 21 1235.850000 NaN
245 21 1235.850000 NaN
246 21 1235.850000 NaN
247 21 1235.850000 NaN
248 21 1235.850000 NaN
249 22 1235.850000 NaN
250 22 1235.850000 NaN
251 22 1235.850000 NaN
252 22 1235.850000 NaN
253 22 1235.850000 NaN
254 22 1235.850000 NaN
255 22 1235.850000 NaN
256 22 1235.850000 NaN
257 22 1235.850000 NaN
258 22 1235.850000 NaN
259 22 1235.850000 NaN
260 22 1235.850000 NaN
261 22 1235.850000 NaN
262 22 1235.850000 NaN
