0 15 3125.000000 NaN
0 15 3125.000000 NaN
0 15 2963.000000 NaN
1 15 -189917046.171875 NaN
2 15 -353307135.822234 NaN
3 15 -943663871.511513 NaN
4 15 -1284557386.785694 NaN
5 15 -1986455388.599977 NaN
6 15 -2200566432.024982 NaN
7 15 -3021441268.884802 NaN
8 15 -3218303496.790449 NaN
9 15 -4141178815.136812 NaN
10 15 -4085949430.244709 NaN
11 15 -5150248688.011436 NaN
12 15 -3836715969.339077 NaN
13 15 -3799384511.042470 NaN
14 15 -3208048186.308667 NaN
15 15 -2749028136.168348 NaN
16 15 -1413383881.979083 NaN
17 15 -1203322555.185130 NaN
18 15 -750898916.269376 NaN
19 15 -593501652.368222 NaN
20 15 -425973950.259374 NaN
21 15 -398171650.000412 NaN
22 15 -311725384.118547 NaN
23 15 -320322580.750372 NaN
24 15 -295297110.088565 NaN
25 15 -405241229.672601 NaN
26 15 -429673582.291817 NaN
27 15 -509285008.686641 NaN
28 15 -486156759.600950 NaN
29 15 -548680672.624434 5732
30 15 -511501152.615483 NaN
31 15 -427882798.818812 NaN
32 15 -317356925.188330 NaN
33 15 -277781219.429689 NaN
34 15 -216631682.184866 6118
35 15 -176732113.734322 6254
36 15 -143122425.066817 NaN
37 16 -117919926.870865 NaN
38 16 -97335069.971320 NaN
39 16 -78220211.999293 6738
40 16 -63052282.725521 NaN
41 16 -50387899.402072 NaN
42 16 -41238140.483543 NaN
43 16 -31289774.732094 NaN
44 16 -27648516.612030 NaN
45 16 -23700102.464438 NaN
46 16 -20547044.451382 6634
47 16 -18439507.579087 NaN
48 16 -16604520.388776 NaN
49 16 -15046994.049732 6537
50 16 -13604256.685570 6959
51 16 -12270717.988159 NaN
52 16 -10796102.337350 NaN
53 16 -9835353.112475 NaN
54 16 -8849575.123709 NaN
55 16 -8128454.699579 6270
56 16 -7325058.385070 6904
57 16 -6539175.669771 5340
58 16 -6211075.695758 5338
59 16 -5955289.235476 NaN
60 16 -5763561.580750 NaN
61 16 -5490591.085573 5175
62 16 -5398178.304813 NaN
63 16 -5318722.681469 NaN
64 16 -5260815.183605 NaN
65 16 -5174146.461728 NaN
66 16 -5077095.135061 NaN
67 16 -5070437.555171 NaN
68 16 -5044034.599737 NaN
69 16 -4983980.623146 NaN
70 16 -4922919.437326 NaN
71 16 -4883985.399530 NaN
72 16 -4832031.797769 NaN
73 16 -4747325.262079 NaN
74 16 -4657464.516446 5643
75 16 -4606850.141728 NaN
76 16 -4524821.928981 NaN
77 16 -4521348.947821 NaN
78 16 -4501471.801379 NaN
79 16 -4485542.745590 NaN
80 16 -4439451.674580 NaN
81 16 -4405240.043871 5215
82 16 -4393584.803701 NaN
83 16 -4372302.968571 NaN
84 16 -4360963.046368 NaN
85 16 -4341746.345817 NaN
86 16 -4299938.197938 4901
87 16 -4266909.607492 NaN
88 16 -4264530.004803 4784
89 16 -4235891.526953 NaN
