0 15 3132.000000 NaN
0 16 3132.000000 NaN
0 16 2823.000000 NaN
1 16 -200127568.325444 NaN
2 16 -330747497.479450 NaN
3 16 -863455491.600038 NaN
4 16 -1257686406.902572 NaN
5 16 -1907733427.267671 NaN
6 16 -2256701431.437420 NaN
7 16 -2990400824.153859 NaN
8 16 -3259593335.921466 NaN
9 16 -4067190026.863052 NaN
10 16 -4257040176.325780 NaN
11 16 -5138132950.244512 NaN
12 16 -5249071515.879125 NaN
13 16 -6203261335.870229 NaN
14 16 -6235716757.300837 NaN
15 16 -6274386283.127437 NaN
16 16 -4048155715.986803 NaN
17 16 -2840506611.272116 NaN
18 16 -1955279819.941293 NaN
19 16 -1535233741.393299 NaN
20 16 -1182152465.633728 NaN
21 16 -844093850.834099 NaN
22 16 -768400673.614469 NaN
23 16 -540579849.792523 NaN
24 16 -435897190.200171 NaN
25 16 -433256818.237190 NaN
26 16 -360976177.035906 NaN
27 16 -320306844.738428 NaN
28 16 -287542106.564269 NaN
29 16 -286972679.977905 NaN
30 16 -241136568.745645 NaN
31 16 -169390751.970614 NaN
32 16 -128405516.373889 NaN
33 16 -106958397.233168 NaN
34 16 -102686940.824351 NaN
35 16 -141052907.765956 NaN
36 16 -165799777.460909 NaN
37 16 -167579822.007806 NaN
38 16 -181175504.805151 NaN
39 16 -149377327.622612 NaN
40 16 -149571114.936951 NaN
41 16 -128557668.157076 NaN
42 16 -128302038.045793 NaN
43 16 -107018051.599010 NaN
44 17 -109413231.997828 NaN
45 17 -92993382.217926 NaN
46 17 -67189843.314157 NaN
47 17 -60685242.184593 NaN
48 17 -49142698.874985 NaN
49 17 -53235009.995647 NaN
50 17 -55968258.644963 NaN
51 17 -45183121.812793 NaN
52 17 -53625185.912829 NaN
53 17 -48664810.904796 NaN
54 17 -43439811.064265 NaN
55 17 -68091137.424358 NaN
56 17 -72514156.613512 NaN
57 17 -82499760.999163 NaN
58 17 -65366353.194281 NaN
59 17 -61358048.021756 NaN
60 17 -53176835.479104 NaN
61 17 -26914083.524455 NaN
62 17 -28992522.535892 NaN
63 17 -21981066.609120 NaN
64 17 -33087682.279036 NaN
65 17 -30843488.479454 NaN
66 17 -40630465.843600 NaN
67 17 -29904453.022236 NaN
68 17 -30585295.943273 NaN
69 17 -25022970.705671 NaN
70 17 -22432767.127374 NaN
71 17 -22429909.216595 NaN
72 17 -25067342.603596 NaN
73 17 -27157926.402552 NaN
74 17 -39729197.057537 NaN
75 17 -33356771.236138 NaN
76 17 -17636951.488387 NaN
77 17 -14303311.108041 NaN
78 17 -12560690.380826 NaN
79 17 -13105382.712245 NaN
80 17 -17896679.410678 NaN
81 17 -15764691.708007 NaN
82 17 -18464057.066229 NaN
83 17 -14012863.804523 NaN
84 17 -12452438.533382 NaN
85 17 -13393328.888566 NaN
86 17 -12613638.885529 NaN
87 17 -11357781.875715 NaN
88 17 -11068427.213861 NaN
89 17 -13960787.013997 NaN
