0 15 3241.000000 NaN
0 30 3241.000000 NaN
0 30 1005.000000 NaN
1 30 -60771817.566758 NaN
2 30 -136605594.006826 NaN
3 31 -626635838.838802 NaN
4 31 -1002832161.708924 NaN
5 31 -1665814109.426597 NaN
6 31 -2033377819.108654 NaN
7 31 -2749722156.469951 NaN
8 31 -3037799276.035481 NaN
9 31 -3827801186.904741 NaN
10 31 -4036819177.571723 NaN
11 31 -4900082547.886985 NaN
12 31 -5030466572.081941 NaN
13 31 -5966597417.994618 NaN
14 31 -6018770351.715022 NaN
15 32 -6498893651.134083 NaN
16 32 -4847879109.578519 NaN
17 32 -1987488848.209471 NaN
18 32 -1275725359.631062 NaN
19 32 -789507619.400574 NaN
20 32 -576585417.980442 NaN
21 32 -499803952.003575 NaN
22 32 -433554178.382079 NaN
23 32 -329884592.926504 NaN
24 32 -318549817.358523 NaN
25 32 -308359682.011180 NaN
26 32 -260622034.849549 NaN
27 33 -277689235.684332 NaN
28 33 -289888686.411739 NaN
29 33 -357386033.901330 NaN
30 33 -395511096.175226 NaN
31 33 -257145012.011988 NaN
32 33 -142430544.571442 NaN
33 33 -112807229.741968 NaN
34 33 -151939683.789038 NaN
35 33 -184416402.471440 NaN
36 33 -162566325.374399 NaN
37 33 -192907711.096923 NaN
38 33 -180682669.642504 NaN
39 34 -123893520.822785 NaN
40 34 -125881491.629443 NaN
41 34 -105137590.851665 NaN
42 34 -155748343.109021 NaN
43 34 -164405296.397221 NaN
44 34 -193558665.440875 NaN
45 34 -182937523.299782 NaN
46 34 -127511571.355947 NaN
47 34 -72595023.002636 NaN
48 34 -43613275.102899 NaN
49 34 -47980571.483960 NaN
50 34 -67283997.497257 NaN
51 35 -81279019.085642 NaN
52 35 -69521669.858582 NaN
53 35 -82644790.879126 NaN
54 35 -78238705.038402 NaN
55 35 -52482570.454447 NaN
56 35 -53998382.095844 NaN
57 35 -46792173.523556 NaN
58 35 -70699094.872879 NaN
59 35 -71982976.815116 NaN
60 35 -78292436.759720 NaN
61 35 -52906003.497841 NaN
62 36 -22748609.193797 NaN
63 36 -24861028.968801 NaN
64 36 -31974806.615920 NaN
65 36 -38334851.418373 NaN
66 36 -35645726.885068 NaN
67 36 -23809998.541533 NaN
68 36 -25811730.563576 NaN
69 36 -21845207.960659 NaN
70 36 -34966786.805581 NaN
71 36 -33627965.873343 NaN
72 36 -39240436.572077 NaN
73 36 -35879279.373623 NaN
74 37 -25193571.591639 NaN
75 37 -24532628.479951 NaN
76 37 -11558218.652771 NaN
77 37 -10452022.980330 NaN
78 37 -11245336.497820 NaN
79 37 -16700879.140779 NaN
80 37 -18643520.291320 NaN
81 37 -15418464.680932 NaN
82 37 -11568818.529583 NaN
83 37 -12709146.320399 NaN
84 37 -9953325.866281 NaN
85 37 -17053904.691130 NaN
86 38 -16805922.863953 NaN
87 38 -19367461.851222 NaN
88 38 -16791771.857489 NaN
89 38 -12142647.971339 NaN
