0 15 3241.000000 NaN
0 25 3241.000000 NaN
0 26 1688.000000 NaN
1 26 -51254825.242494 NaN
2 26 -152912283.321933 NaN
3 26 -578783493.153767 NaN
4 26 -961964539.355310 NaN
5 26 -1598442942.801345 NaN
6 26 -1972796292.917193 NaN
7 26 -2682523374.157571 NaN
8 26 -2978320171.276582 NaN
9 26 -3760911301.673432 NaN
10 26 -3978564046.073913 NaN
11 26 -4833636616.673482 NaN
12 26 -4973555642.595700 NaN
13 26 -5900729053.522913 NaN
14 26 -5963322540.542997 NaN
15 26 -6433735367.451906 NaN
16 26 -4592468948.935711 NaN
17 26 -2093393485.153067 NaN
18 27 -1175533406.316846 NaN
19 27 -692572008.404870 NaN
20 27 -565369668.114284 NaN
21 27 -373334734.883983 NaN
22 27 -418818506.385459 NaN
23 27 -336420525.865864 NaN
24 27 -438060510.074918 NaN
25 27 -428036348.090320 NaN
26 27 -529198866.138336 NaN
27 27 -432358981.766009 NaN
28 27 -390457323.791173 NaN
29 27 -371942327.961842 NaN
30 27 -322287720.967408 NaN
31 27 -180410653.922701 NaN
32 27 -133003018.070674 NaN
33 27 -116199723.904308 NaN
34 27 -142746979.464525 NaN
35 27 -185549015.111587 NaN
36 28 -159623152.936004 NaN
37 28 -196005621.370119 NaN
38 28 -157171145.827759 NaN
39 28 -134812164.545895 NaN
40 28 -132817141.746849 NaN
41 28 -106387967.433112 NaN
42 28 -109822409.460556 NaN
43 28 -115791485.707446 NaN
44 28 -139539130.042627 NaN
45 28 -156311848.763794 NaN
46 28 -85639301.425250 NaN
47 28 -52796397.408616 NaN
48 28 -51036607.041258 NaN
49 28 -67290151.620911 NaN
50 28 -81594195.405524 NaN
51 28 -69833993.537211 NaN
52 28 -82422165.116942 NaN
53 29 -77341101.660497 NaN
54 29 -59052667.603945 NaN
55 29 -55444068.746195 NaN
56 29 -48024580.882993 NaN
57 29 -48924862.216775 NaN
58 29 -50641100.811349 NaN
59 29 -46970268.970340 NaN
60 29 -47102373.674994 NaN
61 29 -24708075.148247 NaN
62 29 -24898941.783744 NaN
63 29 -21819022.912603 NaN
64 29 -32683501.935402 NaN
65 29 -33344321.975669 NaN
66 29 -39250356.459624 NaN
67 29 -34233825.213076 NaN
68 29 -28244614.644155 NaN
69 29 -26134030.569522 NaN
70 29 -21826069.991165 NaN
71 30 -24149807.369476 NaN
72 30 -24223224.575431 NaN
73 30 -30476303.296439 NaN
74 30 -37779174.585091 NaN
75 30 -34885846.408636 NaN
76 30 -22496324.737385 NaN
77 30 -12274238.786890 NaN
78 30 -11554678.710904 NaN
79 30 -16019996.613265 NaN
80 30 -18526870.622255 NaN
81 30 -15415713.280835 NaN
82 30 -14066416.345444 NaN
83 30 -12588936.871447 NaN
84 30 -11359631.450108 NaN
85 30 -11882353.917582 NaN
86 30 -11379763.611015 NaN
87 30 -15116129.671889 NaN
88 31 -18145652.516616 NaN
89 31 -15725256.144816 NaN
