0 15 3241.000000 4760
0 19 3241.000000 4760
0 19 2459.000000 4634
1 19 3435.931178 4675
2 19 3579.846270 4681
3 19 3635.806623 4554
4 19 3377.036642 4436
5 19 3425.253989 4504
6 19 3163.084185 4429
7 19 2861.246677 4733
8 19 2693.571004 4762
9 19 2264.296651 4522
10 19 2185.435057 4566
11 19 1739.991970 4589
12 19 1788.803061 4656
13 20 1856.176474 4562
14 20 1746.684854 4693
15 20 2479.189935 4808
16 20 2450.728430 4561
17 20 2809.968359 4611
18 20 2335.213164 4660
19 20 3531.773617 4566
20 20 3834.538875 4641
21 20 3925.928146 4814
22 20 3879.108660 4598
23 20 3921.318725 4807
24 20 3932.206693 4424
25 20 3913.804392 5023
26 20 3943.338471 4454
27 20 3951.986121 4606
28 20 3971.386796 4426
29 20 3929.734092 4642
30 20 3962.444326 4528
31 20 3928.881038 4912
32 20 3960.143041 4581
33 20 3932.458612 4633
34 20 3971.676108 4590
35 20 3976.019768 4820
36 20 3982.802965 4405
37 20 3995.111199 4572
38 20 3980.976908 4607
39 20 3973.796091 4641
40 20 3969.134972 4613
41 21 3960.878234 4551
42 21 3950.389649 4657
43 21 3960.297232 4517
44 21 3975.649824 4508
45 21 3974.958484 4523
46 21 3992.146938 4484
47 21 3964.498354 4892
48 21 3979.890930 4643
49 21 3958.474592 4735
50 21 3948.521237 4471
51 21 3966.973388 4765
52 21 3963.887305 4398
53 21 4136.219902 4645
54 21 4163.762303 4700
55 21 4158.216751 4530
56 21 4158.201448 4515
57 21 4162.352329 4558
58 21 4160.870982 4621
59 21 4163.254463 4740
60 21 4184.135199 4554
61 21 4166.772789 4533
62 21 4162.553622 4476
63 21 4176.499881 4494
64 21 4162.808718 4432
65 21 4178.530539 4616
66 21 4153.600618 4511
67 21 4183.291293 4507
68 21 4157.999041 4496
69 21 4175.474646 4831
70 22 4164.748099 4444
71 22 4165.670593 4859
72 22 4174.298097 4402
73 22 4162.307074 4680
74 22 4167.771601 4587
75 22 4181.877232 4427
76 22 4221.554364 4526
77 22 4218.761766 4704
78 22 4219.276643 4474
79 22 4225.113754 4453
80 22 4226.678299 4554
81 22 4226.485704 4440
82 22 4230.578948 4408
83 22 4209.305867 4446
84 22 4228.929468 4439
85 22 4226.130187 4482
86 22 4223.479891 4546
87 22 4227.463781 4437
88 22 4221.897843 4680
89 22 4225.957954 4470
90 22 4218.342528 4390
91 22 4231.859645 4434
92 22 4225.808773 4607
93 22 4220.433280 4416
94 22 4228.093010 4553
95 22 4226.651785 4515
96 22 4232.065518 4448
97 22 4220.671932 4597
98 23 4230.721878 4420
99 23 4227.967339 4525
100 23 4231.228868 4456
101 23 4228.121755 4433
102 23 4217.466421 4465
103 23 4234.813062 4567
104 23 4232.795982 4472
105 23 4220.771777 4522
106 23 4232.347408 4440
107 23 4227.455768 4644
108 23 4223.243450 4500
109 23 4228.576372 4383
110 23 4237.379949 4593
111 23 4223.195502 4480
112 23 4234.630685 4540
113 23 4227.942654 4418
114 23 4232.627952 4552
115 23 4230.224393 4428
116 23 4228.643184 4500
117 23 4231.401218 4401
118 23 4234.194445 4488
119 23 4229.352695 4525
120 23 4229.110814 4482
121 23 4229.557638 4449
122 23 4232.270520 4440
123 23 4224.052970 4471
124 23 4232.082619 4553
125 23 4227.995278 4521
126 23 4248.597774 4384
127 24 4250.989292 4368
128 24 4249.115257 4374
129 24 4251.117747 4551
130 24 4247.294950 4413
131 24 4250.121092 4388
132 24 4249.107480 4482
133 24 4250.485280 4463
134 24 4252.491553 4447
135 24 4248.723254 4462
136 24 4255.151412 4452
137 24 4246.366697 4390
138 24 4246.358295 4440
139 24 4249.302491 4593
140 24 4250.758303 4384
141 24 4249.743526 4559
142 24 4254.472030 4532
143 24 4247.649854 4364
144 24 4253.854005 4341
145 24 4251.292466 4490
146 24 4252.241887 4429
147 24 4245.781984 4590
148 24 4253.984020 4409
149 24 4250.004754 4455
150 24 4255.666818 4530
151 24 4249.634402 4435
152 24 4254.675139 4402
153 24 4251.986234 4420
154 24 4252.931748 4480
155 25 4250.141264 4629
156 25 4251.573331 4470
157 25 4248.957369 4532
158 25 4255.193620 4421
159 25 4252.742843 4654
160 25 4254.062877 4440
161 25 4253.772727 4367
162 25 4252.966365 4479
163 25 4252.827295 4444
164 25 4249.601230 4440
165 25 4256.990042 4425
166 25 4250.187463 4478
167 25 4253.151568 4390
168 25 4251.865087 4399
169 25 4256.986841 4402
170 25 4251.448678 4557
171 25 4254.053256 4451
172 25 4253.923753 4358
173 25 4253.438582 4431
174 25 4255.032653 4421
175 25 4255.438178 4413
176 25 4253.244352 4545
177 25 4253.902298 4471
178 25 4252.458724 4416
179 25 4254.341747 4466
180 25 4249.928244 4538
181 25 4260.167428 4354
182 25 4258.460235 4449
183 25 4261.968687 4332
184 26 4260.291986 4371
185 26 4261.435543 4345
186 26 4260.377550 4426
187 26 4263.145204 4417
188 26 4261.643006 4344
189 26 4260.379468 4362
190 26 4260.142280 4356
191 26 4263.351438 4442
192 26 4261.648656 4462
193 26 4263.406856 4385
194 26 4259.398528 4424
195 26 4262.422596 4432
196 26 4261.396397 4561
197 26 4261.748288 4340
198 26 4261.478486 4340
199 26 4262.324562 4411
200 26 4262.291864 4534
201 26 4263.798421 4421
202 26 4258.000955 4370
203 26 4263.105029 4442
204 26 4259.388068 4649
205 26 4264.177525 4474
206 26 4261.392442 4478
207 26 4261.744622 4414
208 26 4263.160310 4313
209 26 4261.908621 4375
210 26 4262.307706 4451
211 26 4263.666091 4473
212 27 4262.010067 4445
213 27 4261.460920 4332
214 27 4263.253847 4392
215 27 4261.273556 4325
216 27 4263.794302 4561
217 27 4263.413124 4419
218 27 4260.861127 4395
219 27 4264.996270 4290
220 27 4264.969508 4442
221 27 4262.467714 4357
222 27 4263.238017 4412
223 27 4264.373167 4457
224 27 4263.461230 4509
225 27 4263.225784 4337
226 27 4265.442929 4332
227 27 4262.964978 4562
228 27 4262.696117 4404
229 27 4263.731333 4303
230 27 4262.420654 4466
231 27 4263.428686 4569
232 27 4265.281263 4477
233 27 4265.509144 4361
234 27 4264.781288 4481
235 27 4263.719006 4483
236 27 4264.309829 4583
237 27 4266.143677 4329
238 27 4263.692113 4423
239 27 4264.558109 4412
240 28 4263.853738 4564
241 28 4265.725739 4423
242 28 4264.745381 4597
243 28 4264.177143 4571
244 28 4265.007238 4432
245 28 4264.825452 4408
246 28 4265.090658 4436
247 28 4265.507693 4654
248 28 4264.399995 4458
249 28 4264.841718 4282
250 28 4263.243650 4411
251 28 4265.895029 4285
252 28 4262.825000 4471
