0 15 11939.000000 NaN
0 30 11939.000000 NaN
0 30 10374.000000 NaN
1 30 -98914386.867756 NaN
2 30 -260311021.495474 NaN
3 30 -687980673.137057 NaN
4 30 -1218875902.951698 NaN
5 30 -1693730036.953181 NaN
6 31 -2303497647.451473 NaN
7 31 -2728342703.837389 NaN
8 31 -3375961997.270476 NaN
9 31 -3761570553.053247 NaN
10 31 -4446990865.360052 NaN
11 31 -4793415438.163967 NaN
12 31 -5516586173.096810 NaN
13 32 -5823879210.251770 NaN
14 32 -6584749839.285381 NaN
15 32 -6287289057.267375 NaN
16 32 -4098036163.624508 NaN
17 32 -1954626958.678849 NaN
18 32 -1308346755.573438 NaN
19 32 -703486850.097776 NaN
20 32 -596061999.529726 NaN
21 33 -439302858.581020 NaN
22 33 -363004551.295779 NaN
23 33 -329045392.996736 NaN
24 33 -314140665.690822 NaN
25 33 -277382834.287549 NaN
26 33 -287527287.186216 NaN
27 33 -282854226.161200 NaN
28 34 -403365983.762393 NaN
29 34 -424937860.143177 NaN
30 34 -473631682.689924 NaN
31 34 -259189573.873121 NaN
32 34 -149031010.803770 NaN
33 34 -107464161.214060 NaN
34 34 -172826790.999692 NaN
35 35 -176030286.154985 NaN
36 35 -184662482.463053 NaN
37 35 -147310342.111728 NaN
38 35 -131708601.939832 NaN
39 35 -138075394.968123 NaN
40 35 -94165337.987184 NaN
41 35 -111883477.230198 NaN
42 36 -122383965.285355 NaN
43 36 -148012018.516918 NaN
44 36 -170864736.007912 NaN
45 36 -170130021.456438 NaN
46 36 -92557257.262546 NaN
47 36 -51365787.615169 NaN
48 36 -54500714.574560 NaN
49 37 -68213739.393616 NaN
50 37 -82133532.631396 NaN
51 37 -67898629.123022 NaN
52 37 -56151309.568455 NaN
53 37 -56809720.596345 NaN
54 37 -44669686.832913 NaN
55 37 -50092586.329906 NaN
56 37 -52676001.414668 NaN
57 38 -63719573.903584 NaN
58 38 -81698050.808350 NaN
59 38 -68679142.736881 NaN
60 38 -75904362.932941 NaN
61 38 -43909637.849307 NaN
62 38 -23207585.922487 NaN
63 38 -23190199.474255 NaN
64 39 -35331089.293545 NaN
65 39 -37688385.709412 NaN
66 39 -32294513.663602 NaN
67 39 -28146459.117174 NaN
68 39 -23826356.602481 NaN
69 39 -21279169.750055 NaN
70 39 -24826228.054149 NaN
71 39 -33248576.110613 NaN
72 40 -34725873.311643 NaN
73 40 -35541011.567176 NaN
74 40 -34867654.940872 NaN
75 40 -34907819.937602 NaN
76 40 -20281383.206367 NaN
77 40 -10921706.699351 NaN
78 40 -12098852.373174 NaN
79 41 -14895881.624088 NaN
80 41 -19966606.820684 NaN
81 41 -15824095.775833 NaN
82 41 -12088132.101955 NaN
83 41 -14030563.078752 NaN
84 41 -10123473.042556 NaN
85 41 -11249615.192099 NaN
86 42 -12826596.533718 NaN
87 42 -14085910.356010 NaN
88 42 -19382405.162573 NaN
89 42 -14626641.215738 NaN
