0 15 7386.000000 NaN
0 24 7386.000000 NaN
0 24 6776.000000 NaN
1 24 -185265364.828686 NaN
2 24 -407652532.765748 NaN
3 24 -822646410.460810 NaN
4 24 -1393079297.543445 NaN
5 25 -1874485372.077070 NaN
6 25 -2452198879.980288 NaN
7 25 -2919584070.521688 NaN
8 25 -3518713535.360246 NaN
9 25 -3964243917.389761 NaN
10 25 -4584780346.303473 NaN
11 25 -5008465096.961185 NaN
12 25 -5650399500.866116 NaN
13 25 -6052247793.438542 NaN
14 25 -6715571187.025413 NaN
15 25 -5933632505.487345 NaN
16 25 -3530052844.848816 NaN
17 25 -2302252525.467830 NaN
18 25 -1655319830.338286 NaN
19 25 -1345750708.759336 NaN
20 25 -935708142.853204 NaN
21 25 -667469289.571906 NaN
22 25 -543516669.399957 NaN
23 26 -465194163.032490 NaN
24 26 -393048349.997280 NaN
25 26 -330420335.434750 NaN
26 26 -293499628.468150 NaN
27 26 -253902406.406013 NaN
28 26 -282170014.545992 NaN
29 26 -305885254.151667 NaN
30 26 -350441178.677796 NaN
31 26 -205842796.883589 NaN
32 26 -162407126.495063 NaN
33 26 -133472322.091352 NaN
34 26 -134681103.590805 NaN
35 26 -113826800.905516 NaN
36 26 -101285062.530501 NaN
37 26 -135780563.408140 NaN
38 26 -183305241.823676 NaN
39 26 -172420292.848556 NaN
40 26 -138715120.298569 NaN
41 27 -128075176.301485 NaN
42 27 -131552636.394755 NaN
43 27 -117710918.969262 NaN
44 27 -113066813.336902 NaN
45 27 -96420778.865279 NaN
46 27 -61798298.987944 NaN
47 27 -50635248.120916 NaN
48 27 -48457583.164946 NaN
49 27 -47933504.960090 NaN
50 27 -66759318.458710 NaN
51 27 -69006607.794138 NaN
52 27 -88052877.280776 NaN
53 27 -61616789.580266 NaN
54 27 -56873492.549256 NaN
55 27 -55376663.793226 NaN
56 27 -47673475.270031 NaN
57 27 -63932305.638808 NaN
58 28 -75609093.524483 NaN
59 28 -83266608.515808 NaN
60 28 -72542457.502691 NaN
61 28 -45569124.503980 NaN
62 28 -29257547.483516 NaN
63 28 -28549177.776112 NaN
64 28 -24156471.828593 NaN
65 28 -30897882.421008 NaN
66 28 -33125504.147591 NaN
67 28 -38254513.668631 NaN
68 28 -28987886.235887 NaN
69 28 -25192385.099566 NaN
70 28 -23712642.757398 NaN
71 28 -34159856.294773 NaN
72 28 -34581199.147679 NaN
73 28 -36320874.026887 NaN
74 28 -30094932.952127 NaN
75 28 -23209883.748693 NaN
76 29 -14560238.587273 NaN
77 29 -11921362.204151 NaN
78 29 -10935504.201127 NaN
79 29 -11664878.478241 NaN
80 29 -13265426.051868 NaN
81 29 -17866950.618285 NaN
82 29 -16060423.681197 NaN
83 29 -19042220.414583 NaN
84 29 -15242903.472808 NaN
85 29 -12118479.726975 NaN
86 29 -11956453.007692 NaN
87 29 -13024891.563838 NaN
88 29 -11373670.752569 NaN
89 29 -11268785.991935 NaN
