0 15 584.000000 779
0 15 584.000000 779
0 15 476.000000 779
1 15 635.310000 730
2 15 602.290000 852
3 15 662.454091 738
4 15 604.068455 740
5 15 617.486761 766
6 15 580.571255 740
7 15 547.960853 748
8 15 525.859655 794
9 15 493.321660 765
10 15 502.377160 794
11 15 481.853759 774
12 15 467.603637 828
13 15 432.103718 767
14 15 399.154066 828
15 15 382.381915 767
16 15 374.464436 828
17 15 336.100140 767
18 15 326.906816 828
19 15 569.680112 802
20 15 633.302790 711
21 15 666.521112 736
22 15 673.083618 742
23 15 686.115509 736
24 15 679.750425 718
25 15 676.325931 736
26 15 676.083487 718
27 15 670.708310 733
28 15 677.027779 739
29 15 677.016331 751
30 15 680.469696 739
31 15 677.725996 715
32 15 673.762985 742
33 15 673.464963 742
34 15 680.178999 765
35 15 684.065433 739
36 15 683.650828 763
37 15 677.323037 742
38 15 675.469803 739
39 15 698.179794 738
40 15 695.886474 732
41 15 695.394643 739
42 15 696.571197 715
43 15 692.942868 742
44 15 696.837710 718
45 15 693.382744 718
46 15 690.851670 715
47 15 696.758735 718
48 15 689.345633 715
49 15 693.118296 718
50 15 691.165852 715
51 15 692.337318 718
52 15 691.556341 715
53 15 692.024927 718
54 15 691.712536 715
55 15 704.162919 731
56 15 696.483109 718
57 15 696.541202 718
58 15 701.498512 718
59 15 698.238616 715
60 15 700.843628 718
61 15 698.729779 715
62 15 700.420858 718
63 15 699.046856 715
64 15 700.146058 718
65 15 699.252957 715
66 15 699.967438 718
67 15 699.386922 715
68 15 699.851334 718
69 15 699.473999 715
70 15 699.775867 718
71 15 703.658978 715
72 15 701.036739 718
73 15 702.209139 718
74 15 703.248253 715
75 15 702.339029 718
76 15 703.134600 715
77 15 702.438475 718
78 15 703.047584 715
79 15 702.514614 718
80 15 702.980963 715
81 15 702.572907 718
82 15 702.929956 715
83 15 702.617538 718
84 15 702.890904 715
85 15 702.651709 718
86 15 704.255307 708
87 15 703.739288 715
88 15 703.918329 733
89 15 704.336003 708
90 15 704.143476 715
91 15 704.402992 718
92 15 704.159695 715
93 15 704.387786 718
94 15 704.173951 715
95 15 704.374421 718
96 15 704.186480 715
97 15 704.362675 718
98 15 704.197493 715
99 15 704.352351 718
100 15 704.207171 715
101 15 704.343277 718
102 15 704.215678 715
103 15 704.335302 718
104 15 704.223154 715
105 15 704.328293 718
106 15 704.229725 715
