0 15 584.000000 NaN
0 15 584.000000 NaN
0 15 28.000000 NaN
1 15 -71955661.546142 NaN
2 15 -267291033.501186 NaN
3 15 -572955506.000854 NaN
4 15 -1052118940.105293 NaN
5 15 -1542665511.246767 NaN
6 15 -2136897780.540314 NaN
7 15 -2580763540.761255 NaN
8 15 -3207951303.055266 NaN
9 15 -3617815364.148747 NaN
10 15 -4277925406.550292 NaN
11 15 -4653822035.786790 NaN
12 15 -5346821178.875265 NaN
13 15 -5688784608.990337 NaN
14 15 -6414639706.783691 NaN
15 15 -6194221071.012769 NaN
16 15 -4197833430.737438 NaN
17 15 -2118052615.752439 NaN
18 15 -1467916964.318222 NaN
19 15 -657216144.849502 NaN
20 15 -661501985.879046 NaN
21 15 -387616167.853956 NaN
22 15 -438132693.756241 NaN
23 15 -504320009.394560 NaN
24 15 -512788655.797300 NaN
25 15 -505543787.423327 NaN
26 15 -505171748.298420 NaN
27 15 -536493089.368067 NaN
28 15 -482305505.585539 NaN
29 15 -390229889.837744 NaN
30 15 -369206616.267745 NaN
31 15 -184651300.268707 NaN
32 15 -122408890.127205 NaN
33 15 -98670996.279922 NaN
34 15 -172836776.699191 NaN
35 15 -161841525.776736 NaN
36 16 -188390991.306611 NaN
37 16 -168965900.741165 NaN
38 16 -128422026.544308 NaN
39 16 -131467999.225157 NaN
40 16 -100552250.017824 NaN
41 16 -109015541.642528 NaN
42 16 -116465205.569308 NaN
43 16 -142266493.993230 NaN
44 16 -180585467.844331 NaN
45 16 -166947506.155017 NaN
46 16 -100192224.436299 NaN
47 16 -53188341.167385 NaN
48 16 -47765702.414428 NaN
49 16 -65481998.001640 NaN
50 16 -82199041.794870 NaN
51 16 -68903581.140572 NaN
52 16 -83439696.212577 NaN
53 16 -82810037.065240 NaN
54 16 -47075401.083973 NaN
55 16 -53294753.969308 NaN
56 16 -51958105.815642 NaN
57 16 -43173167.368177 NaN
58 16 -50119044.071921 NaN
59 16 -51660200.649279 NaN
60 16 -44214547.652513 NaN
61 16 -35517945.723897 NaN
62 16 -25254789.177403 NaN
63 16 -29239169.116455 NaN
64 16 -23736158.807943 NaN
65 16 -21316600.230916 NaN
66 16 -25356880.265376 NaN
67 16 -22736565.432463 NaN
68 16 -34190777.915924 NaN
69 16 -34897911.721885 NaN
70 16 -35478681.753477 NaN
71 16 -34977791.253794 NaN
72 16 -35513284.016441 NaN
73 16 -33269019.973364 NaN
74 16 -24339991.722482 NaN
75 16 -24134869.201981 NaN
76 16 -11861788.535095 NaN
77 16 -9918339.641267 NaN
78 16 -10559100.965038 NaN
79 16 -17913639.502310 NaN
80 16 -17123057.677924 NaN
81 16 -15023510.381806 NaN
82 16 -12987635.958130 NaN
83 16 -11535977.005404 NaN
84 16 -16874640.281419 NaN
85 16 -16650836.436074 NaN
86 16 -17429510.474940 NaN
87 16 -15444834.854732 NaN
88 16 -11668635.504671 NaN
89 16 -17741239.144314 NaN
