0 15 584.000000 NaN
0 15 584.000000 NaN
0 15 276.000000 NaN
1 15 -81303929.384615 NaN
2 15 -190770371.120327 NaN
3 15 -593066792.274655 NaN
4 15 -925277209.426589 NaN
5 15 -1722973033.135215 NaN
6 15 -1834518367.591658 NaN
7 15 -2800592183.553077 NaN
8 15 -2712578416.080283 NaN
9 15 -3912969850.369277 NaN
10 15 -3432174486.243397 NaN
11 15 -2824224611.421121 NaN
12 15 -3107854884.252351 NaN
13 15 -2191125594.459749 NaN
14 15 -2431648224.093422 NaN
15 15 -2267195641.088232 NaN
16 15 -1316410839.080380 NaN
17 15 -1210394761.574669 NaN
18 15 -893542685.410452 NaN
19 15 -542403535.987501 NaN
20 15 -491368890.761861 NaN
21 15 -412229815.795931 NaN
22 15 -290706034.024242 NaN
23 15 -328858773.569082 NaN
24 15 -318888266.339719 NaN
25 15 -397894507.072563 NaN
26 15 -357917536.368945 NaN
27 15 -527617725.600563 NaN
28 15 -427468282.600228 NaN
29 15 -609552593.619318 NaN
30 15 -523128135.373396 NaN
31 15 -374443629.697561 NaN
32 15 -146869379.607402 NaN
33 15 -126506334.498523 NaN
34 15 -90969640.235906 NaN
35 15 -157043210.876709 NaN
36 15 -212840341.296905 NaN
37 15 -179165970.824321 NaN
38 15 -128680373.265602 NaN
39 15 -146668382.934833 NaN
40 15 -103522443.330008 NaN
41 15 -148919453.853623 NaN
42 15 -143112327.433864 NaN
43 15 -213805038.163744 NaN
44 15 -187517750.982649 NaN
45 15 -136200089.578369 NaN
46 15 -95542565.600360 NaN
47 15 -44390776.645956 NaN
48 15 -45847113.542281 NaN
49 15 -74156624.298042 NaN
50 15 -59876848.824485 NaN
51 15 -90047554.071894 NaN
52 15 -72352348.698558 NaN
53 15 -58443745.027800 NaN
54 15 -65070839.399922 NaN
55 15 -49919193.629564 NaN
56 15 -45366231.061401 NaN
57 15 -56053686.047207 NaN
58 15 -45351295.262283 NaN
59 15 -60692788.383511 NaN
60 15 -54655390.338598 NaN
61 15 -36939251.145806 NaN
62 15 -37177665.879315 NaN
63 15 -32995014.493122 NaN
64 15 -22393966.320079 NaN
65 15 -26729704.394706 NaN
66 15 -25273551.071425 NaN
67 15 -19752275.618392 NaN
68 15 -25391001.260265 NaN
69 15 -24566146.120415 NaN
70 15 -32918333.602406 NaN
71 15 -27900139.302529 NaN
72 15 -42801773.462418 NaN
73 15 -36511064.511728 NaN
74 15 -29266338.160563 NaN
75 15 -27611073.350261 NaN
76 15 -13002103.341046 1846
77 15 -12401139.112561 NaN
78 15 -11905746.405318 NaN
79 15 -11481305.509233 NaN
80 15 -11095385.164811 NaN
81 15 -10736743.225582 NaN
82 15 -10388566.315640 NaN
83 15 -10039531.103459 NaN
84 15 -9735969.237418 NaN
85 15 -9447487.703061 NaN
86 15 -9159520.525794 NaN
87 15 -8876556.486031 NaN
88 15 -8600197.205260 NaN
89 15 -8340655.178662 1358
