0 15 584.000000 838
0 15 584.000000 838
0 15 361.000000 847
1 15 627.806478 835
2 15 655.624192 858
3 15 620.117629 NaN
4 15 615.535493 922
5 15 607.042554 854
6 15 480.961878 901
7 15 472.197116 869
8 15 340.737517 897
9 15 238.429695 869
10 15 137.604173 897
11 15 34.726859 869
12 15 -43.465014 897
13 15 -166.461127 869
14 15 -222.298779 897
15 15 -365.165310 869
16 15 -398.924720 897
17 15 -561.416356 869
18 15 -120.920962 886
19 15 312.592532 893
20 15 482.527375 851
21 15 614.665005 851
22 15 619.514971 856
23 15 676.346132 803
24 15 682.415280 934
25 15 706.767619 852
26 15 694.775792 812
27 15 691.414176 846
28 15 690.910052 832
29 15 685.817666 851
30 15 699.176645 824
31 15 702.800024 894
32 15 684.477734 813
33 15 683.811304 NaN
34 15 680.964577 835
35 15 685.458303 852
36 15 694.345966 832
37 15 688.515715 869
38 15 682.088524 844
39 15 693.934749 881
40 15 684.765745 844
41 15 737.415052 805
42 15 727.394569 862
43 15 731.308516 816
44 15 733.776415 906
45 15 734.945533 806
46 15 731.321681 834
47 15 735.645645 837
48 15 736.678154 829
49 15 730.759532 816
50 15 733.596439 834
51 15 734.626780 852
52 15 736.351485 869
53 15 732.831461 906
54 15 735.351406 856
55 15 738.811336 823
56 15 735.044758 832
57 15 733.605238 880
58 15 735.586912 826
59 15 730.276975 865
60 15 738.886000 829
61 15 731.939088 852
62 15 737.729438 838
63 15 732.560281 830
64 15 735.144859 829
65 15 733.852570 830
66 15 734.498715 829
67 15 734.158442 848
68 15 738.757896 842
69 15 728.665315 816
70 15 734.581538 838
71 15 733.931132 852
72 15 736.531728 838
73 15 733.159136 852
74 15 737.136908 838
75 15 731.492776 865
76 15 749.635606 811
77 15 747.587590 836
78 15 749.134762 809
79 15 747.002737 882
80 15 751.802823 821
81 15 746.679395 816
82 15 751.116876 858
83 15 747.972991 816
84 15 750.232757 858
85 15 748.537932 816
86 15 749.827106 858
87 15 748.842171 816
88 15 749.596261 858
89 15 749.015304 816
90 15 749.460100 858
91 15 749.117425 816
92 15 749.379785 858
93 15 749.177661 816
94 15 749.332412 858
95 15 749.213191 816
96 15 754.878901 821
97 15 754.748668 775
98 15 758.044019 821
99 15 756.615914 840
100 15 757.464787 895
101 15 757.138064 785
102 15 757.346776 848
103 15 757.243353 883
104 15 758.315491 848
105 15 756.755195 871
106 15 758.120454 848
107 15 756.925852 871
108 15 757.971129 848
109 15 757.056512 871
110 15 757.856802 848
111 15 757.156548 871
112 15 757.769270 848
113 15 757.233139 871
114 15 757.702254 848
115 15 757.291778 871
116 15 757.650944 848
117 15 757.336674 871
118 15 757.611660 848
119 15 757.371047 871
120 15 759.812786 804
121 15 757.799982 822
122 15 759.252805 855
123 15 759.252288 897
124 15 759.305628 857
125 15 759.187101 863
126 15 759.282780 829
127 15 759.313019 871
128 15 759.284670 829
129 15 759.311247 871
130 15 759.286331 829
131 15 759.309690 871
132 15 759.287791 829
133 15 759.308321 871
134 15 759.289074 829
135 15 759.307118 871
