0 15 3241.000000 NaN
0 26 3241.000000 NaN
0 26 1754.000000 NaN
1 26 -71682959.478261 NaN
2 26 -230291983.195147 NaN
3 26 -914178543.186923 NaN
4 26 -2184996779.768548 NaN
5 26 -3693339178.684959 NaN
6 26 -6364873941.880366 NaN
7 26 -10287539532.714865 NaN
8 26 -16306384120.290962 NaN
9 26 -25124108022.322506 NaN
10 26 -38674205650.308594 NaN
11 26 -58505526955.445312 NaN
12 26 -89000507290.600327 NaN
13 26 -133611784225.728180 NaN
14 26 -202231768251.382355 NaN
15 26 -302596508705.270691 NaN
16 27 -456995540690.082764 NaN
17 27 -682802341684.853271 NaN
18 27 -1030199258430.876465 NaN
19 27 -1538243422983.300049 NaN
20 27 -2319874391149.855957 NaN
21 27 -3462936260645.118652 NaN
22 27 -5221568669249.137695 NaN
23 27 -7793383558925.271484 NaN
24 27 -11750212565641.039062 NaN
25 27 -17536638916992.369141 NaN
26 27 -26439282826280.218750 NaN
27 27 -39458398595306.664062 NaN
28 27 -59488839295617.164062 NaN
29 27 -88781086930256.125000 NaN
30 27 -89457089073447.765625 NaN
31 27 -65915292130069.484375 NaN
32 27 -40566184243058.406250 NaN
33 27 -33417124360610.980469 NaN
34 27 -15704034334838.421875 NaN
35 27 -15572503909907.515625 NaN
36 28 -9242183327011.001953 NaN
37 28 -7753044933273.856445 NaN
38 28 -4259584732832.364258 NaN
39 28 -3934270657062.404297 NaN
40 28 -2230389498503.253418 NaN
41 28 -2140572143802.240234 NaN
42 28 -1055428273363.017944 NaN
43 28 -1059486580308.901855 NaN
44 28 -576423244107.303223 NaN
45 28 -549117366873.764648 NaN
46 28 -278719342225.301147 NaN
47 28 -272223081128.835968 NaN
48 28 -142468602405.461212 NaN
49 28 -134181726154.747574 NaN
50 28 -73236614401.968582 NaN
51 28 -68977291833.404663 NaN
52 28 -35222910927.684616 NaN
53 28 -34441195814.203255 NaN
54 28 -18239668230.669769 NaN
55 28 -17188508602.607929 NaN
56 29 -9613609860.774395 NaN
57 29 -9069929221.747393 NaN
58 29 -4841402419.178969 NaN
59 29 -4772996402.709616 NaN
60 29 -3468872150.969634 NaN
61 29 -1958855229.423535 NaN
62 29 -968349003.860337 NaN
63 29 -507158598.813668 NaN
64 29 -230194119.973541 NaN
65 29 -179029566.527683 NaN
66 29 -250188457.914583 NaN
67 29 -307205499.036612 NaN
68 29 -303782784.256932 NaN
69 29 -343751104.461390 NaN
70 29 -289515060.525377 NaN
71 29 -226055355.757506 NaN
72 29 -253764129.930842 NaN
73 29 -173294278.516986 NaN
74 29 -258981245.881268 NaN
75 29 -287137657.929081 NaN
76 30 -317549539.390421 NaN
77 30 -327408118.922175 NaN
78 30 -339364052.691242 NaN
79 30 -241934410.920853 NaN
80 30 -232006777.345686 NaN
81 30 -198338110.653610 NaN
82 30 -197552789.151246 NaN
83 30 -183303650.194037 NaN
84 30 -178436181.381802 NaN
85 30 -180964545.516482 NaN
86 30 -177357724.379120 NaN
87 30 -246386053.127735 NaN
88 30 -286191128.728083 NaN
89 30 -307045898.573909 NaN
90 30 -307041309.573909 NaN
91 30 -205762111.377218 NaN
92 30 -105457883.874567 NaN
93 30 -75777976.875945 NaN
94 30 -108961103.682548 NaN
95 31 -125938987.743729 NaN
96 31 -125934669.743729 NaN
97 31 -124357772.317854 NaN
98 31 -93132923.428836 NaN
99 31 -94523474.659845 NaN
100 31 -72693453.068505 NaN
101 31 -84185779.524074 NaN
102 31 -79880531.821566 NaN
103 31 -104341803.807959 NaN
104 31 -119802522.847138 NaN
105 31 -119767147.716270 NaN
106 31 -124482832.714203 NaN
107 31 -123112637.514259 NaN
108 31 -91883199.637322 NaN
109 31 -88369563.869516 NaN
110 31 -74920492.718951 NaN
111 31 -81716639.388175 NaN
112 31 -77363639.074289 NaN
113 31 -105327151.739053 NaN
114 31 -119989069.300112 NaN
115 32 -119801613.310936 NaN
116 32 -124517549.271937 NaN
117 32 -123119183.298956 NaN
118 32 -91887665.089847 NaN
119 32 -88370449.779432 NaN
120 32 -77947052.436190 NaN
121 32 -43694367.384447 NaN
122 32 -33717527.109972 NaN
123 32 -33844057.290451 NaN
124 32 -51687017.014262 NaN
125 32 -55443024.317807 NaN
126 32 -53672601.665138 NaN
127 32 -55787519.680909 NaN
128 32 -55278992.407734 NaN
129 32 -41109266.282779 NaN
130 32 -39585890.272280 NaN
131 32 -34383541.331450 NaN
132 32 -37672911.586459 NaN
133 32 -35887653.114184 NaN
134 33 -49054279.499131 NaN
135 33 -54665742.137054 NaN
136 33 -53862651.652295 NaN
137 33 -55978261.597631 NaN
138 33 -55297040.190717 NaN
139 33 -41121399.507800 NaN
140 33 -39587111.471599 NaN
141 33 -34384327.221665 NaN
142 33 -37672989.628390 NaN
143 33 -35887658.061685 NaN
144 33 -49054279.929226 NaN
145 33 -54665742.177767 NaN
146 33 -53862651.656056 NaN
147 33 -55978261.601406 NaN
148 33 -55297040.191074 NaN
149 33 -41121399.508040 NaN
150 33 -39429588.323529 NaN
151 33 -19910394.116358 NaN
152 33 -15344053.652472 NaN
153 33 -15872500.402762 NaN
154 34 -24243983.676780 NaN
155 34 -27615983.294369 NaN
156 34 -26456909.555951 NaN
157 34 -21919499.433656 NaN
158 34 -19867174.681408 NaN
159 34 -18207222.404367 NaN
160 34 -17893652.760435 NaN
161 34 -16929343.549237 NaN
162 34 -15871086.535083 NaN
163 34 -24581014.083829 NaN
164 34 -24771708.757758 NaN
165 34 -26577864.407015 NaN
166 34 -25532717.591252 NaN
167 34 -25319047.007160 NaN
168 34 -18507332.127490 NaN
169 34 -22532244.954492 NaN
170 34 -15881117.282589 NaN
171 34 -16632752.178795 NaN
172 34 -19617882.121049 NaN
173 34 -22446229.095295 NaN
174 35 -25820870.988842 NaN
175 35 -25975506.327602 NaN
176 35 -25986305.859106 NaN
177 35 -25983261.087146 NaN
178 35 -25986526.639774 NaN
179 35 -25983414.159925 NaN
