0 15 3125.000000 NaN
0 15 3125.000000 NaN
0 15 3008.000000 NaN
1 15 -267343220.741176 NaN
2 15 -569103750.041655 NaN
3 15 -1784854113.516337 NaN
4 15 -3036249912.990194 NaN
5 15 -5833192707.256685 NaN
6 15 -8579502531.557188 NaN
7 15 -15040703435.755003 NaN
8 15 -20996971128.706276 NaN
9 15 -35546614880.588326 NaN
10 15 -48651732435.041168 NaN
11 15 -81215028047.012985 NaN
12 15 -110241243769.577042 NaN
13 15 -182922477957.255524 NaN
14 15 -247406336767.794067 NaN
15 15 -409433640706.604980 NaN
16 15 -552884693870.128052 NaN
17 15 -913893312985.688110 NaN
18 15 -1233211040888.708008 NaN
19 15 -2037368014484.258545 NaN
20 15 -2748355821808.797363 NaN
21 15 -4539441964627.530273 NaN
22 15 -6122712433469.900391 NaN
23 15 -10111773983884.380859 NaN
24 15 -13637692312651.162109 NaN
25 15 -22521832499963.539062 NaN
26 15 -30374193247179.910156 NaN
27 15 -50160090923955.976562 NaN
28 15 -67647807818986.289062 NaN
29 15 -111712848932443.609375 NaN
30 15 -92530292222063.921875 NaN
31 15 -60699402931520.960938 NaN
32 15 -45223042320541.250000 NaN
33 15 -40499514094945.898438 NaN
34 15 -21724414349494.105469 NaN
35 15 -18026009050404.578125 NaN
36 15 -9672933550027.664062 NaN
37 15 -9236244519012.542969 NaN
38 15 -5514014172655.165039 6265
39 16 -3807843771393.698730 NaN
40 16 -2501675259803.613281 NaN
41 16 -1679654179141.917480 NaN
42 16 -1309900628113.981689 NaN
43 16 -908476514498.009033 NaN
44 16 -687846352348.565430 NaN
45 16 -394571554703.163696 NaN
46 16 -308531656699.241760 NaN
47 16 -220360687478.090698 NaN
48 16 -155284254523.767242 NaN
49 16 -108783145674.217209 NaN
50 16 -88702661960.802048 NaN
51 16 -50520692133.083023 NaN
52 16 -39632586619.217155 NaN
53 16 -26144551442.683693 NaN
54 16 -20120897544.551029 NaN
55 16 -12854391657.412704 NaN
56 16 -10935553461.433527 NaN
57 16 -6689201609.174527 NaN
58 16 -5055225189.801054 NaN
59 16 -3289642625.719742 NaN
60 16 -2608974208.962592 NaN
61 16 -1815171178.749280 NaN
62 16 -1319449961.215559 NaN
63 16 -888574660.757187 NaN
64 16 -565637612.641994 NaN
65 16 -376122122.541043 NaN
66 16 -266658523.882791 NaN
67 16 -195161328.053255 6409
68 16 -138253313.826770 5856
69 16 -103108355.986250 5872
70 16 -87542403.303841 NaN
71 16 -73707817.567645 NaN
72 16 -59697811.038098 5851
73 16 -49911152.862932 NaN
74 16 -41540512.710467 NaN
75 16 -35363399.571213 NaN
76 16 -31535517.152153 NaN
77 16 -29030312.217309 6140
78 16 -24745467.615508 NaN
79 16 -21928702.121406 5203
80 16 -21436498.961072 NaN
81 16 -17971943.565451 NaN
82 16 -17213665.581874 NaN
83 16 -15925245.748013 NaN
84 16 -15158774.505839 NaN
85 16 -13671510.191082 NaN
86 16 -13465085.501233 5240
87 16 -12523483.609976 NaN
88 16 -11402996.825245 NaN
89 16 -10294831.869436 6074
90 16 -9718908.324312 4937
91 16 -8953098.943328 NaN
92 16 -8031243.492073 5265
93 16 -7835911.145072 NaN
94 16 -7770219.489792 5323
95 16 -7527471.627586 NaN
96 16 -7314984.162692 NaN
97 16 -7171646.935623 4977
98 16 -6935350.065547 NaN
99 16 -7183060.869499 NaN
100 16 -6653751.572895 NaN
101 16 -6798393.186511 NaN
102 16 -6064120.202851 NaN
103 16 -5872341.712980 NaN
104 16 -5933491.664034 5779
105 16 -5470977.005327 NaN
106 16 -5711141.953124 NaN
107 16 -5442344.204347 NaN
108 16 -5537059.748251 NaN
109 16 -5039186.274545 NaN
110 16 -4863263.795692 NaN
111 16 -4890380.909145 NaN
112 16 -4588930.738801 5995
113 16 -4463549.848414 4498
114 16 -4597047.103612 NaN
115 16 -4540453.848305 NaN
116 16 -4489179.179302 NaN
117 16 -4087724.379291 5448
118 16 -3985666.963606 NaN
119 16 -4079696.109970 5939
120 16 -3855892.397963 NaN
121 16 -3617272.688754 6873
122 16 -3476612.415062 NaN
123 16 -3510128.349201 NaN
124 16 -3476585.135427 NaN
125 16 -3497817.553468 NaN
126 16 -3460273.609530 NaN
127 16 -3452557.399846 6619
128 16 -3271900.395322 5704
129 16 -3260153.507771 NaN
130 16 -3298329.543771 NaN
131 16 -3222495.474385 NaN
132 16 -3163446.775920 NaN
133 16 -3174952.819476 NaN
134 16 -3113839.269562 NaN
135 16 -3162301.712998 NaN
136 16 -3101338.447309 NaN
137 16 -3115315.350779 NaN
138 16 -3013078.791416 5372
139 16 -2943770.200359 NaN
140 16 -2960068.384600 5662
141 16 -2864703.759075 NaN
142 16 -2976329.560709 NaN
143 16 -2861755.680881 NaN
144 16 -2932023.561099 NaN
145 16 -2747274.891624 NaN
146 17 -2738976.705005 NaN
147 17 -2766378.232155 NaN
148 17 -2703082.261689 NaN
149 17 -2753859.495123 NaN
150 17 -2685503.456685 5971
151 17 -2568080.047619 6865
152 17 -2520372.991262 NaN
153 17 -2531226.736752 4635
154 17 -2531464.188196 NaN
155 17 -2531787.901094 NaN
156 17 -2503099.307713 NaN
157 17 -2508299.811256 NaN
158 17 -2476867.249019 NaN
159 17 -2486908.930898 5739
160 17 -2426656.204327 NaN
161 17 -2411744.882428 NaN
162 17 -2426256.340987 NaN
163 17 -2417492.844699 NaN
164 17 -2422640.666472 NaN
165 17 -2397608.757886 NaN
166 17 -2369491.972560 NaN
167 17 -2368778.281989 NaN
168 17 -2359037.412620 NaN
169 17 -2327214.099991 NaN
170 17 -2350403.813729 NaN
171 17 -2299809.779900 5976
172 17 -2273383.625759 NaN
173 17 -2294092.103610 NaN
174 17 -2280054.746495 NaN
175 17 -2279902.782826 NaN
176 17 -2249675.533596 NaN
177 17 -2256085.202310 NaN
178 17 -2225480.968944 5509
179 17 -2201809.562279 4876
