0 15 3241.000000 NaN
0 30 3241.000000 NaN
0 30 1033.000000 NaN
1 30 -88803180.392899 NaN
2 31 -217956872.947798 NaN
3 31 -1051890743.678599 NaN
4 31 -2122211667.454113 NaN
5 31 -4214595680.612028 NaN
6 31 -6611559684.277359 NaN
7 31 -11467332427.990917 NaN
8 31 -16721435150.320620 NaN
9 31 -27704405146.181526 NaN
10 31 -39354930454.465096 NaN
11 31 -64055170331.625549 NaN
12 31 -90025694046.296387 NaN
13 31 -145435487615.475677 NaN
14 31 -203464924199.542145 NaN
15 31 -327625766346.446350 NaN
16 32 -457427130915.440857 NaN
17 32 -735504461981.071655 NaN
18 32 -1025985312709.157227 NaN
19 32 -1648643360013.407227 NaN
20 32 -2298845594814.840820 NaN
21 32 -3692934116122.524902 NaN
22 32 -5148463012421.478516 NaN
23 32 -8269592392884.723633 NaN
24 32 -11528047276999.076172 NaN
25 32 -18515591363266.898438 NaN
26 32 -25810348872077.253906 NaN
27 32 -41453833318998.609375 NaN
28 32 -57784867961885.078125 NaN
29 33 -92806848826871.562500 NaN
30 33 -82963642137908.312500 NaN
31 33 -65069809499288.203125 NaN
32 33 -44265586823962.515625 NaN
33 33 -32032276171405.707031 NaN
34 33 -22013340769162.457031 NaN
35 33 -16585635334605.835938 NaN
36 33 -10973597639053.046875 NaN
37 33 -8249579700875.522461 NaN
38 33 -5734131808314.857422 NaN
39 33 -4135786388879.040039 NaN
40 33 -2817378735984.336914 NaN
41 33 -2125988237872.209229 NaN
42 33 -1387095361483.500244 NaN
43 34 -1042904182880.748657 NaN
44 34 -715977423760.228027 NaN
45 34 -516509422700.062988 NaN
46 34 -352014801476.633911 NaN
47 34 -265756392151.393433 NaN
48 34 -173527209912.259949 NaN
49 34 -130597366031.190948 NaN
50 34 -89815014679.113907 NaN
51 34 -64896289832.146973 NaN
52 34 -44388088961.092163 NaN
53 34 -33636824074.869587 NaN
54 34 -22098901128.020084 NaN
55 34 -16759808456.279640 NaN
56 34 -11682830526.450027 NaN
57 35 -8544033920.793881 NaN
58 35 -6002602375.009871 NaN
59 35 -4672964534.362791 NaN
60 35 -3309642209.231617 NaN
61 35 -2317656943.404801 NaN
62 35 -1416165298.732858 NaN
63 35 -723914458.216675 NaN
64 35 -355914444.022559 NaN
65 35 -219239101.784717 NaN
66 35 -258822479.463940 NaN
67 35 -319678522.527555 NaN
68 35 -286147185.813908 NaN
69 35 -347433827.154276 NaN
70 36 -287518271.883879 NaN
71 36 -226904748.109450 NaN
72 36 -226858479.070086 NaN
73 36 -169160852.121366 NaN
74 36 -185094924.932850 NaN
75 36 -198676451.527977 NaN
76 36 -242964750.101896 NaN
77 36 -318308195.032335 NaN
78 36 -285684866.586152 NaN
79 36 -346936721.771033 NaN
80 36 -287355095.100738 NaN
81 36 -226785202.212064 NaN
82 36 -226813973.494909 NaN
83 36 -169129991.524830 NaN
84 37 -185084266.005556 NaN
85 37 -198673483.725796 NaN
86 37 -242963758.456455 NaN
87 37 -318307785.858247 NaN
88 37 -285684728.539554 NaN
89 37 -346936573.337434 NaN
90 37 -311644975.989051 NaN
91 37 -208665405.944616 NaN
92 37 -115440654.888285 NaN
93 37 -67179511.696140 NaN
94 37 -74967072.510365 NaN
95 37 -109102172.449419 NaN
96 37 -130095163.143276 NaN
97 38 -113920228.265101 NaN
98 38 -88874134.553195 NaN
99 38 -89084791.030060 NaN
100 38 -70740765.617006 NaN
101 38 -77941339.136905 NaN
102 38 -82194163.171967 NaN
103 38 -101944849.984689 NaN
104 38 -129016119.446867 NaN
105 38 -111993982.807475 NaN
106 38 -133967702.634342 NaN
107 38 -121452287.615133 NaN
108 38 -85223352.596493 NaN
109 38 -90098458.683589 NaN
110 38 -75809166.072431 NaN
111 39 -73915595.372187 NaN
112 39 -81232480.611557 NaN
113 39 -73799114.618330 NaN
114 39 -111424247.991057 NaN
115 39 -117092702.039600 NaN
116 39 -133010940.991236 NaN
117 39 -121317128.798057 NaN
118 39 -86934549.902331 NaN
119 39 -87446302.019776 NaN
120 39 -79071245.620298 NaN
121 39 -39815245.581103 NaN
122 39 -34443126.411319 NaN
123 39 -36372754.082434 NaN
124 40 -48715148.759610 NaN
125 40 -58433443.091911 NaN
126 40 -50617883.186677 NaN
127 40 -59295662.994477 NaN
128 40 -54415173.604798 NaN
129 40 -38733330.353192 NaN
130 40 -39677907.173492 NaN
131 40 -34823029.236258 NaN
132 40 -34834699.140791 NaN
133 40 -37179925.035466 NaN
134 40 -47672328.913006 NaN
135 40 -58327857.582442 NaN
136 40 -50608776.436486 NaN
137 40 -59286419.643033 NaN
138 41 -54414317.755740 NaN
139 41 -38732761.475832 NaN
140 41 -39677850.158389 NaN
141 41 -34822991.297929 NaN
142 41 -34834695.666518 NaN
143 41 -37179924.806110 NaN
144 41 -47672328.893675 NaN
145 41 -58327857.580484 NaN
146 41 -50608776.436317 NaN
147 41 -59286419.642861 NaN
148 41 -54414317.755724 NaN
149 41 -38732761.475821 NaN
150 41 -38323037.103908 NaN
151 42 -19260156.818686 NaN
152 42 -16058652.472201 NaN
153 42 -17881997.678975 NaN
154 42 -23028680.502826 NaN
155 42 -28524859.115479 NaN
156 42 -23866900.334501 NaN
157 42 -25039089.254377 NaN
158 42 -20087970.463117 NaN
159 42 -17686368.308218 NaN
160 42 -16219512.663338 NaN
161 42 -18566052.067803 NaN
162 42 -16597931.671903 NaN
163 42 -26331668.925118 NaN
164 42 -23623330.185230 NaN
165 43 -28351163.478486 NaN
166 43 -26174653.680115 NaN
167 43 -18292655.041875 NaN
168 43 -19055026.728272 NaN
169 43 -16539570.864630 NaN
170 43 -16721190.523371 NaN
171 43 -18209835.916546 NaN
172 43 -22774981.163189 NaN
173 43 -28105207.823571 NaN
174 43 -23698857.730232 NaN
175 43 -28427338.931349 NaN
176 43 -26178235.468868 NaN
177 43 -18295001.430048 NaN
178 43 -19055146.417139 NaN
179 44 -16539649.966438 NaN
