0 15 3241.000000 4760
0 20 3241.000000 4760
0 20 2508.000000 4634
1 20 3523.277532 4675
2 20 3361.924728 4502
3 20 3357.465949 4684
4 20 3009.385651 4543
5 20 1697.508351 4545
6 20 381.492391 4553
7 20 -1021.791348 5050
8 20 -2735.042731 4553
9 20 -7023.981411 5050
10 20 -11949.975039 4553
11 20 -21804.367884 5050
12 20 -32583.979918 4553
13 20 -54900.494521 5050
14 20 -78787.483441 4553
15 20 -129009.084331 5050
16 20 -182246.009808 4553
17 20 -294952.463257 5050
18 20 -413909.538804 4553
19 20 -666531.588972 5050
20 20 -932648.714308 4553
21 20 -1498568.682356 5050
22 20 -2094205.448635 4553
23 21 -3361659.681969 5050
24 21 -4695154.269878 4553
25 21 -7533478.583368 5050
26 21 -10519178.676781 4553
27 21 -16874983.077609 5050
28 21 -23560288.911316 4553
29 21 -37792407.414190 5050
30 21 -52761841.698028 4553
31 21 -84630541.586936 5050
32 21 -75828751.041799 5658
33 21 -70249205.692148 5077
34 21 -50280746.538084 7787
35 21 -23587753.682062 4984
36 21 -17290157.005669 4812
37 21 -12968956.184012 6116
38 21 -9281998.630088 5134
39 21 -7333908.560067 5333
40 21 -5259146.013301 6065
41 21 -3708861.575173 4955
42 21 -2721291.716767 5331
43 21 -1958090.605424 6027
44 21 -1339704.334030 4955
45 21 -976557.304595 5324
46 21 -687181.419057 6044
47 21 -469396.875609 4955
48 21 -338648.279027 5324
49 21 -235112.762174 6044
50 21 -160155.127404 4955
51 22 -113300.988355 5324
52 22 -75575.404415 6044
53 22 -50905.168324 4955
54 22 -33840.630207 5018
55 22 -19299.358415 6062
56 22 -12430.113238 5093
57 22 -5182.778405 4732
58 22 -243.422489 5128
59 22 1727.634894 4841
60 22 2564.206944 4791
61 22 3219.815287 4683
62 22 3711.448007 4597
63 22 3878.783262 4528
64 22 3991.322220 4652
65 22 3954.227388 4412
66 22 4044.661633 4633
67 22 4047.173558 4695
68 22 4056.454664 4539
69 22 4041.805522 4513
70 22 4065.667193 4644
71 22 4059.887406 4517
72 22 4080.249493 4731
73 22 4083.894364 4445
74 22 4075.853230 4568
75 22 4073.663935 4730
76 22 4095.166095 4645
77 22 4101.435946 4538
78 23 4080.332747 4712
79 23 4082.248243 4514
80 23 4087.783619 5159
81 23 4106.450507 4453
82 23 4083.474418 4610
83 23 4081.774431 4514
84 23 4063.710652 4597
85 23 4103.254039 4483
86 23 4109.011837 4810
87 23 4099.618130 4585
88 23 4084.245466 4527
89 23 4107.882918 4508
90 23 4072.771813 4476
91 23 4104.873262 4468
92 23 4069.382042 4441
93 23 4101.462522 4462
94 23 4071.047891 4659
95 23 4103.224905 4463
96 23 4087.880154 4502
97 23 4116.728451 4536
98 23 4063.579302 4546
99 23 4113.056807 4562
100 23 4078.516924 4740
101 23 4102.524246 4501
102 23 4108.110654 4581
103 23 4087.411495 4535
104 23 4098.436446 4771
105 23 4121.489233 4528
106 24 4099.587639 4429
107 24 4081.440479 4471
108 24 4087.155538 4539
109 24 4101.953556 4506
110 24 4102.978166 4727
111 24 4109.316396 4502
112 24 4093.919680 4707
113 24 4098.755713 4536
114 24 4100.602030 4537
115 24 4078.917290 4513
116 24 4079.052590 4707
117 24 4094.169853 4467
118 24 4102.476446 4563
119 24 4101.424870 4565
120 24 4078.723923 4535
121 24 4121.074252 4538
122 24 4077.379490 4743
123 24 4111.945280 4527
124 24 4085.026179 4707
125 24 4090.633413 4484
126 24 4097.583075 4857
127 24 4098.629287 4524
128 24 4094.733710 4773
129 24 4100.824582 4754
130 24 4081.347924 4852
131 24 4081.955839 4723
132 24 4100.657472 4597
133 24 4101.170349 4678
134 24 4085.189180 4689
135 25 4093.538624 4723
136 25 4181.116678 4447
137 25 4180.849906 4505
138 25 4200.853194 4475
139 25 4194.016201 4466
140 25 4203.900315 4464
141 25 4204.516668 4393
142 25 4184.710234 4525
143 25 4206.505517 4507
144 25 4198.776362 4492
145 25 4213.749245 4525
146 25 4206.716454 4449
147 25 4205.064557 4512
148 25 4203.385928 4478
149 25 4213.537782 4472
150 25 4198.666329 4422
151 25 4206.562469 4511
152 25 4196.761070 4545
153 25 4214.881782 4533
154 25 4197.339999 4342
155 25 4227.354584 4304
156 25 4208.689934 4466
157 25 4220.579136 4462
158 25 4236.885467 4456
159 25 4221.849024 4461
160 25 4228.788889 4438
161 25 4211.244643 4371
162 25 4228.951328 4579
163 25 4218.702961 4510
164 25 4233.583011 4528
165 26 4221.801020 4526
166 26 4229.091591 4440
167 26 4218.900741 4539
168 26 4219.965087 4429
169 26 4228.385027 4452
170 26 4230.185579 4600
171 26 4228.932972 4409
172 26 4212.788312 4763
173 26 4238.370262 4328
174 26 4221.258820 4392
175 26 4220.252264 4489
176 26 4224.135901 4414
177 26 4228.864841 4388
178 26 4221.098656 4381
179 26 4227.106056 4425
180 26 4229.953657 4431
181 26 4223.561885 4409
182 26 4233.899015 4585
183 26 4213.334066 4446
184 26 4239.780068 4373
185 26 4222.020608 4518
186 26 4232.133353 4477
187 26 4218.746773 4418
188 26 4228.593157 4430
189 26 4228.648453 4591
190 26 4237.979369 4462
191 26 4220.545677 4352
192 26 4231.602619 4586
193 26 4229.419566 4579
194 26 4239.129988 4674
195 27 4220.083534 4573
196 27 4229.518161 4334
197 27 4216.158906 4506
198 27 4222.859261 4511
199 27 4230.070956 4349
200 27 4219.178659 4763
201 27 4235.130260 4507
202 27 4237.811038 4530
203 27 4228.491581 4491
204 27 4224.348441 4423
205 27 4235.279218 4489
206 27 4227.564468 4668
207 27 4230.701845 4509
208 27 4233.625326 4838
209 27 4238.357081 4403
210 27 4225.197180 4636
211 27 4236.465293 4535
212 27 4227.644642 4511
213 27 4230.702942 4699
214 27 4225.413629 4475
215 27 4255.627224 4431
216 27 4250.258397 4403
217 27 4250.219581 4467
218 27 4257.659304 4383
219 27 4248.611642 4501
220 27 4248.825120 4441
221 27 4255.906775 4472
222 27 4254.037151 4341
223 27 4250.256799 4538
224 27 4252.315314 4524
225 28 4254.791780 4432
226 28 4248.375182 4569
227 28 4257.332021 4483
228 28 4243.523791 4538
229 28 4257.570841 4594
230 28 4251.259419 4453
231 28 4258.048284 4397
232 28 4251.081857 4523
233 28 4256.216220 4361
234 28 4255.279319 4403
235 28 4254.936641 4566
236 28 4251.545120 4361
237 28 4254.668251 4499
238 28 4255.598062 4670
239 28 4252.337779 4461
240 28 4257.871943 4551
241 28 4254.476666 4430
242 28 4258.174504 4402
243 28 4251.796099 4427
244 28 4254.637835 4575
245 28 4255.449536 4400
246 28 4256.111127 4427
247 28 4257.550340 4341
248 28 4257.490309 4529
249 28 4256.704549 4474
250 28 4253.447579 4447
251 28 4256.458343 4439
252 28 4257.209818 4411
253 28 4257.672778 4509
254 29 4258.531568 4428
255 29 4250.681519 4584
256 29 4259.530416 4445
257 29 4253.046784 4665
258 29 4256.525214 4330
259 29 4253.409454 4562
260 29 4254.582332 4395
261 29 4256.157156 4602
262 29 4253.764041 4504
263 29 4258.667566 4414
264 29 4258.653465 4756
265 29 4257.165849 4425
266 29 4257.947366 4431
267 29 4252.847267 4684
268 29 4255.607258 4477
269 29 4257.550171 4507
270 29 4257.499629 4438
271 29 4258.721978 4550
272 29 4260.413256 4442
273 29 4254.573144 4440
274 29 4258.623677 4488
275 29 4256.121863 4497
276 29 4256.727637 4575
277 29 4256.498471 4564
278 29 4258.845660 4595
279 29 4256.115529 4450
280 29 4261.680471 4398
281 29 4254.440211 4410
282 29 4261.393187 4473
283 29 4249.304242 4509
284 30 4258.939060 4425
285 30 4251.516383 4576
286 30 4260.678119 4443
287 30 4252.644224 4437
288 30 4260.071884 4424
289 30 4255.636646 4446
290 30 4254.986808 4501
291 30 4253.869122 4496
292 30 4253.250627 4474
293 30 4257.249599 4555
294 30 4258.117327 4379
295 30 4261.532329 4482
296 30 4253.772741 4483
297 30 4258.973571 4469
298 30 4256.342117 4579
299 30 4260.025899 4505
300 30 4256.347396 4606
301 30 4258.672796 4589
302 30 4258.726909 4489
303 30 4262.024399 4506
304 30 4257.068739 4454
305 30 4259.515372 4402
306 30 4256.359806 4430
307 30 4259.942977 4375
308 30 4258.794406 4693
309 30 4261.127554 4371
310 30 4255.161858 4346
311 30 4256.558113 4447
312 30 4256.050522 4598
313 30 4264.437290 4488
314 31 4252.756195 4770
315 31 4259.504906 4360
316 31 4255.857842 4443
317 31 4257.103395 4514
318 31 4263.129667 4489
319 31 4259.645171 4442
320 31 4257.048893 4421
321 31 4259.399455 4417
322 31 4259.023470 4429
323 31 4256.003140 4448
324 31 4258.215511 4562
325 31 4256.324232 4501
326 31 4260.887350 4412
327 31 4259.924076 4438
328 31 4259.385784 4435
329 31 4255.887141 4468
330 31 4260.603535 4535
331 31 4256.458137 4446
332 31 4259.057188 4689
333 31 4258.894680 4490
334 31 4255.054394 4413
335 31 4260.467734 4408
336 31 4255.829124 4849
337 31 4260.334719 4404
338 31 4257.097888 4447
339 31 4259.517270 4472
340 31 4261.471238 4474
341 31 4258.204202 4513
342 31 4258.560502 4553
343 31 4260.933655 4439
344 32 4268.842623 4394
345 32 4268.076694 4388
346 32 4267.643290 4425
347 32 4266.125657 4457
348 32 4268.055375 4368
349 32 4268.067365 4380
350 32 4266.501584 4448
351 32 4264.599763 4458
352 32 4270.583522 4438
353 32 4267.909951 4499
354 32 4265.398024 4392
355 32 4269.294665 4353
356 32 4268.822780 4480
357 32 4266.302382 4503
358 32 4269.062884 4421
359 32 4265.863073 4491
360 32 4268.673159 4377
361 32 4268.532276 4316
362 32 4267.912212 4482
363 32 4268.610211 4592
364 32 4267.991683 4475
365 32 4269.575286 4426
366 32 4266.413119 4440
367 32 4267.604006 4439
368 32 4269.727614 4343
369 32 4267.176132 4505
370 32 4268.273986 4400
371 32 4267.316816 4580
372 32 4268.192287 4426
373 32 4269.155321 4401
374 33 4269.409151 4402
375 33 4267.607864 4448
376 33 4268.464458 4374
377 33 4269.714040 4469
378 33 4268.189576 4451
379 33 4270.517536 4456
380 33 4268.067402 4480
381 33 4269.017280 4427
382 33 4266.873825 4455
