0 15 3132.000000 NaN
0 16 3132.000000 NaN
0 16 2987.000000 NaN
1 16 -281076876.794821 NaN
2 16 -554820768.898495 NaN
3 16 -1591785300.381462 NaN
4 16 -2900258544.573606 NaN
5 16 -5337708573.184866 NaN
6 16 -8515434451.107068 NaN
7 16 -14143139428.901457 NaN
8 16 -21312457124.583168 NaN
9 16 -33795972971.912918 NaN
10 16 -49860783744.957611 NaN
11 16 -77970752058.176483 NaN
12 16 -114030462838.687988 NaN
13 16 -177264887076.896240 NaN
14 16 -258268258971.143646 NaN
15 16 -400453897934.485718 NaN
16 16 -582479664216.905396 NaN
17 16 -902128388156.876343 NaN
18 16 -1311227871066.272705 NaN
19 16 -2029770350334.320557 NaN
20 16 -2949276195071.396973 NaN
21 16 -4564434599058.036133 NaN
22 16 -6631209524796.387695 NaN
23 16 -10261741961895.646484 NaN
24 16 -14907298115023.621094 NaN
25 16 -23067900096247.214844 NaN
26 16 -33509927825976.480469 NaN
27 16 -51853021859511.226562 NaN
28 16 -75324104703138.921875 NaN
29 16 -116554958711541.312500 NaN
30 16 -106458148654405.734375 NaN
31 16 -83070445742703.421875 NaN
32 16 -54344582702151.773438 NaN
33 16 -32960100741545.230469 NaN
34 16 -28428364828781.625000 NaN
35 16 -20353981760995.515625 NaN
36 16 -16439837837678.921875 NaN
37 16 -10698208637825.765625 NaN
38 16 -8826073540793.220703 NaN
39 16 -6153137736919.312500 NaN
40 16 -4523136954863.750000 NaN
41 16 -3888865041513.853516 NaN
42 16 -2759957322367.157227 NaN
43 16 -2258207290605.883301 NaN
44 16 -1616131889751.766357 NaN
45 16 -1404606998717.176758 NaN
46 16 -1241114508171.390381 NaN
47 16 -1026499717895.945312 NaN
48 17 -823938993441.633789 NaN
49 17 -790874996342.594971 NaN
50 17 -689746834849.408325 NaN
51 17 -565301302675.026001 NaN
52 17 -592468056697.954346 NaN
53 17 -510463921926.529785 NaN
54 17 -507835120463.889404 NaN
55 17 -578714695817.493286 NaN
56 17 -631000318531.294556 NaN
57 17 -677231368821.619751 NaN
58 17 -678952034845.346802 NaN
59 17 -690154261057.687378 NaN
60 17 -628889987288.929688 NaN
61 17 -412509834205.482422 NaN
62 17 -357514143172.169556 NaN
63 17 -326946934762.287231 NaN
64 17 -283848168234.305298 NaN
65 17 -270374627225.475525 NaN
66 17 -265944494478.034149 NaN
67 17 -241022734471.963531 NaN
68 17 -237826824897.093506 NaN
69 17 -231848784684.265991 NaN
70 17 -259851406945.397949 NaN
71 17 -268023705210.934753 NaN
72 17 -276872086243.518433 NaN
73 17 -279687691281.874634 NaN
74 17 -280376170089.360718 NaN
75 17 -266267808647.058838 NaN
76 17 -248602391902.503326 NaN
77 17 -238805649417.356476 NaN
78 17 -244073900455.768005 NaN
79 17 -242020447982.181580 NaN
80 17 -230335333182.491333 NaN
81 17 -244495703563.695282 NaN
82 17 -253611753828.019684 NaN
83 17 -271531688654.027161 NaN
84 17 -259965332204.042725 NaN
85 17 -275503228792.657471 NaN
86 17 -271839581217.507385 NaN
87 17 -234171156904.841187 NaN
88 17 -234549304950.148651 NaN
89 17 -229298652815.616669 NaN
90 17 -219667545767.802307 NaN
91 17 -201517924161.537842 NaN
92 17 -191025597644.657257 NaN
93 17 -190647656548.553101 NaN
94 17 -189008505149.787659 NaN
95 17 -190844986731.996399 NaN
96 17 -199508319868.437622 NaN
97 17 -200118995107.509064 NaN
98 17 -199502888943.226593 NaN
99 17 -202240428571.454071 NaN
100 17 -190917978744.826538 NaN
101 17 -193760419308.490753 NaN
102 17 -186817562302.566193 NaN
103 17 -194275666320.905151 NaN
104 17 -196760408534.661957 NaN
105 17 -199236906894.176025 NaN
106 17 -189374519557.488129 NaN
107 17 -185976370849.903351 NaN
108 17 -190793587193.095764 NaN
109 17 -184514470985.776276 NaN
110 17 -186129768940.376770 NaN
111 17 -181435000252.178986 NaN
112 17 -188913953056.292603 NaN
113 17 -194143385981.015900 NaN
114 17 -196216013215.021240 NaN
115 17 -195257304983.862366 NaN
116 17 -197043702167.513519 NaN
117 17 -186985513340.605774 NaN
118 17 -187323178716.261810 NaN
119 17 -181170687373.588379 NaN
120 17 -178212328715.997131 NaN
121 17 -174546742772.908997 NaN
122 17 -172816607134.029358 NaN
123 17 -169934488247.623932 NaN
124 17 -168423733383.270416 NaN
125 17 -170954036299.487579 NaN
126 17 -172623422484.876038 NaN
127 17 -175084999378.855438 NaN
128 17 -171211349322.627686 NaN
129 17 -171325248942.446594 NaN
130 17 -167882014872.349030 NaN
131 17 -169437907343.101868 NaN
132 18 -167387463681.914673 NaN
133 18 -171179568155.894897 NaN
134 18 -172652965721.184204 NaN
135 18 -172837612612.542511 NaN
136 18 -172665617210.203033 NaN
137 18 -173395908771.409668 NaN
138 18 -171307371987.106659 NaN
139 18 -170841116939.273773 NaN
140 18 -167858820561.898865 NaN
141 18 -166866339498.907837 NaN
142 18 -167483258303.445557 NaN
143 18 -168774454037.275330 NaN
144 18 -172267749799.652740 NaN
145 18 -170525118371.220245 NaN
146 18 -173766416410.030792 NaN
147 18 -169526447362.104706 NaN
148 18 -169871929293.863708 NaN
149 18 -167010060037.019897 NaN
150 18 -165900696408.114746 NaN
151 18 -161809086311.342834 NaN
152 18 -159700728166.448700 NaN
153 18 -160840170955.524506 NaN
154 18 -163447450842.589935 NaN
155 18 -162438828462.448547 NaN
156 18 -164031999523.290588 NaN
157 18 -161585574431.775909 NaN
158 18 -161987772599.492981 NaN
159 18 -160656259580.262299 NaN
160 18 -160219076607.449615 NaN
161 18 -161844960045.994263 NaN
162 18 -162803969574.885315 NaN
163 18 -162756402567.066681 NaN
164 18 -161519634609.456818 NaN
165 18 -161786895462.002563 NaN
166 18 -160153118705.911163 NaN
167 18 -160057106479.528809 NaN
168 18 -160327786812.625549 NaN
169 18 -160983639454.262268 NaN
170 18 -161893493996.950714 NaN
171 18 -162735871034.986053 NaN
172 18 -163141924733.291595 NaN
173 18 -160804089163.430542 NaN
174 18 -160915820170.972351 NaN
175 18 -160290597918.125305 NaN
176 18 -159449709615.790100 NaN
177 18 -160731687055.345825 NaN
178 18 -162105149220.654907 NaN
179 18 -161853805141.556152 NaN
