0 15 11939.000000 NaN
0 30 11939.000000 NaN
0 30 10474.000000 NaN
1 30 -147033247.360119 NaN
2 30 -413421554.315435 NaN
3 30 -1218069646.915209 NaN
4 30 -2652560502.452484 NaN
5 30 -4630604009.443512 NaN
6 30 -7998736195.162444 NaN
7 31 -12360856034.869875 NaN
8 31 -19983874839.625912 NaN
9 31 -29734271296.802174 NaN
10 31 -46919968249.932571 NaN
11 31 -68780289055.440201 NaN
12 31 -107457701665.635818 NaN
13 31 -156534566485.765778 NaN
14 31 -243513703227.780914 NaN
15 31 -353758602363.667175 NaN
16 31 -549293826080.494019 NaN
17 32 -797011301456.881836 NaN
18 32 -1236521750304.845947 NaN
19 32 -1793203040353.531494 NaN
20 32 -2781037513552.165527 NaN
21 32 -4032101940859.106445 NaN
22 32 -6252271523159.562500 NaN
23 32 -9063932753105.074219 NaN
24 32 -14053723496767.773438 NaN
25 32 -20372760193839.718750 NaN
26 33 -31587157638074.664062 NaN
27 33 -45788872709599.843750 NaN
28 33 -70992811076375.656250 NaN
29 33 -102910513197893.296875 NaN
30 33 -107729892656468.203125 NaN
31 33 -67806533212932.265625 NaN
32 33 -41304275836326.687500 NaN
33 33 -39293021975326.398438 NaN
34 33 -18306828827583.414062 NaN
35 34 -18166916762696.320312 NaN
36 34 -11599435614799.021484 NaN
37 34 -8826207280894.650391 NaN
38 34 -4435050399365.531250 NaN
39 34 -4319672617677.944824 NaN
40 34 -1921126521002.825195 NaN
41 34 -2067996832237.752197 NaN
42 34 -1400491587038.150391 NaN
43 34 -1129055069855.880859 NaN
44 35 -619967527133.508301 NaN
45 35 -565919602205.136230 NaN
46 35 -330500175184.598694 NaN
47 35 -264901290481.715759 NaN
48 35 -175854688698.704498 NaN
49 35 -141357006813.239105 NaN
50 35 -77828637818.219803 NaN
51 35 -70559059301.484482 NaN
52 35 -40996325100.287308 NaN
53 36 -32892842682.631012 NaN
54 36 -22076542243.882236 NaN
55 36 -17783518933.455673 NaN
56 36 -9961902890.875486 NaN
57 36 -9157793971.726871 NaN
58 36 -5481992088.607426 NaN
59 36 -4447573521.892264 NaN
60 36 -3403653500.262016 NaN
61 36 -1925330015.655369 NaN
62 37 -1174905272.870658 NaN
63 37 -645789861.248228 NaN
64 37 -368100281.241525 NaN
65 37 -244929122.841440 NaN
66 37 -229769701.556331 NaN
67 37 -155212800.360185 NaN
68 37 -279557724.996480 NaN
69 37 -274040189.309994 NaN
70 37 -358007572.439658 NaN
71 37 -277913108.061859 NaN
72 38 -230632745.845016 NaN
73 38 -231294032.054798 NaN
74 38 -176273154.249166 NaN
75 38 -184321152.389942 NaN
76 38 -199780685.154956 NaN
77 38 -234409179.286808 NaN
78 38 -323864817.853596 NaN
79 38 -276574118.382955 NaN
80 38 -357768419.684097 NaN
81 39 -277696007.871925 NaN
82 39 -228254084.400056 NaN
83 39 -231708662.919140 NaN
84 39 -174329951.103390 NaN
85 39 -183801641.694610 NaN
86 39 -200780901.563833 NaN
87 39 -234731144.372671 NaN
88 39 -324001511.180248 NaN
89 39 -276618475.820080 NaN
90 40 -316495706.414853 NaN
91 40 -186550216.650649 NaN
92 40 -99426811.227337 NaN
93 40 -79543127.452271 NaN
94 40 -121145942.431212 NaN
95 40 -123145773.576650 NaN
96 40 -108022874.565932 NaN
97 40 -88966108.339556 NaN
98 40 -95988042.507611 NaN
99 41 -71550072.675581 NaN
100 41 -78569526.114229 NaN
101 41 -83653179.396181 NaN
102 41 -101955213.507979 NaN
103 41 -130523527.736969 NaN
104 41 -111190671.105613 NaN
105 41 -135102514.744653 NaN
106 41 -104774897.827116 NaN
107 41 -86846704.753348 NaN
108 42 -92406722.369139 NaN
109 42 -70139112.721735 NaN
110 42 -77419085.880828 NaN
111 42 -85253324.834354 NaN
112 42 -100129100.345725 NaN
113 42 -131040666.207523 NaN
114 42 -109511423.838035 NaN
115 42 -138072613.054744 NaN
116 42 -104027955.136682 NaN
117 42 -86995783.577817 NaN
118 43 -93436186.501293 NaN
119 43 -70467847.034927 NaN
120 43 -73155099.858787 NaN
121 43 -45409486.848743 NaN
122 43 -37824737.421762 NaN
123 43 -31235404.291206 NaN
124 43 -39848786.808846 NaN
125 43 -35742495.137477 NaN
126 43 -54672564.200473 NaN
127 44 -48406274.020218 NaN
128 44 -61296639.582038 NaN
129 44 -46937149.684711 NaN
130 44 -39410629.878183 NaN
131 44 -42481309.668453 NaN
132 44 -30453831.887009 NaN
133 44 -35637740.857494 NaN
134 44 -40907861.659652 NaN
135 44 -45920740.994454 NaN
136 45 -60390297.452160 NaN
137 45 -49081286.252865 NaN
138 45 -61015851.313394 NaN
139 45 -46891076.202544 NaN
140 45 -40411980.315760 NaN
141 45 -42003462.528971 NaN
142 45 -30318100.933025 NaN
143 45 -36712480.797799 NaN
144 45 -40101781.720644 NaN
145 46 -45917844.830889 NaN
146 46 -60513041.885944 NaN
147 46 -49091520.100903 NaN
148 46 -61026127.724045 NaN
149 46 -46892038.426706 NaN
150 46 -35812357.817239 NaN
151 46 -23644826.791142 NaN
152 46 -15392204.301975 NaN
153 46 -15862293.797922 NaN
154 47 -26548616.771198 NaN
155 47 -23578532.379055 NaN
156 47 -29234276.274170 NaN
157 47 -22310858.102451 NaN
158 47 -19252548.102882 NaN
159 47 -19822098.444122 NaN
160 47 -15814863.707452 NaN
161 47 -17557091.531836 NaN
162 47 -18718674.515863 NaN
163 47 -23211575.486709 NaN
164 48 -27948774.268881 NaN
165 48 -23763434.611264 NaN
166 48 -28302227.447782 NaN
167 48 -22510579.191539 NaN
168 48 -19603442.459847 NaN
169 48 -19717272.339788 NaN
170 48 -16165194.543094 NaN
171 48 -17117300.651475 NaN
172 48 -26172982.957839 NaN
173 49 -24087049.607081 NaN
174 49 -27832748.756630 NaN
175 49 -22622309.735726 NaN
176 49 -19004178.115107 NaN
177 49 -19496288.402322 NaN
178 49 -15314364.965596 NaN
179 49 -18010351.786246 NaN
