0 15 7386.000000 NaN
0 24 7386.000000 NaN
0 24 6853.000000 NaN
1 24 -270080884.347783 NaN
2 24 -673332876.520610 NaN
3 24 -1598467946.457653 NaN
4 24 -3223718276.555848 NaN
5 25 -5522532350.014334 NaN
6 25 -9114809573.122850 NaN
7 25 -14311364647.545431 NaN
8 25 -22449205313.018677 NaN
9 25 -34173181678.183033 NaN
10 25 -52495485970.004501 NaN
11 25 -78859033123.360107 NaN
12 25 -120094720815.794235 NaN
13 25 -179394916436.566925 NaN
14 25 -272181982593.858948 NaN
15 25 -405584269591.602234 NaN
16 25 -614353535983.708862 NaN
17 25 -914473452186.293091 NaN
18 25 -1384183767525.888672 NaN
19 25 -2059391179522.430176 NaN
20 25 -3116176329517.370605 NaN
21 25 -4635269479165.064453 NaN
22 25 -7012877331742.673828 NaN
23 25 -10430575863325.671875 NaN
24 25 -15779819542674.998047 NaN
25 25 -23469070768520.816406 NaN
26 26 -35504010771597.992188 NaN
27 26 -52803559426004.156250 NaN
28 26 -79880226591748.421875 NaN
29 26 -118801378273418.984375 NaN
30 26 -112134549201623.796875 NaN
31 26 -80987150025325.343750 NaN
32 26 -51192244558451.640625 NaN
33 26 -41419876005136.609375 NaN
34 26 -27473404294861.484375 NaN
35 26 -22699600338656.851562 NaN
36 26 -14998057100393.121094 NaN
37 26 -11694537979949.425781 NaN
38 26 -7695011917388.912109 NaN
39 26 -6034741020915.239258 NaN
40 26 -4263173220062.886719 NaN
41 26 -2986850188409.861328 NaN
42 26 -2344293997034.520020 NaN
43 26 -1608911249528.608643 NaN
44 26 -1166289136728.681396 NaN
45 26 -824150582506.258911 NaN
46 26 -651130020397.756958 NaN
47 27 -440451554528.221985 NaN
48 27 -302523095395.579712 NaN
49 27 -250942838580.769928 NaN
50 27 -179224160006.241608 NaN
51 27 -129127153438.877090 NaN
52 27 -100959287221.643433 NaN
53 27 -78548247263.401855 NaN
54 27 -59475184934.431717 NaN
55 27 -47525989170.663193 NaN
56 27 -37838169154.419678 NaN
57 27 -34161654841.583973 NaN
58 27 -26796818711.446514 NaN
59 27 -23010556448.513866 NaN
60 27 -20070952564.035492 NaN
61 27 -14844792421.055641 NaN
62 27 -12282301347.399010 NaN
63 27 -11455811364.947350 NaN
64 27 -10804976813.340239 NaN
65 27 -10072893643.185349 NaN
66 27 -9894431935.550055 NaN
67 27 -9435664744.935457 NaN
68 28 -9356443839.075340 NaN
69 28 -9342210079.984934 NaN
70 28 -9885659961.393354 NaN
71 28 -10232543256.560459 NaN
72 28 -10883718930.480412 NaN
73 28 -10597822051.269121 NaN
74 28 -10995451648.007870 NaN
75 28 -10197499022.456503 NaN
76 28 -9486321943.553095 NaN
77 28 -9478884234.612167 NaN
78 28 -8976668102.140156 NaN
79 28 -9148528245.077293 NaN
80 28 -10062219706.585104 NaN
81 28 -10124522744.496159 NaN
82 28 -10399008316.563187 NaN
83 28 -9435904624.010122 NaN
84 28 -9094810937.097385 NaN
85 28 -8880558004.029928 NaN
86 28 -8341042663.682091 NaN
87 28 -8239563658.996769 NaN
88 28 -8188427165.896964 NaN
89 29 -8678866009.054722 NaN
90 29 -8664946132.068417 NaN
91 29 -7541051393.950659 NaN
92 29 -7112025894.095810 NaN
93 29 -7023348754.328205 NaN
94 29 -6813427010.400969 NaN
95 29 -7013828510.920193 NaN
96 29 -7166808691.551359 NaN
97 29 -7292626025.309030 NaN
98 29 -7230389649.773658 NaN
99 29 -7006369246.749868 NaN
100 29 -6896578209.980636 NaN
101 29 -6788955423.093866 NaN
102 29 -6677293674.583447 NaN
103 29 -6913344894.942419 NaN
104 29 -7174619243.713172 NaN
105 29 -7163534453.677692 NaN
106 29 -7214461942.954044 NaN
107 29 -6961255661.321398 NaN
108 29 -6805168669.117550 NaN
109 30 -6602539381.585862 NaN
110 30 -6944298249.191283 NaN
111 30 -6994273951.258430 NaN
112 30 -7155029339.926983 NaN
113 30 -6955635480.884530 NaN
114 30 -6677537634.339790 NaN
115 30 -6551586694.195286 NaN
116 30 -6702183887.170853 NaN
117 30 -6493140277.891451 NaN
118 30 -6766285212.719715 NaN
119 30 -6905744885.953702 NaN
120 30 -6891511640.331569 NaN
121 30 -6309778534.644467 NaN
122 30 -6102280516.925573 NaN
123 30 -6077629749.488377 NaN
124 30 -6076340947.806783 NaN
125 30 -5989246465.867561 NaN
126 30 -5989238282.112821 NaN
127 30 -5963412328.167900 NaN
128 30 -6083917158.294205 NaN
129 30 -6226324667.095805 NaN
130 31 -6177066646.581202 NaN
131 31 -6097495355.236324 NaN
132 31 -6038545798.557392 NaN
133 31 -6009822796.676867 NaN
134 31 -5963227028.757935 NaN
135 31 -6040864764.169300 NaN
136 31 -6170063836.389998 NaN
137 31 -6168532756.770211 NaN
138 31 -6056736962.024364 NaN
139 31 -5964470177.216053 NaN
140 31 -5989445426.312280 NaN
141 31 -5992644938.170001 NaN
142 31 -5891368037.071379 NaN
143 31 -5932466220.618091 NaN
144 31 -5964522082.663610 NaN
145 31 -5885521462.029998 NaN
146 31 -6028193216.316367 NaN
147 31 -6070923088.785594 NaN
148 31 -6146060295.877752 NaN
149 31 -6052845940.770165 NaN
150 31 -5923003592.724565 NaN
151 32 -5766572983.640657 NaN
152 32 -5686721868.847517 NaN
153 32 -5716479878.990467 NaN
154 32 -5770765379.748668 NaN
155 32 -5759005851.791802 NaN
156 32 -5783037330.003424 NaN
157 32 -5695270251.239443 NaN
158 32 -5677881139.934719 NaN
159 32 -5685236712.681610 NaN
160 32 -5656563534.560726 NaN
161 32 -5729542620.335657 NaN
162 32 -5729632784.636325 NaN
163 32 -5778201749.783220 NaN
164 32 -5684923073.760701 NaN
165 32 -5686010223.111265 NaN
166 32 -5658549714.192129 NaN
167 32 -5727227289.478307 NaN
168 32 -5719428629.184856 NaN
169 32 -5752663037.273268 NaN
170 32 -5720661165.999843 NaN
171 32 -5690487463.111330 NaN
172 33 -5661784451.084657 NaN
173 33 -5655153469.648174 NaN
174 33 -5620125529.644595 NaN
175 33 -5682557505.808368 NaN
176 33 -5701849370.555400 NaN
177 33 -5774654160.932989 NaN
178 33 -5682899458.798544 NaN
179 33 -5661004224.368772 NaN
