0 15 584.000000 838
0 15 584.000000 838
0 15 379.000000 914
1 15 661.207722 847
2 15 584.875300 871
3 15 621.609705 885
4 15 512.676976 878
5 15 531.507273 861
6 15 200.304613 890
7 15 -45.001123 847
8 15 -684.331910 890
9 15 -1308.678081 847
10 15 -2561.253463 890
11 15 -3622.340167 847
12 15 -6810.126001 890
13 15 -9085.176287 847
14 15 -16174.987920 890
15 15 -21125.713040 847
16 15 -36815.908068 890
17 15 -47664.038945 847
18 15 -82310.181048 890
19 15 -106156.675634 847
20 15 -182583.272515 890
21 15 -235079.221805 847
22 15 -403593.351665 890
23 15 -519235.037855 847
24 15 -890717.607751 890
25 15 -1145537.652823 847
26 15 -1964379.233411 890
27 15 -2525959.742958 847
28 15 -4330817.102213 890
29 15 -5568522.717131 847
30 15 -9546639.343653 890
31 15 -12274579.884697 847
32 15 -14904404.752858 1092
33 15 -9301267.984737 959
34 15 -7595948.601618 856
35 15 -4953223.253640 951
36 15 -3689828.841106 944
37 15 -2624308.687127 856
38 15 -2219679.894659 959
39 15 -1379812.673977 996
40 15 -1100827.152636 847
41 15 -738610.814159 943
42 15 -557038.696877 996
43 15 -349932.073177 847
44 15 -289928.724328 943
45 15 -169870.887180 996
46 15 -136950.068510 847
47 15 -89970.687725 943
48 15 -67782.672201 996
49 15 -42033.278984 847
50 15 -34302.221917 943
51 15 -19746.348788 996
52 15 -15608.374328 847
53 15 -9493.214880 943
54 15 -7080.154987 996
55 15 -3840.311751 856
56 15 -2371.107435 928
57 15 -1042.893530 865
58 15 -505.874732 910
59 15 81.586895 840
60 15 385.193876 893
61 15 472.549772 850
62 15 646.393723 868
63 15 689.068021 896
64 15 716.152480 857
65 15 722.754610 870
66 15 726.777737 846
67 15 709.076870 875
68 15 710.531751 895
69 15 727.898024 NaN
70 15 730.748734 824
71 15 744.310658 818
72 15 725.946323 868
73 15 738.571436 814
74 15 735.104741 859
75 15 738.770831 NaN
76 15 733.193962 818
77 15 740.845129 825
78 15 736.858644 846
79 15 743.033387 834
80 15 738.580525 846
81 15 735.795407 834
82 15 734.553642 846
83 15 735.233923 834
84 15 736.632057 846
85 15 741.202021 834
86 15 736.453737 837
87 15 742.567736 834
88 15 736.599429 846
89 15 746.872904 834
90 15 732.430695 849
91 15 739.867326 834
92 15 738.008168 858
93 15 738.472958 834
94 15 738.356761 858
95 15 738.385810 834
96 15 738.378548 858
97 15 738.380363 834
98 15 738.379909 858
99 15 738.380023 834
100 15 738.379994 858
101 15 738.380001 834
102 15 738.380000 858
103 15 738.380000 834
104 15 738.380000 858
105 15 738.380000 834
106 15 738.380000 858
107 15 738.380000 834
108 15 738.380000 858
109 15 738.380000 834
110 15 738.380000 858
111 15 738.380000 834
112 15 738.380000 858
113 15 738.380000 834
114 15 738.380000 858
115 15 738.380000 834
116 15 738.380000 858
117 15 738.380000 834
118 15 738.380000 858
119 15 738.380000 834
120 15 760.045156 836
121 15 765.044921 794
122 15 767.840691 799
123 15 763.131885 820
124 15 766.707001 818
125 15 768.425028 845
126 15 768.000511 832
127 15 769.566234 860
128 15 767.893040 818
129 15 771.955918 832
130 15 766.634241 825
131 15 769.102764 808
132 15 770.891499 847
133 15 769.539916 808
134 15 770.394306 846
135 15 769.840989 844
136 15 769.684694 901
137 15 769.309566 832
138 15 769.544021 901
139 15 769.397487 832
140 15 769.489071 901
141 15 769.431831 832
142 15 769.467606 901
143 15 769.445246 832
144 15 769.459221 901
145 15 769.450487 832
146 15 769.455946 901
147 15 769.452534 832
148 15 769.454666 901
149 15 769.453334 832
150 15 769.454167 901
151 15 769.453646 832
152 15 769.453971 901
153 15 769.453768 832
154 15 769.453895 901
155 15 769.453816 832
156 16 769.453865 901
157 16 769.453834 832
158 16 769.453854 901
159 16 769.453841 832
160 16 775.312135 844
161 16 774.645700 816
162 16 775.583747 854
163 16 776.491104 816
164 16 775.782228 853
165 16 776.358190 816
166 16 775.890221 853
167 16 776.270445 816
168 16 775.961513 853
169 16 776.212521 816
170 16 776.008577 853
171 16 776.174281 816
172 16 776.039647 853
173 16 776.149037 816
174 16 776.060157 853
175 16 776.132372 816
176 16 776.073698 853
177 16 776.121371 816
178 16 776.082636 853
179 16 776.114108 816
180 16 776.088537 853
181 16 776.109313 816
182 16 776.092433 853
183 16 776.106148 816
184 16 776.095004 853
185 16 776.104059 816
186 16 776.096702 853
187 16 776.102679 816
188 16 776.097823 853
189 16 776.101769 816
190 16 776.098563 853
191 16 776.101168 816
192 16 776.099051 853
193 16 776.100771 816
194 16 779.224236 801
195 16 777.925123 816
196 16 779.524927 832
197 16 778.247210 829
198 16 778.029907 854
199 16 779.291673 816
200 16 778.477897 832
201 16 779.205461 881
202 16 778.685676 832
203 16 779.156731 881
204 16 778.729838 832
205 16 779.116710 881
206 16 778.766107 832
207 16 779.083841 881
208 16 778.795894 832
209 16 779.056846 881
210 16 778.820359 832
211 16 779.034675 881
212 16 778.840451 832
213 16 779.016467 881
214 16 778.856952 832
215 16 779.001512 881
216 16 778.870505 832
217 16 778.989230 881
218 16 778.881635 832
219 16 778.979143 881
220 16 778.890777 832
221 16 778.970859 881
222 16 778.898284 832
223 16 778.964055 881
224 16 778.904450 832
225 16 778.958467 881
226 16 778.909514 832
