0 15 584.000000 NaN
0 15 584.000000 NaN
0 15 276.000000 NaN
1 15 -132833675.902703 NaN
2 15 -306908363.546006 NaN
3 15 -1090647765.073951 NaN
4 15 -2003672704.479014 NaN
5 15 -4501607739.962694 NaN
6 15 -6147887074.509955 NaN
7 15 -11869099953.351021 NaN
8 15 -15152599779.762367 NaN
9 15 -27877478096.022018 NaN
10 15 -34718395287.471344 NaN
11 15 -62661114554.171272 NaN
12 15 -77231728736.320450 NaN
13 15 -138240374018.791962 NaN
14 15 -169606379193.079071 NaN
15 15 -302461974830.806946 NaN
16 15 -370321669074.430725 NaN
17 15 -659289156842.098267 NaN
18 15 -806443780421.564575 NaN
19 15 -1434617354792.558838 NaN
20 15 -1754067133472.126709 NaN
21 15 -3119281093549.117188 NaN
22 15 -3813100591952.363281 NaN
23 15 -6779785019736.199219 NaN
24 15 -8287049835069.910156 NaN
25 15 -14733472563056.275391 NaN
26 15 -18008223499127.765625 NaN
27 15 -32015559076936.886719 NaN
28 15 -39130773682759.632812 NaN
29 15 -69566759403393.656250 NaN
30 15 -50242512767538.492188 NaN
31 15 -40886769317951.664062 NaN
32 15 -38643989018171.398438 NaN
33 15 -18131799892298.085938 NaN
34 15 -13885171979334.939453 NaN
35 15 -10055330411318.964844 NaN
36 15 -7420272236549.833008 NaN
37 15 -3920968581274.867188 NaN
38 15 -3976232600937.443359 NaN
39 15 -1590704432629.577881 NaN
40 15 -1716328083086.544678 NaN
41 15 -1187866115486.698975 NaN
42 15 -811402862487.504639 NaN
43 15 -739265031789.837280 NaN
44 15 -425784696653.984680 NaN
45 15 -356100621499.445374 NaN
46 15 -256335663541.098083 NaN
47 15 -164610159751.969604 NaN
48 15 -80724179572.383102 NaN
49 15 -70969116966.252182 NaN
50 15 -36277254718.937752 NaN
51 15 -35805853668.625031 NaN
52 15 -24755806666.975975 NaN
53 15 -17191610334.172756 NaN
54 15 -8797401017.142328 NaN
55 15 -9327452055.156109 NaN
56 15 -4055759893.121760 NaN
57 15 -4975483622.560383 NaN
58 15 -3723802847.906718 NaN
59 15 -2984526799.687038 NaN
60 15 -2514995382.028287 NaN
61 15 -1386192447.346234 NaN
62 15 -953835604.051906 NaN
63 15 -579453008.892041 NaN
64 15 -300029136.416332 1072
65 15 -201494239.646287 NaN
66 15 -149091256.691507 NaN
67 15 -108665751.093231 NaN
68 15 -70338375.116084 NaN
69 15 -52981194.320665 NaN
70 15 -37286125.381700 1306
71 15 -25583993.314861 NaN
72 15 -19235423.052606 NaN
73 15 -13946473.349857 NaN
74 15 -9767843.432168 NaN
75 15 -6518375.318658 NaN
76 15 -5126283.683616 NaN
77 15 -4279744.909379 NaN
78 15 -3430436.163813 NaN
79 15 -3651511.126088 NaN
80 15 -3676745.128077 NaN
81 15 -3834229.731253 NaN
82 15 -3402658.619504 NaN
83 15 -3150484.370520 NaN
84 15 -3175528.188965 NaN
85 15 -2736390.772634 NaN
86 15 -2761596.322101 NaN
87 15 -2866923.768239 NaN
88 15 -2613845.835276 NaN
89 15 -2637052.355583 NaN
90 15 -2620008.044496 NaN
91 15 -2283192.955203 NaN
92 15 -2190738.612891 NaN
93 15 -2178119.689035 NaN
94 15 -2218021.098077 NaN
95 15 -2381715.928117 NaN
96 15 -2296350.192704 NaN
97 15 -2405369.759661 NaN
98 15 -2269246.906417 NaN
99 15 -2216309.051880 NaN
100 15 -2215732.009260 NaN
101 15 -2099681.632519 NaN
102 15 -2109777.706390 NaN
103 15 -2126642.296174 NaN
104 15 -2158524.717706 NaN
105 15 -2241683.089198 NaN
106 15 -2209307.415323 NaN
107 15 -2259021.826195 NaN
108 15 -2181792.195840 NaN
109 16 -2092231.740273 NaN
110 16 -2102757.183887 NaN
111 16 -2042537.275104 NaN
112 16 -2003067.454892 NaN
113 16 -2148490.596173 NaN
114 16 -2115072.786033 NaN
115 16 -2161511.472980 NaN
116 16 -2033515.528543 NaN
117 16 -2019394.237155 NaN
118 16 -2039239.891542 NaN
119 16 -1982479.515606 NaN
120 16 -1950246.638547 NaN
121 16 -1863859.948351 NaN
122 16 -1817336.351977 NaN
123 16 -1798316.125937 NaN
124 16 -1882440.198399 NaN
125 16 -1839006.929785 NaN
126 16 -1894345.170815 NaN
127 16 -1850735.627360 NaN
128 16 -1811865.049462 NaN
129 16 -1827671.320319 NaN
130 16 -1779518.849793 NaN
131 16 -1780351.509229 NaN
132 16 -1849781.518912 NaN
133 16 -1797258.592960 NaN
134 16 -1865578.148614 NaN
135 16 -1809513.892898 NaN
136 16 -1794290.440036 NaN
137 16 -1827892.709847 NaN
138 16 -1781929.591867 NaN
139 16 -1746515.034689 NaN
140 16 -1774445.304843 NaN
141 16 -1776984.536621 NaN
142 16 -1828226.740619 NaN
143 16 -1777294.333164 NaN
144 16 -1825646.753706 NaN
145 16 -1764295.895247 NaN
146 16 -1752021.632545 NaN
147 16 -1762144.107347 NaN
148 16 -1713357.055216 NaN
149 16 -1728943.669469 NaN
150 16 -1734381.478227 NaN
151 16 -1658102.331027 NaN
152 16 -1690435.656050 NaN
153 16 -1681124.356968 NaN
154 16 -1710558.371808 NaN
155 16 -1680919.614121 NaN
156 16 -1672013.364997 NaN
157 16 -1679523.069262 NaN
158 16 -1652710.210346 NaN
159 16 -1653258.093000 NaN
160 16 -1663049.832044 NaN
161 16 -1659628.031153 NaN
162 16 -1686937.908530 NaN
163 16 -1659724.938338 NaN
164 16 -1685461.014953 NaN
165 16 -1637492.024583 NaN
166 16 -1674169.402301 NaN
167 16 -1652637.345951 NaN
168 16 -1669438.145381 NaN
169 16 -1653066.518539 NaN
170 16 -1669985.564608 NaN
171 16 -1653436.829658 NaN
172 16 -1643209.066666 NaN
173 16 -1649653.702323 NaN
174 16 -1616997.044395 NaN
175 16 -1625085.245370 NaN
176 16 -1652780.238320 NaN
177 16 -1626030.618777 NaN
178 16 -1661491.566316 NaN
179 16 -1631185.421664 NaN
