0 15 584.000000 NaN
0 15 584.000000 NaN
0 15 28.000000 NaN
1 15 -108756672.457317 NaN
2 15 -413176840.896519 NaN
3 15 -1005205354.552113 NaN
4 15 -2391102852.648176 NaN
5 15 -4096835893.941792 NaN
6 15 -7437510921.290397 NaN
7 15 -11088661227.604218 NaN
8 15 -18680366057.819584 NaN
9 15 -26738715577.652863 NaN
10 15 -43845653452.697769 NaN
11 15 -61768795631.323235 NaN
12 15 -100174022178.999603 NaN
13 15 -140177884898.335541 NaN
14 15 -226255837720.355377 NaN
15 15 -315683772131.902832 NaN
16 15 -508469304391.931824 NaN
17 15 -708524917738.738037 NaN
18 15 -1140157866527.723877 NaN
19 15 -1587835396231.761475 NaN
20 15 -2554089115944.509277 NaN
21 15 -3556027695419.925781 NaN
22 15 -5718942333039.065430 NaN
23 15 -7961503373615.541016 NaN
24 15 -12802947223577.617188 NaN
25 15 -17822438181245.199219 NaN
26 15 -28659330394246.101562 NaN
27 15 -39894523554815.765625 NaN
28 15 -64151243674947.617188 NaN
29 15 -89299266841552.156250 NaN
30 15 -98475599747243.125000 NaN
31 15 -58341201640787.281250 NaN
32 15 -33368723594432.562500 NaN
33 15 -33321347984501.171875 NaN
34 15 -13555859527989.642578 NaN
35 16 -15118055781667.937500 NaN
36 16 -11092915043630.519531 NaN
37 16 -8170393398407.408203 NaN
38 16 -4694315295079.843750 NaN
39 16 -4116898795437.869141 NaN
40 16 -2491850948331.901855 NaN
41 16 -1815188933955.662109 NaN
42 16 -1333370828832.927490 NaN
43 16 -981143463394.939941 NaN
44 16 -564564657237.840454 NaN
45 16 -494824253425.670044 NaN
46 16 -299946889515.815552 NaN
47 16 -218294355328.987030 NaN
48 16 -160732711479.723755 NaN
49 16 -118209343464.814117 NaN
50 16 -68244848049.498726 NaN
51 16 -59936796088.821053 NaN
52 16 -36492223916.188278 NaN
53 16 -26599852194.515949 NaN
54 16 -19837351708.851501 NaN
55 16 -14629688903.752575 NaN
56 16 -8596776424.635546 NaN
57 16 -7721477306.751716 NaN
58 16 -4826697538.515239 NaN
59 16 -3588324027.840137 NaN
60 16 -2813699161.034760 NaN
61 16 -1845564108.342441 NaN
62 16 -1112953112.330547 NaN
63 16 -692776683.929709 NaN
64 16 -374926617.081462 NaN
65 16 -258176289.255889 NaN
66 16 -233124186.565733 NaN
67 16 -161552243.938186 NaN
68 16 -251639698.271036 NaN
69 16 -303183054.155334 NaN
70 16 -329388912.114011 NaN
71 16 -271039014.693594 NaN
72 16 -233737452.514941 NaN
73 16 -229139208.046184 NaN
74 16 -170178263.317133 NaN
75 16 -193261327.581554 NaN
76 16 -198478139.684927 NaN
77 16 -261876758.666027 NaN
78 16 -298792920.788376 NaN
79 16 -307705304.732262 NaN
80 16 -316118346.740245 NaN
81 16 -314149518.043628 NaN
82 16 -319285401.958529 NaN
83 16 -266498571.954428 NaN
84 16 -233302822.087944 NaN
85 16 -225721767.808200 NaN
86 16 -154642420.505295 NaN
87 16 -198588150.186285 NaN
88 16 -202189581.911355 NaN
89 16 -263213754.586177 NaN
90 16 -265625347.081867 NaN
91 16 -133896183.382631 NaN
92 16 -93740735.646137 NaN
93 16 -72462508.312827 NaN
94 16 -124748947.341725 NaN
95 16 -117333250.020415 NaN
96 16 -127507475.262333 NaN
97 16 -105554914.819384 NaN
98 16 -88779684.656294 NaN
99 16 -87505136.711207 NaN
100 16 -64637962.023281 NaN
101 16 -82461693.366236 NaN
102 16 -83430179.056516 NaN
103 16 -108995556.044442 NaN
104 16 -124548488.764986 NaN
105 16 -117297243.280265 NaN
106 16 -127470901.189093 NaN
107 16 -105549029.672801 NaN
108 16 -88775574.762314 NaN
109 16 -87504331.522742 NaN
110 16 -64637423.842699 NaN
111 16 -82461592.770257 NaN
112 16 -83430165.319060 NaN
113 16 -108995553.597457 NaN
114 16 -124548488.286898 NaN
115 16 -117297243.194390 NaN
116 16 -127470901.101865 NaN
117 16 -105549029.658765 NaN
118 16 -88775574.752512 NaN
119 16 -87504331.520822 NaN
120 16 -74709879.727475 NaN
121 16 -42452364.301502 NaN
122 16 -34118426.960486 NaN
123 16 -38880878.588485 NaN
124 16 -46434566.765427 NaN
125 16 -60741986.095752 NaN
126 16 -52370159.884164 NaN
127 16 -44471024.916172 NaN
128 16 -43348091.530616 NaN
129 16 -35625800.280414 NaN
130 16 -29220483.216321 NaN
131 16 -41812293.149453 NaN
132 16 -35448290.124439 NaN
133 16 -56872963.077891 NaN
134 16 -50718295.539420 NaN
135 16 -58944102.782877 NaN
136 16 -45704183.451035 NaN
137 16 -40510769.317612 NaN
138 16 -40977931.014283 NaN
139 16 -28097732.859257 NaN
140 16 -53201156.523311 NaN
141 16 -61886551.121834 NaN
142 16 -49937102.932269 NaN
143 16 -43596593.860136 NaN
144 16 -39905578.574616 NaN
145 16 -32342795.190294 NaN
146 16 -37966755.616832 NaN
147 16 -37347560.645066 NaN
148 16 -51772085.615023 NaN
149 16 -54398120.026408 NaN
150 16 -54395963.026408 NaN
151 16 -29820408.064175 NaN
152 16 -19284068.955581 NaN
153 16 -15706617.283285 NaN
154 16 -26678289.679886 NaN
155 16 -28440445.227597 NaN
156 17 -22473763.279199 NaN
157 17 -18868494.984493 NaN
158 17 -18749768.046728 NaN
159 17 -15647722.987810 NaN
160 17 -17880415.550839 NaN
161 17 -18164377.293206 NaN
162 17 -24754753.874242 NaN
163 17 -26810682.395918 NaN
164 17 -25146310.593671 NaN
165 17 -26903597.563778 NaN
166 17 -22411742.395329 NaN
167 17 -18827004.237911 NaN
168 17 -18747668.301316 NaN
169 17 -15646322.080221 NaN
170 17 -17880350.310005 NaN
171 17 -18164375.124043 NaN
172 17 -24754753.776009 NaN
173 17 -26810682.391157 NaN
174 17 -25146310.593456 NaN
175 17 -26903597.563562 NaN
176 17 -22411742.395320 NaN
177 17 -18827004.237905 NaN
178 17 -18747668.301315 NaN
179 17 -15646322.080221 NaN
