0 15 584.000000 779
0 15 584.000000 779
0 15 498.000000 833
1 15 654.489179 727
2 15 604.368517 761
3 15 524.996686 745
4 15 428.638858 778
5 15 334.533295 754
6 15 58.893272 743
7 15 -238.239420 754
8 15 -857.543072 743
9 15 -1521.250300 754
10 15 -2910.360481 743
11 15 -4395.194673 754
12 15 -7508.671476 743
13 15 -10832.830067 754
14 15 -17808.888107 743
15 15 -25253.133350 754
16 15 -40881.373360 743
17 15 -57554.612704 754
18 15 -92563.740327 743
19 15 -129909.926457 754
20 15 -208332.242332 743
21 15 -291985.829264 754
22 15 -467653.686823 743
23 15 -655035.851552 754
24 15 -1048533.722484 743
25 15 -1468267.901477 754
26 15 -2349705.002363 743
27 15 -3289907.693308 754
28 15 -5264328.669293 743
29 15 -7370380.827011 754
30 15 -11793085.683217 743
31 15 -16510640.646504 754
32 15 -18161507.046154 911
33 15 -7472886.224832 831
34 15 -8171682.616338 797
35 15 -5916972.520140 831
36 15 -5109562.537848 1135
37 15 -1478819.967535 797
38 15 -1344199.501168 816
39 15 -1142254.470652 819
40 15 -537109.989047 782
41 15 -503461.769856 864
42 15 -172475.933990 912
43 15 -141120.248766 766
44 15 -157701.504230 846
45 15 -54211.218772 746
46 15 -98351.054837 807
47 15 -51587.328074 828
48 15 -58808.078841 894
49 15 -22856.037701 757
50 15 -35855.643533 943
51 15 -11786.747795 778
52 15 -18514.177805 939
53 15 -5122.258342 744
54 15 -9162.464598 950
55 15 -2861.155213 776
56 15 -4260.783445 957
57 15 -1227.171461 776
58 15 -1671.087638 959
59 15 -151.746281 781
60 15 -243.089965 929
61 15 287.625008 738
62 15 484.218610 805
63 15 564.688444 812
64 15 603.813498 819
65 15 650.962897 779
66 15 663.430919 731
67 15 674.387112 783
68 15 680.214964 739
69 15 686.574251 784
70 15 696.343606 739
71 15 680.754805 718
72 15 677.148863 742
73 15 685.647176 765
74 15 685.849247 728
75 15 677.497352 715
76 15 681.963463 742
77 15 686.870581 762
78 15 676.941884 742
79 15 692.391388 715
80 15 677.155021 742
81 15 691.487601 715
82 15 679.981670 718
83 15 677.942082 715
84 15 678.757918 718
85 15 678.248021 715
86 15 678.451979 718
87 15 678.324505 715
88 15 678.375495 718
89 15 678.343626 715
90 15 678.356374 718
91 15 678.348407 715
92 15 678.351593 718
93 15 678.349602 715
94 15 678.350398 718
95 15 678.349900 715
96 15 678.350100 718
97 15 678.349975 715
98 15 678.350025 718
99 15 678.349994 715
100 15 678.350006 718
101 15 700.183896 708
102 15 692.549545 715
103 15 699.381535 718
104 15 695.111541 715
105 15 697.780287 718
106 15 696.112321 715
107 15 697.154800 718
108 15 696.503250 715
109 15 696.910469 718
110 15 696.655957 715
111 15 696.815027 718
112 15 696.715608 715
113 15 696.777745 718
114 15 696.738909 715
115 15 696.763182 718
116 15 696.748012 715
117 15 696.757493 718
118 15 696.751567 715
119 15 696.755271 718
120 15 696.752956 715
121 15 696.754403 718
122 15 696.753498 715
123 15 696.754064 718
124 15 696.753710 715
125 15 696.753931 718
126 15 696.753793 715
127 15 696.753879 718
128 15 696.753825 715
129 15 696.753859 718
130 15 696.753838 715
131 15 696.753851 718
132 15 700.653272 737
133 15 699.853250 718
134 15 700.600995 718
135 15 702.374192 715
136 15 700.933469 718
137 15 702.104056 715
138 15 701.152954 718
139 15 701.925725 715
140 15 701.297849 718
141 15 701.807998 715
142 15 701.393502 718
143 15 701.730280 715
144 15 701.456648 718
145 15 701.678974 715
146 15 701.498334 718
147 15 701.645104 715
148 15 701.523397 708
149 15 701.622284 715
150 15 701.453944 715
151 15 701.681171 718
152 15 701.496549 715
153 15 701.646554 718
154 15 701.524675 715
155 15 701.623702 718
156 15 701.543242 715
157 15 701.608616 718
158 15 701.555500 715
159 15 701.598656 718
160 15 701.563592 715
161 15 701.592082 718
162 15 701.568934 715
163 15 701.587741 718
164 15 701.572460 715
165 15 701.584876 718
166 15 702.875440 714
167 15 703.231821 715
168 15 703.235496 715
169 15 703.999082 718
170 15 703.307082 715
171 15 703.934207 718
172 15 703.365875 715
173 15 703.880926 718
174 15 703.414161 715
175 15 703.837167 718
176 15 703.453818 715
177 15 703.801228 718
178 15 703.486387 715
179 15 703.771711 718
180 15 703.513137 715
181 15 703.747470 718
182 15 703.535105 715
183 15 703.727561 718
184 15 703.553148 715
185 15 703.711210 718
186 15 703.566794 726
187 15 704.056149 708
188 15 702.361423 731
189 15 704.021905 715
190 15 703.286399 718
191 15 703.952951 715
192 15 703.348888 718
193 15 703.896320 715
194 15 703.400210 718
195 15 703.849810 715
196 15 703.442360 718
197 15 703.811611 715
198 15 703.476977 718
199 15 703.780239 715
200 15 703.505408 718
201 15 703.754474 715
202 15 703.528758 718
203 15 703.733313 715
204 15 703.547935 718
205 15 703.715934 715
206 15 703.563685 718
207 15 703.701661 715
208 15 703.576620 718
209 15 703.689938 715
210 15 703.587244 718
211 15 703.680310 715
212 15 703.595969 718
213 15 703.672403 715
214 15 703.603134 718
215 15 703.665909 715
216 15 703.609020 718
217 15 703.660576 715
