0 15 3333.000000 NaN
0 30 3333.000000 NaN
0 30 -11241.000000 NaN
1 31 -41904631.846089 NaN
2 31 -193193012.435582 NaN
3 32 -568761494.772581 NaN
4 33 -1151479940.417139 NaN
5 33 -1355213281.232998 NaN
6 34 -2145978282.290714 NaN
7 35 -2206966218.239880 NaN
8 35 -3154065534.638371 NaN
9 36 -3049690589.098753 NaN
10 36 -4235840521.403347 NaN
11 37 -3754318008.551804 NaN
12 38 -2360911728.232928 NaN
13 38 -3394446651.663975 NaN
14 39 -3237206346.706471 NaN
15 40 -3895430667.707829 NaN
16 40 -2347773718.006139 NaN
17 41 -1347962665.252218 NaN
18 41 -773293154.978086 NaN
19 42 -674072701.259308 NaN
20 43 -391602495.016022 NaN
21 43 -468055386.602009 NaN
22 44 -470141684.661008 NaN
23 44 -527486408.456712 NaN
24 45 -498179962.277237 NaN
25 46 -556118124.719939 NaN
26 46 -531611111.350401 NaN
27 47 -338795910.544929 NaN
28 48 -362820889.113376 NaN
29 48 -302324702.946973 NaN
30 49 -303608370.840899 NaN
31 49 -199854258.562345 NaN
32 50 -139342900.304272 NaN
33 51 -124212088.915283 NaN
34 51 -107331904.476602 NaN
35 52 -110017883.849197 NaN
36 53 -108992970.029167 NaN
37 53 -153045393.026295 NaN
38 54 -177130469.696543 NaN
39 54 -169404235.390168 NaN
40 55 -183232433.742493 NaN
41 56 -182632743.286083 NaN
42 56 -112039319.673159 NaN
43 57 -120253449.314848 NaN
44 57 -111690454.464611 NaN
45 58 -110864759.158887 NaN
46 59 -75442062.097083 NaN
47 59 -54773952.254964 NaN
48 60 -51468631.176791 NaN
49 61 -45914625.906907 NaN
50 61 -49881187.382167 NaN
51 62 -49272502.437166 NaN
52 62 -69352013.539082 NaN
53 63 -77684536.655535 NaN
54 64 -72762675.738928 NaN
55 64 -78713719.840304 NaN
56 65 -78661153.208005 NaN
57 66 -47787606.297085 NaN
58 66 -51519185.961028 NaN
59 67 -49926521.195521 NaN
60 67 -49550785.307576 NaN
61 68 -34073270.038655 NaN
62 69 -24819765.921243 NaN
63 69 -23962693.432303 NaN
64 70 -21764017.210631 NaN
65 71 -23957385.538878 NaN
66 71 -23573365.517582 NaN
67 72 -33166766.783084 NaN
68 72 -36253660.117385 NaN
69 73 -33892930.655491 NaN
70 74 -36670844.422138 NaN
71 74 -36782263.619751 NaN
72 75 -22241794.046175 NaN
73 76 -35776966.926099 NaN
74 76 -33864318.845511 NaN
75 77 -35248278.812638 NaN
76 77 -24170587.950182 NaN
77 78 -11003619.529280 NaN
78 79 -11657463.234415 NaN
79 79 -16549655.950167 NaN
80 80 -17353200.361337 NaN
81 81 -16724208.729612 NaN
82 81 -17373134.740414 NaN
83 82 -17168897.766900 NaN
84 82 -11139081.042472 NaN
85 83 -11559411.993602 NaN
86 84 -11267102.812041 NaN
87 84 -16972272.691546 NaN
88 85 -16320863.289577 NaN
89 85 -17751875.025245 NaN
