0 15 4243.000000 NaN
0 30 4243.000000 NaN
0 30 -1051.000000 NaN
1 30 -109012404.685534 NaN
2 30 -331673801.685118 NaN
3 30 -677826840.503064 NaN
4 30 -1285389471.158422 NaN
5 31 -1376029433.016724 NaN
6 31 -2261243443.463896 NaN
7 31 -2165754048.270907 NaN
8 31 -3308202804.014133 NaN
9 31 -2546384718.767545 NaN
10 31 -1702782928.680295 NaN
11 32 -2581416315.987165 NaN
12 32 -2382112473.833066 NaN
13 32 -3716058509.652035 NaN
14 32 -2804716918.165416 NaN
15 32 -2848875089.150065 NaN
16 32 -1801522959.729809 NaN
17 32 -1126565626.267426 NaN
18 33 -752224186.144957 NaN
19 33 -552788819.526959 NaN
20 33 -409922548.257016 NaN
21 33 -356224722.007443 NaN
22 33 -347317279.111045 NaN
23 33 -258175908.055963 NaN
24 34 -397471726.130584 NaN
25 34 -484457611.178813 NaN
26 34 -484123586.538055 NaN
27 34 -527556444.462651 NaN
28 34 -505838074.981826 NaN
29 34 -548349223.408384 NaN
30 35 -532027140.920123 NaN
31 35 -343158967.154501 NaN
32 35 -176932337.279157 NaN
33 35 -146371554.667268 NaN
34 35 -131358620.158875 NaN
35 35 -112423904.002920 NaN
36 36 -123326209.547330 NaN
37 36 -205014733.563779 NaN
38 36 -155237749.350351 NaN
39 36 -117633427.178873 NaN
40 36 -124097957.744549 NaN
41 36 -111965602.810813 NaN
42 37 -92878952.546213 NaN
43 37 -176807102.733392 NaN
44 37 -150573679.939943 NaN
45 37 -170726691.381107 NaN
46 37 -93086175.932534 NaN
47 37 -56402670.062426 NaN
48 38 -58715152.266255 NaN
49 38 -68750621.406149 NaN
50 38 -54535398.438385 NaN
51 38 -88616107.426649 NaN
52 38 -62941262.579728 NaN
53 38 -90411118.808129 NaN
54 39 -72798600.448981 NaN
55 39 -44503241.345902 NaN
56 39 -61946547.751978 NaN
57 39 -48656084.352003 NaN
58 39 -71478705.740420 NaN
59 39 -76107326.414620 NaN
60 40 -71847102.613938 NaN
61 40 -40319511.137129 NaN
62 40 -27698125.946456 NaN
63 40 -23856108.041705 NaN
64 40 -36088128.076344 NaN
65 40 -23157348.324805 NaN
66 41 -44857914.285523 NaN
67 41 -24376224.351819 NaN
68 41 -46649261.701931 NaN
69 41 -35900117.695729 NaN
70 41 -18466631.319383 NaN
71 41 -28376253.199390 NaN
72 42 -29719885.830464 NaN
73 42 -37741035.951025 NaN
74 42 -32254160.532440 NaN
75 42 -33819727.301135 NaN
76 42 -19086268.541469 NaN
77 42 -12848577.767710 NaN
78 43 -11698984.357243 NaN
79 43 -17357220.102820 NaN
80 43 -11383073.341606 NaN
81 43 -21793712.523592 NaN
82 43 -13341499.160666 NaN
83 43 -14765602.269481 NaN
84 44 -13430392.415214 NaN
85 44 -10742707.091249 NaN
86 44 -12586191.148332 NaN
87 44 -11843328.664517 NaN
88 44 -15243167.140787 NaN
89 44 -18296320.516679 NaN
