0 15 10176.000000 NaN
0 30 10176.000000 NaN
0 30 6856.000000 NaN
1 30 -207166291.016466 NaN
2 31 -536845981.624609 NaN
3 31 -396210917.196206 NaN
4 31 -700290125.381527 NaN
5 32 -713348185.772780 NaN
6 32 -1141902723.877776 NaN
7 32 -865170269.195785 NaN
8 32 -985543093.594342 NaN
9 33 -660315790.140574 NaN
10 33 -739115278.445046 NaN
11 33 -471267993.908945 NaN
12 34 -571958233.240653 NaN
13 34 -367706998.218983 NaN
14 34 -370751479.095502 NaN
15 35 -226330371.142184 NaN
16 35 -61689774.113527 NaN
17 35 -71008199.217876 NaN
18 36 -70717076.492182 NaN
19 36 -80338588.362422 NaN
20 36 -77753174.359321 NaN
21 37 -52863555.421572 NaN
22 37 -62300463.244755 NaN
23 37 -54939219.443867 NaN
24 37 -47797332.284106 NaN
25 38 -86575657.987809 NaN
26 38 -84547678.338167 NaN
27 38 -77716624.163415 NaN
28 39 -58634359.757480 NaN
29 39 -44443509.017637 20716
30 39 -34070522.775107 20756
31 40 -29998776.050725 20875
32 40 -25622055.945410 20762
33 40 -21191010.028422 20974
34 41 -18216887.370736 20933
35 41 -17981185.078771 20850
36 41 -17144087.346075 20819
37 42 -15803640.409020 20722
38 42 -15265979.416149 20857
39 42 -14647837.401616 20832
40 43 -14169285.852964 20971
41 43 -12686859.545579 20804
42 43 -12413778.334932 20983
43 44 -12186735.984269 20971
44 44 -11610611.151952 21000
45 44 -10963794.038487 20918
46 45 -10657960.573670 20850
47 45 -10467390.441614 20749
48 45 -10253387.891525 20962
49 46 -9905990.587729 20866
50 46 -8852825.558634 21000
51 46 -8587352.442618 20889
52 47 -8580621.491022 20751
53 47 -8437074.168374 20809
54 47 -8063489.379860 20800
55 48 -8006831.180569 20821
56 48 -7760415.632046 21020
57 48 -7652044.516656 20825
58 49 -7625194.053271 20971
59 49 -7132025.409012 20957
60 49 -6984137.417689 20979
61 50 -6876375.301823 20774
62 50 -6843626.267097 20886
63 50 -6716291.919047 20763
64 51 -6620461.867514 20847
65 51 -6587898.778515 20832
66 51 -6543246.800577 20898
67 52 -6466230.071919 20965
68 52 -6379286.446887 20783
69 52 -6326663.878286 20962
70 53 -6242356.165082 20994
71 53 -6163644.975239 20804
72 53 -6136001.157626 20807
73 54 -6011967.245519 20820
74 54 -5974175.772876 20991
75 54 -5958560.526935 20905
76 55 -5816261.904223 20970
77 55 -5803917.643653 20957
78 55 -5746217.520061 20837
79 56 -5700286.680164 20862
80 56 -5691916.890721 20718
81 56 -5687516.775696 20902
82 57 -5658261.228720 20782
83 57 -5606470.789883 21023
84 57 -5564303.898717 20962
85 58 -5545248.695563 20899
86 58 -5520579.966206 20912
87 58 -5466844.890171 20857
88 58 -5461164.816515 20781
89 59 -5430528.674179 20898
