0 15 9881.000000 NaN
0 30 9881.000000 NaN
0 30 2605.000000 NaN
1 31 -118598245.725896 NaN
2 31 -463610247.245791 NaN
3 32 -401670378.747168 NaN
4 32 -707247554.147949 NaN
5 33 -589414726.112353 NaN
6 33 -957856358.117811 NaN
7 34 -769117424.583116 NaN
8 34 -995705477.044356 NaN
9 34 -666751123.415598 NaN
10 35 -795587191.615542 NaN
11 35 -427847980.796480 NaN
12 36 -551337880.330383 NaN
13 36 -355764655.973582 NaN
14 37 -432507279.899869 NaN
15 37 -267266350.981977 NaN
16 38 -50982277.371949 NaN
17 38 -59650144.443790 NaN
18 39 -73993671.257240 NaN
19 39 -66044821.700978 NaN
20 40 -67035242.969781 NaN
21 40 -50323684.811645 NaN
22 41 -33497165.175574 NaN
23 41 -36985423.636119 NaN
24 42 -54897927.699722 NaN
25 42 -46223631.500960 NaN
26 43 -43336204.104136 NaN
27 43 -63950196.248108 NaN
28 43 -56272097.376941 NaN
29 44 -47765248.458225 NaN
30 44 -32557360.761559 18025
31 45 -26058314.431823 18128
32 45 -16667468.331651 18183
33 46 -10218213.002602 18141
34 46 -8773306.448687 18204
35 47 -8102451.540056 18190
36 47 -7814952.188961 18117
37 48 -7685990.981809 18141
38 48 -7482021.259150 18025
39 49 -7282841.458491 18110
40 49 -7213202.925299 18187
41 50 -7181375.061452 18183
42 50 -6450120.223100 18128
43 51 -5362671.344580 18162
44 51 -5227441.246347 18030
45 52 -5044285.878908 18204
46 52 -4524113.273374 18190
47 53 -4400926.665660 18141
48 53 -4255109.824107 18178
49 54 -4199791.915911 18025
50 54 -4185170.229871 18110
51 55 -4126890.329219 18117
52 55 -4076184.485376 18080
53 56 -4060798.516495 18187
54 56 -3969681.237965 18030
55 57 -3892083.259210 18059
56 57 -3778482.846686 18204
57 58 -3602457.443487 18183
58 58 -3400993.524420 18128
59 59 -3388353.392536 18190
60 59 -3320504.148035 18141
61 60 -3295060.683725 18178
62 60 -3234741.318543 18080
63 61 -3160955.598593 18110
64 61 -3145112.374439 18025
65 62 -3090436.184417 18117
66 62 -3040867.324873 18187
67 62 -3014138.435472 18059
68 63 -2995266.389552 18190
69 63 -2972529.365975 18030
70 64 -2928010.644807 18162
71 64 -2903075.348280 18141
72 65 -2884665.388449 18204
73 65 -2880812.317009 18178
74 66 -2828124.375750 18080
75 66 -2768874.059961 18025
76 67 -2763470.367518 18110
77 67 -2744153.276519 18117
78 68 -2697111.520116 18183
79 68 -2661860.494690 18128
80 69 -2658393.128013 18187
81 69 -2650183.711640 18080
82 70 -2642026.795407 18059
83 70 -2618492.309609 18190
84 71 -2611255.486324 18030
85 71 -2594636.540590 18025
86 72 -2589570.578925 18110
87 72 -2571460.806113 18117
88 73 -2559643.532958 18162
89 73 -2537825.148497 18141
