0 15 13263.000000 NaN
0 30 13263.000000 NaN
0 31 -7533.000000 NaN
1 32 -102634971.433441 NaN
2 34 -303585307.022367 NaN
3 35 -434198992.932255 NaN
4 37 -886097185.987357 NaN
5 38 -1071843007.167441 NaN
6 39 -1895401916.932779 NaN
7 41 -1972625514.338202 NaN
8 42 -2956253623.842851 NaN
9 44 -2818844228.451602 NaN
10 45 -4064806455.777442 NaN
11 46 -4278345838.365756 NaN
12 48 -2582746992.191304 NaN
13 49 -3280898464.816517 NaN
14 51 -3352280862.614264 NaN
15 52 -3538412048.033734 NaN
16 53 -2639657817.381663 NaN
17 55 -1722360951.011527 NaN
18 56 -816552504.241456 NaN
19 58 -660684297.398391 NaN
20 59 -466745341.498242 NaN
21 60 -365019062.920597 NaN
22 62 -392680687.247628 NaN
23 63 -345616014.996137 NaN
24 64 -395207358.473850 NaN
25 66 -394558099.807934 NaN
26 67 -399404520.706929 NaN
27 69 -402300589.547132 NaN
28 70 -392691497.460743 NaN
29 71 -405073167.115888 NaN
30 73 -279060169.796345 NaN
31 74 -191374401.882718 NaN
32 76 -128054004.356357 NaN
33 77 -176753811.684130 NaN
34 78 -149786429.827866 NaN
35 80 -126374702.282026 NaN
36 81 -152837816.637740 NaN
37 83 -137397035.693084 NaN
38 84 -148904639.601612 NaN
39 85 -159116123.812948 NaN
40 87 -165563337.834375 NaN
41 88 -162679981.205155 NaN
42 90 -167183608.525688 NaN
