0 15 14727.000000 NaN
0 30 14727.000000 NaN
0 31 -12570.000000 NaN
1 33 -80439389.119226 NaN
2 35 -297734482.928153 NaN
3 37 -351303487.411033 NaN
4 39 -745440183.408535 NaN
5 41 -932407506.954699 NaN
6 43 -1686155849.097747 NaN
7 44 -1616277523.969596 NaN
8 46 -2594860422.462182 NaN
9 48 -2451815623.570752 NaN
10 50 -2350720910.119977 NaN
11 52 -2925818295.148053 NaN
12 54 -3092067859.576336 NaN
13 55 -3701355333.253933 NaN
14 57 -3871230701.069518 NaN
15 59 -3580835538.172438 NaN
16 61 -3088296031.243392 NaN
17 63 -1735646062.682643 NaN
18 65 -741377997.221811 NaN
19 67 -584260087.450804 NaN
20 68 -228200135.948227 NaN
21 70 -310298437.410911 NaN
22 72 -191818529.666537 NaN
23 74 -234726292.752010 NaN
24 76 -216627777.668276 NaN
25 78 -269634327.275706 NaN
26 80 -260074026.517113 NaN
27 81 -252523213.601780 NaN
28 83 -221300191.467404 NaN
29 85 -193898506.457342 NaN
30 87 -105162372.008509 NaN
31 89 -50746933.664141 NaN
32 91 -63876907.191331 NaN
