0 15 10261.000000 NaN
0 30 10261.000000 NaN
0 30 2236.000000 NaN
1 31 -144493446.230800 NaN
2 31 -455761731.146725 NaN
3 32 -472524492.654726 NaN
4 33 -683474658.492259 NaN
5 33 -825779247.626483 NaN
6 34 -1223113480.579451 NaN
7 34 -1097872313.143872 NaN
8 35 -1480604895.865350 NaN
9 36 -1090801973.297898 NaN
10 36 -1144507503.579611 NaN
11 37 -773589328.146030 NaN
12 37 -819034194.510489 NaN
13 38 -406794189.864989 NaN
14 39 -562901625.883089 NaN
15 39 -322840639.891647 NaN
16 40 -74019925.982603 NaN
17 40 -71750413.792979 NaN
18 41 -90095147.747779 NaN
19 42 -104711283.701262 NaN
20 42 -55043130.065759 NaN
21 43 -50820248.504243 NaN
22 43 -39496096.680288 NaN
23 44 -47869039.727215 NaN
24 45 -69228595.843086 NaN
25 45 -76741364.688410 NaN
26 46 -57796947.968528 NaN
27 46 -42252359.318897 NaN
28 47 -31603861.853287 NaN
29 48 -38688588.263234 NaN
30 48 -26517969.784731 20914
31 49 -21598573.519480 20923
32 49 -16805775.106592 20864
33 50 -10969537.630969 20993
34 51 -9687304.465877 20947
35 51 -7385904.868794 20915
36 52 -6193279.396313 20954
37 52 -6100447.599415 20923
38 53 -5603958.819661 20993
39 54 -4866317.135000 20864
40 54 -4374051.039339 20947
41 55 -4241306.370677 20915
42 56 -4104799.167271 21010
43 56 -3814498.963375 20965
44 57 -3594544.836141 20962
45 57 -3462349.729748 20923
46 58 -3440804.956415 20954
47 59 -3148943.601640 20993
48 59 -2986625.043417 20864
49 60 -2879308.250719 20962
50 60 -2783448.620608 20923
51 61 -2727414.115041 20947
52 62 -2684494.162521 20954
53 62 -2550571.055659 20965
54 63 -2528563.581673 20993
55 64 -2396888.322318 20864
56 64 -2385554.855257 20915
57 65 -2274263.837539 21010
58 65 -2155508.051296 20962
59 66 -2129289.111235 20923
60 67 -2067000.919162 20947
61 67 -2027739.479040 20954
62 68 -1957831.793465 20965
63 68 -1938892.806559 20993
64 69 -1871715.649976 20923
65 70 -1859224.557057 20915
66 70 -1847492.271209 20864
67 71 -1822108.233386 21010
68 72 -1805887.404268 20947
69 72 -1791732.238569 20954
70 73 -1715703.395279 20993
71 73 -1710364.419283 20965
72 74 -1662956.502908 20962
73 75 -1652809.577127 20923
74 75 -1624083.087425 20915
75 76 -1613817.337308 20864
76 76 -1601781.576221 21003
77 77 -1596268.587446 21010
78 78 -1578090.164800 20947
79 78 -1565027.308748 20954
80 79 -1521208.694460 20915
81 80 -1514487.114835 20993
82 80 -1512974.306593 21003
83 81 -1511584.553725 20864
84 81 -1495132.600730 21010
85 82 -1493830.466872 20965
86 83 -1478090.329499 20947
87 83 -1465843.901951 20954
88 84 -1455723.916411 20962
89 84 -1443469.979986 20923
