0 15 14649.000000 NaN
0 30 14649.000000 NaN
0 32 -16917.000000 NaN
1 34 -76966593.829977 NaN
2 36 -316482822.619384 NaN
3 39 -377301671.029168 NaN
4 41 -703065827.827877 NaN
5 43 -878605658.154681 NaN
6 45 -1641038694.551849 NaN
7 48 -1680163309.902541 NaN
8 50 -2533356360.972433 NaN
9 52 -2461993320.177920 NaN
10 54 -3287922105.597516 NaN
11 56 -2796490754.258193 NaN
12 59 -3146883994.479420 NaN
13 61 -3622850279.159471 NaN
14 63 -1943115905.495515 NaN
15 65 -1680590724.413915 NaN
16 68 -1533094880.352718 NaN
17 70 -491310975.690840 NaN
18 72 -388474529.195801 NaN
19 74 -174607647.666335 NaN
20 77 -224534930.302385 NaN
21 79 -113048153.273622 NaN
22 81 -155698827.127908 NaN
23 83 -185324249.192094 NaN
24 85 -173904135.049816 NaN
25 88 -198004187.076979 NaN
26 90 -205264137.696549 NaN
