0 15 25258.000000 NaN
0 30 25258.000000 NaN
0 31 4568.000000 NaN
1 33 -98173889.441764 NaN
2 34 -311498670.340073 NaN
3 35 -410389299.111558 NaN
4 37 -823350643.219281 NaN
5 38 -673354389.883160 NaN
6 40 -879478926.805538 NaN
7 41 -471103033.925589 NaN
8 42 -541475986.586735 NaN
9 44 -442375545.543910 NaN
10 45 -442989117.744515 NaN
11 47 -419344249.304142 NaN
12 48 -335559774.064228 NaN
13 50 -266694375.037260 NaN
14 51 -221423800.175696 NaN
15 52 -136969848.076092 NaN
16 54 -34176002.076016 NaN
17 55 -36202474.034827 NaN
18 57 -28697680.441121 NaN
19 58 -47743988.250626 NaN
20 60 -63822836.285676 NaN
21 61 -73140667.836596 NaN
22 62 -45753550.534920 NaN
23 64 -38651833.633035 NaN
24 65 -41933522.657038 NaN
25 67 -31775338.961985 NaN
26 68 -29112950.380744 NaN
27 70 -27134202.700269 NaN
28 71 -41235621.443692 NaN
29 73 -52701800.051323 NaN
30 74 -35852175.593835 43125
31 75 -25646102.357206 43125
32 77 -18286355.745734 43125
33 78 -12653659.797046 43125
34 80 -8290514.977126 43247
35 81 -6261592.383269 43125
36 83 -3791590.313803 43247
37 84 -1901084.317932 43247
38 86 -1574388.025699 43125
39 87 -1420651.818356 43247
40 89 -939201.319505 43213
41 90 -881161.517726 43231
