0 16 27388.000000 NaN
0 31 27388.000000 NaN
0 32 -1981.000000 NaN
1 34 -62289061.514030 NaN
2 36 -255603657.179753 NaN
3 38 -320692552.524121 NaN
4 40 -671179406.999656 NaN
5 41 -467780274.070591 NaN
6 43 -573948178.715788 NaN
7 45 -357483059.506002 NaN
8 47 -459400280.285829 NaN
9 49 -437103174.477666 NaN
10 51 -329653396.437101 NaN
11 52 -306234300.596052 NaN
12 54 -377327156.556104 NaN
13 56 -275456487.298930 NaN
14 58 -217016105.123853 NaN
15 60 -127126069.795231 NaN
16 61 -59524856.458304 NaN
17 63 -38737928.193772 42292
18 65 -26845342.519162 42292
19 67 -21512488.722059 42292
20 69 -13271998.883774 42295
21 71 -10154189.343296 42292
22 73 -9861861.794829 42355
23 75 -9116815.050020 42429
24 77 -8973424.717388 42488
25 78 -8885885.508095 42543
26 80 -8429110.935700 42503
27 82 -8215430.964399 42506
28 84 -7957156.476292 42448
29 86 -7667175.429708 42421
30 88 -7645312.886278 42361
31 90 -7564403.206154 42552
