0 15 26956.000000 NaN
0 30 26956.000000 NaN
0 32 -8365.000000 NaN
1 34 -70976545.725550 NaN
2 37 -290920965.890191 NaN
3 39 -335803318.263225 NaN
4 42 -756190057.659394 NaN
5 44 -553109725.075742 NaN
6 46 -748279139.699327 NaN
7 49 -347957113.703922 NaN
8 51 -567063419.230574 NaN
9 53 -679865753.545119 NaN
10 56 -279629646.503225 NaN
11 58 -496514924.786598 NaN
12 60 -511700563.515485 NaN
13 63 -205657455.306913 NaN
14 65 -253578499.782941 NaN
15 67 -232679740.866169 NaN
16 70 -102205258.997124 NaN
17 72 -43324115.097477 NaN
18 75 -51545335.944397 NaN
19 77 -68521775.226981 NaN
20 79 -68835125.528728 NaN
21 82 -52810949.632319 NaN
22 84 -63254006.038635 NaN
23 86 -47493013.434238 NaN
24 89 -39045601.767413 NaN
25 91 -47840396.653235 NaN
