0 15 637.000000 NaN
0 17 637.000000 1177
0 17 -1101.000000 NaN
1 17 225.086498 NaN
2 17 526.154897 NaN
3 17 505.811147 NaN
4 17 379.507512 NaN
5 17 294.407028 NaN
6 17 103.783642 NaN
7 17 50.571400 NaN
8 17 -174.800624 NaN
9 17 -247.828278 NaN
10 17 -416.308298 NaN
11 17 -465.790375 NaN
12 17 -710.130673 NaN
13 17 -773.872294 NaN
14 17 -980.844856 NaN
15 17 156.274412 NaN
16 17 547.368768 NaN
17 17 662.648075 NaN
18 17 750.538663 NaN
19 17 818.501851 NaN
20 17 859.835196 NaN
21 17 895.302192 NaN
22 17 893.295254 NaN
23 17 889.790618 NaN
24 17 920.645640 NaN
25 17 917.676095 NaN
26 17 926.944622 NaN
27 17 935.152364 NaN
28 17 926.800527 NaN
29 17 939.296819 NaN
30 17 936.143940 NaN
31 17 936.238050 NaN
32 17 934.816407 NaN
33 17 939.627507 NaN
34 17 937.705320 NaN
35 18 940.924487 NaN
36 18 948.365939 NaN
37 18 943.476595 NaN
38 18 949.338856 NaN
39 18 952.481588 NaN
40 18 951.553721 NaN
41 18 954.828101 NaN
42 18 952.210960 NaN
43 18 947.015325 NaN
44 18 947.962005 NaN
45 18 957.611746 NaN
46 18 954.451949 NaN
47 18 954.582286 NaN
48 18 946.049729 NaN
49 18 956.132332 NaN
50 18 950.093636 NaN
51 18 962.227445 NaN
52 18 960.701140 NaN
53 18 955.484048 NaN
54 18 963.624265 NaN
55 18 960.947979 NaN
56 18 968.092567 NaN
57 18 960.158527 NaN
58 18 953.516463 NaN
59 18 952.896318 NaN
60 18 951.495559 NaN
61 18 955.489857 NaN
62 18 953.916901 NaN
63 18 960.520047 NaN
64 18 960.678776 NaN
65 18 951.897441 NaN
66 18 954.142529 NaN
67 18 954.744911 NaN
68 18 953.967375 NaN
69 18 954.638476 NaN
70 18 953.280527 NaN
71 18 957.917873 NaN
72 19 1035.692598 NaN
73 19 1040.062964 NaN
74 19 1045.784552 NaN
75 19 1044.295883 NaN
76 19 1045.699069 NaN
77 19 1043.677648 NaN
78 19 1046.036004 NaN
79 19 1047.491475 NaN
80 19 1046.407360 NaN
81 19 1048.441899 NaN
82 19 1045.136845 NaN
83 19 1048.385022 NaN
84 19 1046.092219 NaN
85 19 1046.423745 NaN
86 19 1046.902614 NaN
87 19 1049.491059 NaN
88 19 1044.219626 NaN
89 19 1046.818013 NaN
90 19 1045.447763 NaN
91 19 1045.052031 NaN
92 19 1045.995723 NaN
93 19 1045.532784 NaN
94 19 1045.068869 NaN
95 19 1045.965188 NaN
96 19 1045.881392 NaN
97 19 1046.336098 NaN
98 19 1044.501110 NaN
99 19 1045.820835 NaN
100 19 1045.682508 NaN
101 19 1045.041164 NaN
102 19 1046.324944 NaN
103 19 1072.749378 NaN
104 19 1068.363838 NaN
105 19 1072.757533 NaN
106 19 1073.483691 NaN
107 19 1072.097162 NaN
108 19 1073.158118 NaN
109 20 1071.614756 NaN
110 20 1072.916962 NaN
111 20 1072.523022 NaN
112 20 1073.137773 NaN
113 20 1073.078808 NaN
114 20 1072.713709 NaN
115 20 1072.496369 NaN
116 20 1072.665948 NaN
117 20 1072.532190 NaN
118 20 1072.636554 NaN
119 20 1072.554235 NaN
120 20 1072.618464 NaN
121 20 1072.567803 NaN
122 20 1083.677471 NaN
123 20 1081.646703 NaN
124 20 1084.368545 NaN
125 20 1082.667472 NaN
126 20 1084.006754 NaN
127 20 1082.991995 NaN
128 20 1083.892151 NaN
129 20 1083.103525 NaN
130 20 1083.794028 NaN
131 20 1083.189383 NaN
132 20 1083.719000 NaN
133 20 1083.255032 NaN
134 20 1083.662076 NaN
135 20 1083.304841 NaN
136 20 1083.618246 NaN
137 20 1083.343192 NaN
138 20 1083.584500 NaN
139 20 1083.372720 NaN
140 20 1088.613004 NaN
141 20 1087.359794 NaN
142 20 1088.917737 NaN
143 20 1087.822129 NaN
144 20 1088.623928 NaN
145 20 1088.021339 NaN
146 21 1088.600837 NaN
147 21 1088.057056 NaN
148 21 1088.464327 NaN
149 21 1088.149768 NaN
150 21 1088.437793 NaN
151 21 1088.268886 NaN
152 21 1088.492250 NaN
153 21 1088.237074 NaN
154 21 1088.410349 NaN
155 21 1088.338746 NaN
156 21 1088.473075 NaN
157 21 1088.351276 NaN
