0 0 2243.000000 2350
0 0 2243.000000 2350
0 0 2247.000000 2350
1 0 2217.500000 2441
2 0 2272.500000 2350
3 0 2232.000000 2367
4 0 2191.000000 2350
5 0 2058.333333 2367
6 0 2075.222222 2350
7 0 1915.222222 2367
8 0 1968.555556 2350
9 0 1775.740741 2441
10 0 2301.185185 2350
11 0 2205.246914 2367
12 0 2173.164609 2350
13 0 2034.552812 2367
14 0 2059.368541 2350
15 0 1896.824722 2441
16 0 2317.000000 2350
17 0 2140.000000 2441
18 0 2317.000000 2350
19 0 2140.000000 2441
20 0 2317.000000 2350
21 0 2140.000000 2441
22 0 2317.000000 2350
23 0 2140.000000 2441
24 0 2317.000000 2350
25 0 2140.000000 2441
26 0 2317.000000 2350
27 0 2140.000000 2441
28 0 2317.000000 2350
29 0 2140.000000 2441
30 0 2317.000000 2350
31 0 2140.000000 2441
32 0 2317.000000 2350
33 0 2290.500000 2441
34 0 2317.000000 2350
35 0 2290.500000 2441
36 0 2317.000000 2350
37 0 2290.500000 2441
38 0 2317.000000 2350
39 0 2290.500000 2441
40 0 2317.000000 2350
41 0 2290.500000 2441
42 0 2317.000000 2350
43 0 2290.500000 2441
44 0 2317.000000 2350
45 0 2290.500000 2441
46 0 2317.000000 2350
47 0 2350.000000 2350
