../../outputs/1/type1/z50-200-199.out 15 15 15
../../outputs/1/type1/z50-200-398.out 15 15 15
../../outputs/1/type1/z50-200-597.out 15 15 15
../../outputs/1/type1/z50-200-995.out 16 0 15
../../outputs/1/type1/z100-300-448.out 16 16 15
../../outputs/1/type1/z100-300-897.out 17 0 15
../../outputs/1/type1/z100-500-1247.out 28 28 27
../../outputs/1/type1/z100-500-2495.out 31 0 15
../../outputs/1/type1/z100-500-3741.out 38 0 15
../../outputs/1/type1/z200-600-1797.out 29 0 15
../../outputs/1/type1/z200-800-3196.out 42 0 15
../../outputs/1/type2/z50-200-3903.out 21 17 20
../../outputs/1/type2/z50-200-4877.out 0 0 0
../../outputs/1/type2/z50-200-5864.out 0 0 0
../../outputs/1/type2/z100-300-8609.out 2 2 2
../../outputs/1/type2/z100-300-10686.out 0 0 0
../../outputs/1/type2/z100-300-12761.out 2 2 2
../../outputs/1/type2/z100-500-24740.out 85 0 15
../../outputs/1/type2/z100-500-30886.out 44 0 15
../../outputs/1/type2/z100-500-36827.out 16 15 16
../../outputs/1/type2/z200-400-13660.out 30 15 30
../../outputs/1/type2/z200-400-17089.out 30 15 30
../../outputs/1/type2/z200-400-20469.out 30 30 30
../../outputs/1/type2/z200-600-34504.out 59 39 15
../../outputs/1/type2/z200-600-42860.out 73 44 15
../../outputs/1/type2/z200-600-50984.out 84 49 15
../../outputs/1/type2/z200-800-62625.out 90 0 15
../../outputs/1/type2/z200-800-78387.out 91 0 15
../../outputs/1/type2/z200-800-93978.out 90 0 15
../../outputs/1/type2/z300-600-31000.out 32 15 32
../../outputs/1/type2/z300-600-38216.out 35 15 35
../../outputs/1/type2/z300-600-45310.out 31 16 16
../../outputs/1/type2/z300-800-59600.out 90 74 15
../../outputs/1/type2/z300-800-74500.out 90 63 16
../../outputs/1/type2/z300-800-89300.out 91 0 15
../../outputs/1/type2/z300-1000-96590.out 93 0 15
../../outputs/1/type2/z300-1000-120500.out 94 0 15
../../outputs/1/type2/z300-1000-144090.out 94 0 15
